
================== ASTRAL ===================== 

This is ASTRAL version 5.7.8
Gene trees are treated as unrooted
100 trees read from 100_ml_tres.nwk
index0
All output trees will be *arbitrarily* rooted at Pitheciidae

======== Running the main analysis
Number of taxa: 51 (51 species)
Taxa: [Pitheciidae, Scandentia, Erethizontidae, Capromyidae, Muridae, Castoridae, Suidae, Hippopotamidae, Hyperoodontidae, Vespertilionidae, Furipteridae, Rhinolophidae, Viverridae, Procyonidae, Myrmecophagidae, Caluromyidae, Thylacomyidae, Phalangeridae, Tityridae, Ptilonorhynchidae, Callaeatidae, Certhiidae, Cinclidae, Ploceidae, Thraupidae, Alaudidae, Monarchidae, Malaconotidae, Coraciiformes, Crocodylidae, Carettochelyidae, Kinosternidae, Anomalepididae, Loxocemidae, Natricidae, Xenosauridae, Teiidae, Eublepharidae, Dicamptodontidae, Alytidae, Heleophrynidae, Leptodactylidae, Strabomantidae, Micrixalidae, Hemisotidae, Asterophryidae, Caeciliidae2, Polypteriformes, Channichthyidae, Pseudaphritidae, Carcharhinidae]
Taxon occupancy: {Castoridae=100, Procyonidae=100, Certhiidae=100, Coraciiformes=100, Hippopotamidae=100, Rhinolophidae=100, Channichthyidae=100, Vespertilionidae=100, Furipteridae=100, Ploceidae=100, Heleophrynidae=100, Callaeatidae=100, Crocodylidae=100, Eublepharidae=100, Pseudaphritidae=100, Teiidae=100, Strabomantidae=100, Leptodactylidae=100, Loxocemidae=100, Ptilonorhynchidae=100, Polypteriformes=100, Kinosternidae=100, Phalangeridae=100, Tityridae=100, Natricidae=100, Suidae=100, Micrixalidae=100, Capromyidae=100, Asterophryidae=100, Hemisotidae=100, Pitheciidae=100, Myrmecophagidae=100, Scandentia=100, Malaconotidae=100, Cinclidae=100, Erethizontidae=100, Viverridae=100, Hyperoodontidae=100, Thylacomyidae=100, Carettochelyidae=100, Dicamptodontidae=100, Alaudidae=100, Xenosauridae=100, Caluromyidae=100, Thraupidae=100, Muridae=100, Monarchidae=100, Anomalepididae=100, Alytidae=100, Carcharhinidae=100, Caeciliidae2=100}
Number of gene trees: 100
0 trees have missing taxa
Calculating quartet distance matrix (for completion of X)
Species tree distances calculated ...
Building set of clusters (X) from gene trees 
------------------------------
gradient0: 525
Number of Clusters after addition by distance: 525
calculating extra bipartitions to be added at level 1 ...
Adding to X using resolutions of greedy consensus ...
Limit for sigma of degrees:1325
polytomy size limit : 3
discarded polytomies:  []
Threshold 0.0:
Threshold 0.01:
Threshold 0.02:
Threshold 0.05:
Threshold 0.1:
Threshold 0.2:
Threshold 0.3333333333333333:
max k is :0
Number of Clusters after addition by greedy: 525
gradient0 in heuristiic: 525
partitions formed in 0.522 secs
Dynamic Programming starting after 0.522 secs
Using tree-based weight calculation.
Using polytree-based weight calculation.
Polytree max score: 24990000
Polytree building time: 0.095 seconds.
Number of quartet trees in the gene trees: 24990000
Size of largest cluster: 51
Greedy score: 24634063
estimationFactor: 1.0144489766060922
Sub-optimal score: 24634063
Total Number of elements weighted: 482
Normalized score (portion of input quartet trees satisfied before correcting for multiple individuals): 0.9857568227290916
Optimization score: 24634063
Optimal tree inferred in 0.838 secs.
(Cinclidae,(Certhiidae,((Ploceidae,Thraupidae),(Alaudidae,((Callaeatidae,(Monarchidae,Malaconotidae)),(Ptilonorhynchidae,(Tityridae,(Coraciiformes,(Crocodylidae,((Carettochelyidae,Kinosternidae),((Eublepharidae,(Teiidae,(Xenosauridae,(Anomalepididae,(Loxocemidae,Natricidae))))),(((Carcharhinidae,(Polypteriformes,(Channichthyidae,Pseudaphritidae))),(Caeciliidae2,(Dicamptodontidae,(Alytidae,(Heleophrynidae,((Leptodactylidae,Strabomantidae),(Micrixalidae,(Hemisotidae,Asterophryidae)))))))),((Caluromyidae,(Thylacomyidae,Phalangeridae)),(Myrmecophagidae,(((Pitheciidae,Scandentia),((Muridae,Castoridae),(Erethizontidae,Capromyidae))),((Suidae,(Hippopotamidae,Hyperoodontidae)),((Viverridae,Procyonidae),(Rhinolophidae,(Vespertilionidae,Furipteridae)))))))))))))))))));
Final quartet score is: 24634063
Final normalized quartet score is: 0.9857568227290916
Extended species tree:
(Pitheciidae,(Scandentia,(((Muridae,Castoridae)1:1.1128270183077353,(Erethizontidae,Capromyidae)1:4.209655408733094)1:2.130908552735938,(((Suidae,(Hippopotamidae,Hyperoodontidae)1:3.1110431200649846)1:3.8041903006249296,((Viverridae,Procyonidae)1:3.133022026783758,(Rhinolophidae,(Vespertilionidae,Furipteridae)1:2.2637452596777825)1:4.209655408733094)0.99:0.22024079165624824)1:3.225790228275715,(Myrmecophagidae,((Caluromyidae,(Thylacomyidae,Phalangeridae)1:1.6463099008535327)1:4.179802445583416,(((Carcharhinidae,(Polypteriformes,(Channichthyidae,Pseudaphritidae)1:4.209655408733094)1:1.2474579162656751)1:1.7819071727850442,(Caeciliidae2,(Dicamptodontidae,(Alytidae,(Heleophrynidae,((Leptodactylidae,Strabomantidae)1:4.209655408733094,(Micrixalidae,(Hemisotidae,Asterophryidae)1:0.33932283035915833)1:4.167095794314298)1:0.6249026638280564)1:4.165203646162264)1:2.4025110206655595)1:2.375170994838697)1:3.112140212879356)1:2.1302138670532598,((Eublepharidae,(Teiidae,(Xenosauridae,(Anomalepididae,(Loxocemidae,Natricidae)1:4.189036121530361)1:1.497358916749434)1:1.6920758199981072)1:1.8582801515696175)1:4.177906710418514,((Carettochelyidae,Kinosternidae)1:3.1110431200649846,(Crocodylidae,(Coraciiformes,(Tityridae,(Ptilonorhynchidae,((Callaeatidae,(Monarchidae,Malaconotidae)1:3.205659096439837)1:0.495743070942875,(Alaudidae,((Ploceidae,Thraupidae)1:2.7079448769670886,(Certhiidae,Cinclidae)1:0.49764137921750196)1:0.8870072852781089)1:3.0655807459882283)1:2.405016276641377)1:2.8294772746306425)1:2.8233610476132034)1:4.209655408733094)1:1.1186129553747794)1:3.559067842591941)1:4.135547436579365)1:3.8301657870281893)1:3.6274156047911448)1:1.0806232508320364)1:2.261816618771378)1:0.6903458274879503));
Weight calculation took 0.065563659 secs
ASTRAL finished in 1.228 secs
