IQ-TREE multicore version 1.6.12 for Mac OS X 64-bit built Aug 15 2019
Developed by Bui Quang Minh, Nguyen Lam Tung, Olga Chernomor,
Heiko Schmidt, Dominik Schrempf, Michael Woodhams.

Host:    lamarck (SSE4.2, 64 GB RAM)
Command: /Users/barba/Desktop/rggs-copmarative_genomics_2_course/session_14/phylogenetic_analysis_tutorial/iqtree_gene_trees/iqtree -s /Users/barba/Desktop/rggs-copmarative_genomics_2_course/session_14/phylogenetic_analysis_tutorial/iqtree_gene_trees/448_346_ar_51t.fas -o Carcharhinidae -m MFP -nt 5
Seed:    969569 (Using SPRNG - Scalable Parallel Random Number Generator)
Time:    Wed Dec  4 19:07:20 2024
Kernel:  SSE2 - 5 threads (16 CPU cores detected)

Reading alignment file /Users/barba/Desktop/rggs-copmarative_genomics_2_course/session_14/phylogenetic_analysis_tutorial/iqtree_gene_trees/448_346_ar_51t.fas ... Fasta format detected
Alignment most likely contains DNA/RNA sequences
Alignment has 51 sequences with 1704 columns, 1704 distinct patterns
1704 parsimony-informative, 0 singleton sites, 0 constant sites
                   Gap/Ambiguity  Composition  p-value
   1  Pitheciidae          0.00%    passed     16.53%
   2  Scandentia           0.00%    passed     50.41%
   3  Erethizontidae       0.00%    passed     17.46%
   4  Capromyidae          0.00%    passed     35.58%
   5  Muridae              0.00%    passed     85.80%
   6  Castoridae           0.00%    passed     97.05%
   7  Suidae               0.00%    passed     99.81%
   8  Hippopotamidae       0.00%    passed     82.64%
   9  Hyperoodontidae      0.00%    passed     97.27%
  10  Vespertilionidae     0.00%    passed     79.88%
  11  Furipteridae         0.00%    passed     13.12%
  12  Rhinolophidae        0.00%    passed     88.11%
  13  Viverridae           0.00%    passed     76.23%
  14  Procyonidae          0.00%    passed     37.02%
  15  Myrmecophagidae      0.00%    passed      7.18%
  16  Caluromyidae         0.00%    passed     73.49%
  17  Thylacomyidae        0.00%    passed     61.47%
  18  Phalangeridae        0.00%    passed     25.04%
  19  Tityridae            0.00%    passed     47.38%
  20  Ptilonorhynchidae    0.00%    passed     59.00%
  21  Callaeatidae         0.00%    passed     58.59%
  22  Monarchidae          0.00%    passed     89.92%
  23  Malaconotidae        0.00%    passed     44.15%
  24  Certhiidae           0.00%    passed     27.33%
  25  Cinclidae            0.00%    passed     61.04%
  26  Ploceidae            0.00%    passed     80.34%
  27  Thraupidae           0.00%    passed     87.11%
  28  Alaudidae            0.00%    passed     49.60%
  29  Coraciiformes        0.00%    passed     71.22%
  30  Crocodylidae         0.00%    passed     80.73%
  31  Carettochelyidae     0.00%    passed     29.03%
  32  Kinosternidae        0.00%    passed     74.33%
  33  Anomalepididae       0.00%    passed     59.46%
  34  Loxocemidae          0.00%    passed     16.31%
  35  Natricidae           0.00%    passed     65.04%
  36  Xenosauridae         0.00%    passed     57.19%
  37  Teiidae              0.00%    passed     51.95%
  38  Eublepharidae        0.00%    passed     80.10%
  39  Dicamptodontidae     0.00%    passed     98.48%
  40  Alytidae             0.00%    passed     25.90%
  41  Heleophrynidae       0.00%    passed     56.68%
  42  Leptodactylidae      0.00%    passed     60.55%
  43  Strabomantidae       0.00%    passed     51.16%
  44  Micrixalidae         0.00%    passed     17.23%
  45  Hemisotidae          0.00%    passed     32.36%
  46  Asterophryidae       0.00%    passed      8.16%
  47  Caeciliidae2         0.00%    passed     27.70%
  48  Polypteriformes      0.00%    passed     52.76%
  49  Channichthyidae      0.00%    passed     67.84%
  50  Pseudaphritidae      0.00%    passed     39.57%
  51  Carcharhinidae       0.00%    passed     14.69%
****  TOTAL                0.00%  0 sequences failed composition chi2 test (p-value<5%; df=3)


Create initial parsimony tree by phylogenetic likelihood library (PLL)... 0.004 seconds
NOTE: ModelFinder requires 28 MB RAM!
ModelFinder will test 484 DNA models (sample size: 1704) ...
 No. Model         -LnL         df  AIC          AICc         BIC
  1  JC            93277.028    99  186752.056   186764.400   187290.688
  2  JC+ASC        93276.980    99  186751.959   186764.304   187290.592
  3  JC+G4         93277.709    100 186755.418   186768.019   187299.491
  4  JC+ASC+G4     93277.705    100 186755.409   186768.010   187299.482
  5  JC+R2         93277.104    101 186756.208   186769.069   187305.722
  6  JC+R3         93277.085    103 186760.171   186773.561   187320.566
 14  JC+ASC+R2     93276.989    101 186755.978   186768.839   187305.492
 15  JC+ASC+R3     93276.989    103 186759.977   186773.367   187320.373
 23  F81+F         93266.500    102 186737.000   186750.125   187291.955
 24  F81+F+ASC     93266.489    102 186736.978   186750.102   187291.932
 25  F81+F+G4      93267.259    103 186740.518   186753.908   187300.913
 26  F81+F+ASC+G4  93267.258    103 186740.515   186753.905   187300.911
 27  F81+F+R2      93266.500    104 186741.001   186754.659   187306.837
 28  F81+F+R3      93266.497    106 186744.994   186759.198   187321.712
 36  F81+F+ASC+R2  93266.500    104 186741.000   186754.659   187306.836
 37  F81+F+ASC+R3  93266.497    106 186744.994   186759.198   187321.711
 45  K2P           89423.510    100 179047.019   179059.621   179591.093
 46  K2P+ASC       89423.506    100 179047.011   179059.613   179591.085
 47  K2P+G4        89423.496    101 179048.991   179061.853   179598.506
 48  K2P+ASC+G4    89423.496    101 179048.991   179061.853   179598.505
 49  K2P+R2        89423.504    102 179051.008   179064.132   179605.963
 50  K2P+R3        89423.504    104 179055.008   179068.666   179620.844
 58  K2P+ASC+R2    89423.504    102 179051.008   179064.132   179605.963
 59  K2P+ASC+R3    89423.504    104 179055.008   179068.666   179620.844
 67  HKY+F         89363.670    103 178933.340   178946.730   179493.736
 68  HKY+F+ASC     89363.668    103 178933.336   178946.726   179493.732
 69  HKY+F+G4      89363.660    104 178935.321   178948.979   179501.157
 70  HKY+F+ASC+G4  89363.660    104 178935.320   178948.979   179501.157
 71  HKY+F+R2      89363.667    105 178937.334   178951.264   179508.611
 72  HKY+F+R3      89363.667    107 178941.334   178955.815   179523.492
 80  HKY+F+ASC+R2  89363.667    105 178937.334   178951.264   179508.611
 81  HKY+F+ASC+R3  89363.667    107 178941.334   178955.815   179523.492
 89  TNe           89423.377    101 179048.754   179061.615   179598.268
 90  TNe+ASC       89423.374    101 179048.747   179061.609   179598.262
 91  TNe+G4        89423.364    102 179050.729   179063.853   179605.683
 92  TNe+ASC+G4    89423.364    102 179050.728   179063.853   179605.683
 93  TNe+R2        89423.373    103 179052.745   179066.135   179613.141
 94  TNe+R3        89423.372    105 179056.745   179070.674   179628.022
102  TNe+ASC+R2    89423.372    103 179052.745   179066.135   179613.140
103  TNe+ASC+R3    89423.372    105 179056.745   179070.674   179628.022
111  TN+F          89363.376    104 178934.753   178948.411   179500.589
112  TN+F+ASC      89363.375    104 178934.750   178948.408   179500.586
113  TN+F+G4       89363.366    105 178936.732   178950.662   179508.009
114  TN+F+ASC+G4   89363.366    105 178936.732   178950.662   179508.009
115  TN+F+R2       89363.374    106 178938.748   178952.952   179515.465
116  TN+F+R3       89363.373    108 178942.747   178957.508   179530.346
124  TN+F+ASC+R2   89363.374    106 178938.747   178952.952   179515.465
125  TN+F+ASC+R3   89363.373    108 178942.747   178957.508   179530.346
133  K3P           89422.079    101 179046.159   179059.020   179595.673
134  K3P+ASC       89422.076    101 179046.152   179059.013   179595.666
135  K3P+G4        89422.063    102 179048.126   179061.251   179603.081
136  K3P+ASC+G4    89422.063    102 179048.125   179061.250   179603.080
137  K3P+R2        89422.073    103 179050.146   179063.536   179610.542
138  K3P+R3        89422.072    105 179054.145   179068.075   179625.422
146  K3P+ASC+R2    89422.072    103 179050.145   179063.535   179610.540
147  K3P+ASC+R3    89422.072    105 179054.144   179068.074   179625.421
155  K3Pu+F        89363.107    104 178934.214   178947.873   179500.051
156  K3Pu+F+ASC    89363.099    104 178934.199   178947.857   179500.035
157  K3Pu+F+G4     89363.093    105 178936.185   178950.115   179507.462
158  K3Pu+F+ASC+G4 89363.091    105 178936.182   178950.112   179507.459
159  K3Pu+F+R2     89363.095    106 178938.191   178952.395   179514.909
160  K3Pu+F+R3     89363.095    108 178942.190   178956.951   179529.789
168  K3Pu+F+ASC+R2 89363.094    106 178938.189   178952.393   179514.907
169  K3Pu+F+ASC+R3 89363.094    108 178942.188   178956.949   179529.787
177  TPM2+F        89363.280    104 178934.559   178948.218   179500.396
178  TPM2+F+ASC    89363.278    104 178934.556   178948.214   179500.392
179  TPM2+F+G4     89363.268    105 178936.536   178950.466   179507.813
180  TPM2+F+ASC+G4 89363.267    105 178936.535   178950.465   179507.812
181  TPM2+F+R2     89363.275    106 178938.549   178952.753   179515.267
182  TPM2+F+R3     89363.274    108 178942.547   178957.308   179530.146
190  TPM2+F+ASC+R2 89363.273    106 178938.547   178952.751   179515.264
191  TPM2+F+ASC+R3 89363.273    108 178942.545   178957.306   179530.145
199  TPM2u+F       89363.274    104 178934.548   178948.206   179500.384
200  TPM2u+F+ASC   89363.274    104 178934.547   178948.206   179500.384
201  TPM2u+F+G4    89363.266    105 178936.532   178950.462   179507.809
202  TPM2u+F+ASC+G4 89363.266    105 178936.532   178950.462   179507.809
203  TPM2u+F+R2    89363.272    106 178938.544   178952.749   179515.262
204  TPM2u+F+R3    89363.271    108 178942.543   178957.304   179530.142
212  TPM2u+F+ASC+R2 89363.272    106 178938.544   178952.748   179515.261
213  TPM2u+F+ASC+R3 89363.271    108 178942.543   178957.304   179530.142
221  TPM3+F        89363.667    104 178935.335   178948.994   179501.171
222  TPM3+F+ASC    89363.667    104 178935.334   178948.992   179501.170
223  TPM3+F+G4     89363.660    105 178937.320   178951.249   179508.597
224  TPM3+F+ASC+G4 89363.660    105 178937.319   178951.249   179508.596
225  TPM3+F+R2     89363.666    106 178939.331   178953.535   179516.049
226  TPM3+F+R3     89363.665    108 178943.330   178958.091   179530.929
234  TPM3+F+ASC+R2 89363.665    106 178939.331   178953.535   179516.049
235  TPM3+F+ASC+R3 89363.665    108 178943.330   178958.091   179530.929
243  TPM3u+F       89363.667    104 178935.334   178948.992   179501.170
244  TPM3u+F+ASC   89363.667    104 178935.334   178948.992   179501.170
245  TPM3u+F+G4    89363.660    105 178937.319   178951.249   179508.596
246  TPM3u+F+ASC+G4 89363.660    105 178937.319   178951.249   179508.596
247  TPM3u+F+R2    89363.665    106 178939.331   178953.535   179516.049
248  TPM3u+F+R3    89363.665    108 178943.330   178958.091   179530.929
256  TPM3u+F+ASC+R2 89363.665    106 178939.331   178953.535   179516.049
257  TPM3u+F+ASC+R3 89363.665    108 178943.330   178958.091   179530.929
265  TIMe          89421.945    102 179047.890   179061.014   179602.845
266  TIMe+ASC      89421.942    102 179047.884   179061.008   179602.839
267  TIMe+G4       89421.929    103 179049.859   179063.249   179610.255
268  TIMe+ASC+G4   89421.929    103 179049.858   179063.248   179610.254
269  TIMe+R2       89421.939    104 179051.879   179065.537   179617.715
270  TIMe+R3       89421.938    106 179055.877   179070.081   179632.595
278  TIMe+ASC+R2   89421.939    104 179051.878   179065.536   179617.714
279  TIMe+ASC+R3   89421.938    106 179055.876   179070.080   179632.594
287  TIM+F         89362.810    105 178935.621   178949.551   179506.898
288  TIM+F+ASC     89362.803    105 178935.606   178949.536   179506.883
289  TIM+F+G4      89362.796    106 178937.592   178951.796   179514.310
290  TIM+F+ASC+G4  89362.795    106 178937.590   178951.794   179514.308
291  TIM+F+R2      89362.800    107 178939.599   178954.081   179521.758
292  TIM+F+R3      89362.799    109 178943.597   178958.641   179536.637
300  TIM+F+ASC+R2  89362.799    107 178939.598   178954.079   179521.756
301  TIM+F+ASC+R3  89362.798    109 178943.596   178958.640   179536.636
309  TIM2e         89422.383    102 179048.766   179061.890   179603.721
310  TIM2e+ASC     89422.375    102 179048.750   179061.875   179603.705
311  TIM2e+G4      89422.347    103 179050.694   179064.084   179611.089
312  TIM2e+ASC+G4  89422.347    103 179050.693   179064.083   179611.089
313  TIM2e+R2      89422.370    104 179052.739   179066.398   179618.575
314  TIM2e+R3      89422.368    106 179056.736   179070.940   179633.454
322  TIM2e+ASC+R2  89422.369    104 179052.738   179066.397   179618.574
323  TIM2e+ASC+R3  89422.367    106 179056.733   179070.938   179633.451
331  TIM2+F        89362.989    105 178935.977   178949.907   179507.254
332  TIM2+F+ASC    89362.987    105 178935.974   178949.904   179507.251
333  TIM2+F+G4     89362.979    106 178937.957   178952.161   179514.675
334  TIM2+F+ASC+G4 89362.977    106 178937.954   178952.158   179514.671
335  TIM2+F+R2     89362.980    107 178939.960   178954.441   179522.119
336  TIM2+F+R3     89362.979    109 178943.957   178959.001   179536.997
344  TIM2+F+ASC+R2 89362.980    107 178939.960   178954.441   179522.118
345  TIM2+F+ASC+R3 89362.978    109 178943.957   178959.001   179536.997
353  TIM3e         89420.668    102 179045.336   179058.461   179600.291
354  TIM3e+ASC     89420.666    102 179045.331   179058.456   179600.286
355  TIM3e+G4      89420.645    103 179047.290   179060.680   179607.685
356  TIM3e+ASC+G4  89420.644    103 179047.288   179060.678   179607.683
357  TIM3e+R2      89420.660    104 179049.320   179062.979   179615.157
358  TIM3e+R3      89420.658    106 179053.315   179067.519   179630.033
366  TIM3e+ASC+R2  89420.659    104 179049.318   179062.976   179615.154
367  TIM3e+ASC+R3  89420.656    106 179053.313   179067.517   179630.030
375  TIM3+F        89363.384    105 178936.769   178950.699   179508.046
376  TIM3+F+ASC    89363.382    105 178936.765   178950.695   179508.042
377  TIM3+F+G4     89363.375    106 178938.750   178952.954   179515.468
378  TIM3+F+ASC+G4 89363.374    106 178938.748   178952.952   179515.466
379  TIM3+F+R2     89363.376    107 178940.751   178955.233   179522.910
380  TIM3+F+R3     89363.371    109 178944.743   178959.786   179537.782
388  TIM3+F+ASC+R2 89363.373    107 178940.746   178955.228   179522.905
389  TIM3+F+ASC+R3 89363.371    109 178944.742   178959.786   179537.782
397  TVMe          89418.688    103 179043.376   179056.766   179603.772
398  TVMe+ASC      89418.687    103 179043.375   179056.765   179603.770
399  TVMe+G4       89418.653    104 179045.307   179058.965   179611.143
400  TVMe+ASC+G4   89418.653    104 179045.306   179058.964   179611.142
401  TVMe+R2       89418.682    105 179047.364   179061.294   179618.641
402  TVMe+R3       89418.678    107 179051.357   179065.838   179633.515
410  TVMe+ASC+R2   89418.681    105 179047.363   179061.293   179618.640
411  TVMe+ASC+R3   89418.678    107 179051.356   179065.837   179633.514
419  TVM+F         89362.608    106 178937.215   178951.419   179513.933
420  TVM+F+ASC     89362.607    106 178937.214   178951.418   179513.931
421  TVM+F+G4      89362.600    107 178939.199   178953.680   179521.358
422  TVM+F+ASC+G4  89362.600    107 178939.199   178953.680   179521.358
423  TVM+F+R2      89362.604    108 178941.208   178955.970   179528.808
424  TVM+F+R3      89362.600    110 178945.199   178960.529   179543.680
432  TVM+F+ASC+R2  89362.604    108 178941.208   178955.969   179528.807
433  TVM+F+ASC+R3  89362.600    110 178945.199   178960.529   179543.680
441  SYM           89418.534    104 179045.069   179058.727   179610.905
442  SYM+ASC       89418.534    104 179045.068   179058.726   179610.904
443  SYM+G4        89418.501    105 179047.002   179060.931   179618.279
444  SYM+ASC+G4    89418.501    105 179047.001   179060.931   179618.278
445  SYM+R2        89418.530    106 179049.060   179063.265   179625.778
446  SYM+R3        89418.524    108 179053.047   179067.808   179640.646
454  SYM+ASC+R2    89418.530    106 179049.060   179063.264   179625.778
455  SYM+ASC+R3    89418.523    108 179053.047   179067.808   179640.646
463  GTR+F         89362.334    107 178938.667   178953.149   179520.826
464  GTR+F+ASC     89362.330    107 178938.661   178953.142   179520.819
465  GTR+F+G4      89362.324    108 178940.648   178955.409   179528.247
466  GTR+F+ASC+G4  89362.316    108 178940.631   178955.392   179528.230
467  GTR+F+R2      89362.315    109 178942.631   178957.675   179535.671
468  GTR+F+R3      89362.305    111 178946.610   178962.228   179550.532
476  GTR+F+ASC+R2  89362.313    109 178942.627   178957.671   179535.667
477  GTR+F+ASC+R3  89362.303    111 178946.606   178962.225   179550.528
Akaike Information Criterion:           HKY+F+ASC
Corrected Akaike Information Criterion: HKY+F+ASC
Bayesian Information Criterion:         HKY+F+ASC
Best-fit model: HKY+F+ASC chosen according to BIC

All model information printed to /Users/barba/Desktop/rggs-copmarative_genomics_2_course/session_14/phylogenetic_analysis_tutorial/iqtree_gene_trees/448_346_ar_51t.fas.model.gz
CPU time for ModelFinder: 13.174 seconds (0h:0m:13s)
Wall-clock time for ModelFinder: 2.664 seconds (0h:0m:2s)

NOTE: 2 MB RAM (0 GB) is required!
Estimate model parameters (epsilon = 0.100)
1. Initial log-likelihood: -93446.191
2. Current log-likelihood: -89509.738
3. Current log-likelihood: -89369.950
4. Current log-likelihood: -89364.097
5. Current log-likelihood: -89363.706
Optimal log-likelihood: -89363.670
Rate parameters:  A-C: 1.00000  A-G: 4.32248  A-T: 1.00000  C-G: 1.00000  C-T: 4.32248  G-T: 1.00000
Base frequencies:  A: 0.234  C: 0.267  G: 0.264  T: 0.236
Parameters optimization took 5 rounds (0.034 sec)
Computing ML distances based on estimated model parameters... 0.031 sec
WARNING: Some pairwise ML distances are too long (saturated)
Computing BIONJ tree...
0.001 seconds
Log-likelihood of BIONJ tree: -89331.386
--------------------------------------------------------------------
|             INITIALIZING CANDIDATE TREE SET                      |
--------------------------------------------------------------------
Generating 98 parsimony trees... 0.500 second
Computing log-likelihood of 98 initial trees ... 0.462 seconds
Current best score: -89331.386

Do NNI search on 20 best initial trees
Estimate model parameters (epsilon = 0.100)
BETTER TREE FOUND at iteration 1: -89310.255
UPDATE BEST LOG-LIKELIHOOD: -89310.254
Iteration 10 / LogL: -89310.283 / Time: 0h:0m:1s
Iteration 20 / LogL: -89310.268 / Time: 0h:0m:1s
Finish initializing candidate tree set (1)
Current best tree score: -89310.254 / CPU time: 1.863
Number of iterations: 20
--------------------------------------------------------------------
|               OPTIMIZING CANDIDATE TREE SET                      |
--------------------------------------------------------------------
Iteration 30 / LogL: -89341.174 / Time: 0h:0m:2s (0h:0m:6s left)
Iteration 40 / LogL: -89465.682 / Time: 0h:0m:3s (0h:0m:5s left)
Iteration 50 / LogL: -89310.657 / Time: 0h:0m:4s (0h:0m:4s left)
Iteration 60 / LogL: -89341.199 / Time: 0h:0m:5s (0h:0m:3s left)
WARNING: NNI search needs unusual large number of steps (51) to converge!
Iteration 70 / LogL: -89310.255 / Time: 0h:0m:6s (0h:0m:2s left)
Iteration 80 / LogL: -89310.623 / Time: 0h:0m:7s (0h:0m:1s left)
Iteration 90 / LogL: -89310.602 / Time: 0h:0m:7s (0h:0m:0s left)
Iteration 100 / LogL: -89334.895 / Time: 0h:0m:8s (0h:0m:0s left)
TREE SEARCH COMPLETED AFTER 102 ITERATIONS / Time: 0h:0m:8s

--------------------------------------------------------------------
|                    FINALIZING TREE SEARCH                        |
--------------------------------------------------------------------
Performs final model parameters optimization
Estimate model parameters (epsilon = 0.010)
1. Initial log-likelihood: -89310.254
Optimal log-likelihood: -89310.245
Rate parameters:  A-C: 1.00000  A-G: 4.35487  A-T: 1.00000  C-G: 1.00000  C-T: 4.35487  G-T: 1.00000
Base frequencies:  A: 0.234  C: 0.267  G: 0.264  T: 0.236
Parameters optimization took 1 rounds (0.007 sec)
BEST SCORE FOUND : -89310.245
Total tree length: 31.654

Total number of iterations: 102
CPU time used for tree search: 42.851 sec (0h:0m:42s)
Wall-clock time used for tree search: 8.848 sec (0h:0m:8s)
Total CPU time used: 43.223 sec (0h:0m:43s)
Total wall-clock time used: 8.923 sec (0h:0m:8s)

Analysis results written to: 
  IQ-TREE report:                /Users/barba/Desktop/rggs-copmarative_genomics_2_course/session_14/phylogenetic_analysis_tutorial/iqtree_gene_trees/448_346_ar_51t.fas.iqtree
  Maximum-likelihood tree:       /Users/barba/Desktop/rggs-copmarative_genomics_2_course/session_14/phylogenetic_analysis_tutorial/iqtree_gene_trees/448_346_ar_51t.fas.treefile
  Likelihood distances:          /Users/barba/Desktop/rggs-copmarative_genomics_2_course/session_14/phylogenetic_analysis_tutorial/iqtree_gene_trees/448_346_ar_51t.fas.mldist
  Screen log file:               /Users/barba/Desktop/rggs-copmarative_genomics_2_course/session_14/phylogenetic_analysis_tutorial/iqtree_gene_trees/448_346_ar_51t.fas.log

Date and Time: Wed Dec  4 19:07:32 2024
