IQ-TREE multicore version 1.6.12 for Mac OS X 64-bit built Aug 15 2019
Developed by Bui Quang Minh, Nguyen Lam Tung, Olga Chernomor,
Heiko Schmidt, Dominik Schrempf, Michael Woodhams.

Host:    lamarck (SSE4.2, 64 GB RAM)
Command: /Users/barba/Desktop/rggs-copmarative_genomics_2_course/session_14/phylogenetic_analysis_tutorial/iqtree_gene_trees/iqtree -s /Users/barba/Desktop/rggs-copmarative_genomics_2_course/session_14/phylogenetic_analysis_tutorial/iqtree_gene_trees/448_270_ar_51t.fas -o Carcharhinidae -m MFP -nt 5
Seed:    83822 (Using SPRNG - Scalable Parallel Random Number Generator)
Time:    Wed Dec  4 19:03:27 2024
Kernel:  SSE2 - 5 threads (16 CPU cores detected)

Reading alignment file /Users/barba/Desktop/rggs-copmarative_genomics_2_course/session_14/phylogenetic_analysis_tutorial/iqtree_gene_trees/448_270_ar_51t.fas ... Fasta format detected
Alignment most likely contains DNA/RNA sequences
Alignment has 51 sequences with 878 columns, 878 distinct patterns
878 parsimony-informative, 0 singleton sites, 0 constant sites
                   Gap/Ambiguity  Composition  p-value
   1  Pitheciidae          0.00%    passed     78.46%
   2  Scandentia           0.00%    passed     80.52%
   3  Erethizontidae       0.00%    passed     69.25%
   4  Capromyidae          0.00%    passed     92.54%
   5  Muridae              0.00%    passed     61.19%
   6  Castoridae           0.00%    passed     66.58%
   7  Suidae               0.00%    passed     76.75%
   8  Hippopotamidae       0.00%    passed     95.50%
   9  Hyperoodontidae      0.00%    passed     95.88%
  10  Vespertilionidae     0.00%    passed     72.55%
  11  Furipteridae         0.00%    passed     39.79%
  12  Rhinolophidae        0.00%    passed     72.59%
  13  Viverridae           0.00%    passed     15.99%
  14  Procyonidae          0.00%    passed     95.79%
  15  Myrmecophagidae      0.00%    passed     96.73%
  16  Caluromyidae         0.00%    passed     39.20%
  17  Thylacomyidae        0.00%    passed     99.75%
  18  Phalangeridae        0.00%    passed     99.53%
  19  Tityridae            0.00%    passed     93.71%
  20  Ptilonorhynchidae    0.00%    passed     97.83%
  21  Callaeatidae         0.00%    passed     47.13%
  22  Monarchidae          0.00%    passed     80.74%
  23  Malaconotidae        0.00%    passed     75.97%
  24  Certhiidae           0.00%    passed     69.67%
  25  Cinclidae            0.00%    passed     25.17%
  26  Ploceidae            0.00%    passed     12.12%
  27  Thraupidae           0.00%    passed     57.17%
  28  Alaudidae            0.00%    passed     84.30%
  29  Coraciiformes        0.00%    passed     30.87%
  30  Crocodylidae         0.00%    passed     76.31%
  31  Carettochelyidae     0.00%    passed     89.55%
  32  Kinosternidae        0.00%    failed      3.07%
  33  Anomalepididae       0.00%    failed      3.10%
  34  Loxocemidae          0.00%    passed     90.08%
  35  Natricidae           0.00%    passed     85.49%
  36  Xenosauridae         0.00%    passed     11.28%
  37  Teiidae              0.00%    passed     57.25%
  38  Eublepharidae        0.00%    passed     88.27%
  39  Dicamptodontidae     0.00%    passed     11.75%
  40  Alytidae             0.00%    passed     35.05%
  41  Heleophrynidae       0.00%    passed      8.55%
  42  Leptodactylidae      0.00%    passed     39.04%
  43  Strabomantidae       0.00%    passed     49.16%
  44  Micrixalidae         0.00%    passed     20.57%
  45  Hemisotidae          0.00%    passed     45.35%
  46  Asterophryidae       0.00%    passed     94.88%
  47  Caeciliidae2         0.00%    passed     30.44%
  48  Polypteriformes      0.00%    passed     40.69%
  49  Channichthyidae      0.00%    passed     98.13%
  50  Pseudaphritidae      0.00%    passed     80.19%
  51  Carcharhinidae       0.00%    passed     91.37%
****  TOTAL                0.00%  2 sequences failed composition chi2 test (p-value<5%; df=3)


Create initial parsimony tree by phylogenetic likelihood library (PLL)... 0.003 seconds
NOTE: ModelFinder requires 14 MB RAM!
ModelFinder will test 484 DNA models (sample size: 878) ...
 No. Model         -LnL         df  AIC          AICc         BIC
  1  JC            45746.862    99  91691.724    91717.174    92164.712
  2  JC+ASC        45746.807    99  91691.615    91717.065    92164.602
  3  JC+G4         45746.880    100 91693.761    91719.758    92171.525
  4  JC+ASC+G4     45746.864    100 91693.727    91719.725    92171.492
  5  JC+R2         45746.925    101 91695.850    91722.402    92178.393
  6  JC+R3         45746.808    103 91699.615    91727.295    92191.713
 14  JC+ASC+R2     45746.740    101 91695.479    91722.031    92178.021
 15  JC+ASC+R3     45746.736    103 91699.473    91727.153    92191.571
 23  F81+F         45675.100    102 91554.199    91581.312    92041.519
 24  F81+F+ASC     45675.093    102 91554.186    91581.298    92041.506
 25  F81+F+G4      45675.310    103 91556.620    91584.299    92048.717
 26  F81+F+ASC+G4  45675.309    103 91556.618    91584.297    92048.715
 27  F81+F+R2      45675.093    104 91558.185    91586.439    92055.060
 28  F81+F+R3      45675.091    106 91562.182    91591.604    92068.613
 36  F81+F+ASC+R2  45675.090    104 91558.179    91586.433    92055.054
 37  F81+F+ASC+R3  45675.089    106 91562.179    91591.600    92068.609
 45  K2P           44687.747    100 89575.494    89601.491    90053.258
 46  K2P+ASC       44687.738    100 89575.475    89601.473    90053.240
 47  K2P+G4        44687.285    101 89576.570    89603.122    90059.112
 48  K2P+ASC+G4    44687.281    101 89576.561    89603.113    90059.104
 49  K2P+R2        44687.733    102 89579.466    89606.578    90066.786
 50  K2P+R3        44687.732    104 89583.464    89611.718    90080.339
 58  K2P+ASC+R2    44687.635    102 89579.269    89606.382    90066.589
 59  K2P+ASC+R3    44687.482    104 89582.965    89611.218    90079.840
 67  HKY+F         44558.121    103 89322.241    89349.921    89814.339
 68  HKY+F+ASC     44558.119    103 89322.239    89349.918    89814.336
 69  HKY+F+G4      44558.030    104 89324.060    89352.314    89820.935
 70  HKY+F+ASC+G4  44558.030    104 89324.059    89352.313    89820.934
 71  HKY+F+R2      44558.100    105 89326.200    89355.034    89827.853
 72  HKY+F+R3      44558.100    107 89330.200    89360.216    89841.408
 80  HKY+F+ASC+R2  44558.098    105 89326.196    89355.030    89827.849
 81  HKY+F+ASC+R3  44558.097    107 89330.194    89360.210    89841.402
 89  TNe           44687.708    101 89577.417    89603.968    90059.959
 90  TNe+ASC       44687.706    101 89577.412    89603.964    90059.955
 91  TNe+G4        44687.253    102 89578.506    89605.618    90065.826
 92  TNe+ASC+G4    44687.252    102 89578.504    89605.616    90065.824
 93  TNe+R2        44687.597    103 89581.193    89608.873    90073.291
 94  TNe+R3        44687.582    105 89585.164    89613.998    90086.817
102  TNe+ASC+R2    44687.536    103 89581.073    89608.752    90073.170
103  TNe+ASC+R3    44687.450    105 89584.900    89613.734    90086.553
111  TN+F          44556.950    104 89321.899    89350.153    89818.774
112  TN+F+ASC      44556.948    104 89321.896    89350.150    89818.771
113  TN+F+G4       44556.856    105 89323.711    89352.546    89825.364
114  TN+F+ASC+G4   44556.855    105 89323.710    89352.544    89825.363
115  TN+F+R2       44556.925    106 89325.849    89355.271    89832.280
116  TN+F+R3       44556.923    108 89329.847    89360.463    89845.833
124  TN+F+ASC+R2   44556.921    106 89325.842    89355.264    89832.273
125  TN+F+ASC+R3   44556.921    108 89329.841    89360.457    89845.827
133  K3P           44687.198    101 89576.397    89602.948    90058.939
134  K3P+ASC       44687.194    101 89576.387    89602.939    90058.929
135  K3P+G4        44686.725    102 89577.450    89604.562    90064.770
136  K3P+ASC+G4    44686.724    102 89577.448    89604.561    90064.768
137  K3P+R2        44687.020    103 89580.039    89607.719    90072.137
138  K3P+R3        44687.007    105 89584.013    89612.848    90085.666
146  K3P+ASC+R2    44686.965    103 89579.930    89607.610    90072.028
147  K3P+ASC+R3    44686.879    105 89583.759    89612.593    90085.412
155  K3Pu+F        44558.014    104 89324.029    89352.282    89820.904
156  K3Pu+F+ASC    44558.011    104 89324.022    89352.276    89820.897
157  K3Pu+F+G4     44557.922    105 89325.845    89354.679    89827.498
158  K3Pu+F+ASC+G4 44557.920    105 89325.840    89354.674    89827.492
159  K3Pu+F+R2     44557.981    106 89327.963    89357.385    89834.394
160  K3Pu+F+R3     44557.979    108 89331.957    89362.574    89847.943
168  K3Pu+F+ASC+R2 44557.976    106 89327.952    89357.373    89834.382
169  K3Pu+F+ASC+R3 44557.976    108 89331.952    89362.568    89847.938
177  TPM2+F        44557.793    104 89323.586    89351.839    89820.461
178  TPM2+F+ASC    44557.792    104 89323.583    89351.837    89820.458
179  TPM2+F+G4     44557.705    105 89325.411    89354.245    89827.064
180  TPM2+F+ASC+G4 44557.705    105 89325.409    89354.244    89827.062
181  TPM2+F+R2     44557.762    106 89327.524    89356.946    89833.955
182  TPM2+F+R3     44557.762    108 89331.523    89362.140    89847.509
190  TPM2+F+ASC+R2 44557.759    106 89327.519    89356.940    89833.949
191  TPM2+F+ASC+R3 44557.757    108 89331.515    89362.131    89847.500
199  TPM2u+F       44557.790    104 89323.580    89351.833    89820.455
200  TPM2u+F+ASC   44557.790    104 89323.579    89351.833    89820.454
201  TPM2u+F+G4    44557.705    105 89325.410    89354.244    89827.063
202  TPM2u+F+ASC+G4 44557.705    105 89325.409    89354.243    89827.062
203  TPM2u+F+R2    44557.759    106 89327.518    89356.940    89833.949
204  TPM2u+F+R3    44557.757    108 89331.514    89362.130    89847.500
212  TPM2u+F+ASC+R2 44557.758    106 89327.516    89356.937    89833.946
213  TPM2u+F+ASC+R3 44557.756    108 89331.512    89362.128    89847.498
221  TPM3+F        44557.928    104 89323.856    89352.109    89820.731
222  TPM3+F+ASC    44557.928    104 89323.855    89352.109    89820.730
223  TPM3+F+G4     44557.836    105 89325.672    89354.506    89827.325
224  TPM3+F+ASC+G4 44557.835    105 89325.671    89354.505    89827.324
225  TPM3+F+R2     44557.892    106 89327.783    89357.205    89834.214
226  TPM3+F+R3     44557.890    108 89331.781    89362.397    89847.766
234  TPM3+F+ASC+R2 44557.891    106 89327.782    89357.203    89834.212
235  TPM3+F+ASC+R3 44557.889    108 89331.778    89362.394    89847.764
243  TPM3u+F       44557.927    104 89323.855    89352.108    89820.730
244  TPM3u+F+ASC   44557.927    104 89323.855    89352.108    89820.730
245  TPM3u+F+G4    44557.836    105 89325.672    89354.506    89827.324
246  TPM3u+F+ASC+G4 44557.835    105 89325.670    89354.504    89827.323
247  TPM3u+F+R2    44557.891    106 89327.782    89357.203    89834.212
248  TPM3u+F+R3    44557.889    108 89331.778    89362.394    89847.763
256  TPM3u+F+ASC+R2 44557.890    106 89327.780    89357.202    89834.211
257  TPM3u+F+ASC+R3 44557.888    108 89331.775    89362.392    89847.761
265  TIMe          44687.170    102 89578.340    89605.452    90065.660
266  TIMe+ASC      44687.166    102 89578.333    89605.445    90065.653
267  TIMe+G4       44686.699    103 89579.399    89607.078    90071.496
268  TIMe+ASC+G4   44686.698    103 89579.397    89607.076    90071.494
269  TIMe+R2       44686.984    104 89581.968    89610.222    90078.843
270  TIMe+R3       44686.962    106 89585.925    89615.346    90092.355
278  TIMe+ASC+R2   44686.920    104 89581.840    89610.093    90078.715
279  TIMe+ASC+R3   44686.884    106 89585.769    89615.190    90092.199
287  TIM+F         44556.846    105 89323.692    89352.526    89825.345
288  TIM+F+ASC     44556.843    105 89323.687    89352.521    89825.340
289  TIM+F+G4      44556.753    106 89325.507    89354.928    89831.937
290  TIM+F+ASC+G4  44556.750    106 89325.500    89354.922    89831.931
291  TIM+F+R2      44556.811    107 89327.622    89357.638    89838.830
292  TIM+F+R3      44556.811    109 89331.622    89362.846    89852.386
300  TIM+F+ASC+R2  44556.801    107 89327.602    89357.618    89838.810
301  TIM+F+ASC+R3  44556.798    109 89331.595    89362.819    89852.359
309  TIM2e         44685.568    102 89575.136    89602.248    90062.455
310  TIM2e+ASC     44685.564    102 89575.127    89602.240    90062.447
311  TIM2e+G4      44684.947    103 89575.895    89603.574    90067.992
312  TIM2e+ASC+G4  44684.946    103 89575.892    89603.571    90067.989
313  TIM2e+R2      44685.276    104 89578.553    89606.806    90075.428
314  TIM2e+R3      44685.232    106 89582.465    89611.886    90088.895
322  TIM2e+ASC+R2  44685.212    104 89578.424    89606.677    90075.299
323  TIM2e+ASC+R3  44685.083    106 89582.166    89611.587    90088.596
331  TIM2+F        44556.625    105 89323.249    89352.084    89824.902
332  TIM2+F+ASC    44556.620    105 89323.241    89352.075    89824.894
333  TIM2+F+G4     44556.535    106 89325.069    89354.491    89831.500
334  TIM2+F+ASC+G4 44556.530    106 89325.060    89354.482    89831.491
335  TIM2+F+R2     44556.598    107 89327.196    89357.212    89838.405
336  TIM2+F+R3     44556.589    109 89331.179    89362.403    89851.942
344  TIM2+F+ASC+R2 44556.582    107 89327.164    89357.180    89838.373
345  TIM2+F+ASC+R3 44556.576    109 89331.152    89362.375    89851.915
353  TIM3e         44681.776    102 89567.552    89594.664    90054.872
354  TIM3e+ASC     44681.770    102 89567.541    89594.653    90054.861
355  TIM3e+G4      44681.087    103 89568.175    89595.854    90060.272
356  TIM3e+ASC+G4  44681.086    103 89568.171    89595.851    90060.269
357  TIM3e+R2      44681.425    104 89570.850    89599.104    90067.726
358  TIM3e+R3      44681.371    106 89574.742    89604.164    90081.173
366  TIM3e+ASC+R2  44681.355    104 89570.711    89598.964    90067.586
367  TIM3e+ASC+R3  44681.212    106 89574.423    89603.845    90080.854
375  TIM3+F        44556.773    105 89323.546    89352.380    89825.198
376  TIM3+F+ASC    44556.769    105 89323.539    89352.373    89825.191
377  TIM3+F+G4     44556.675    106 89325.349    89354.771    89831.780
378  TIM3+F+ASC+G4 44556.673    106 89325.347    89354.768    89831.777
379  TIM3+F+R2     44556.746    107 89327.492    89357.507    89838.700
380  TIM3+F+R3     44556.734    109 89331.467    89362.691    89852.231
388  TIM3+F+ASC+R2 44556.732    107 89327.464    89357.480    89838.672
389  TIM3+F+ASC+R3 44556.726    109 89331.452    89362.676    89852.215
397  TVMe          44679.399    103 89564.799    89592.478    90056.896
398  TVMe+ASC      44679.395    103 89564.790    89592.469    90056.887
399  TVMe+G4       44678.531    104 89565.063    89593.316    90061.938
400  TVMe+ASC+G4   44678.528    104 89565.057    89593.310    90061.932
401  TVMe+R2       44678.917    105 89567.834    89596.669    90069.487
402  TVMe+R3       44678.910    107 89571.821    89601.836    90083.029
410  TVMe+ASC+R2   44678.832    105 89567.664    89596.498    90069.317
411  TVMe+ASC+R3   44678.654    107 89571.307    89601.323    90082.515
419  TVM+F         44557.568    106 89327.136    89356.558    89833.567
420  TVM+F+ASC     44557.565    106 89327.130    89356.552    89833.561
421  TVM+F+G4      44557.477    107 89328.954    89358.969    89840.162
422  TVM+F+ASC+G4  44557.476    107 89328.952    89358.968    89840.160
423  TVM+F+R2      44557.569    108 89331.138    89361.754    89847.124
424  TVM+F+R3      44557.553    110 89335.107    89366.945    89860.648
432  TVM+F+ASC+R2  44557.549    108 89331.098    89361.715    89847.084
433  TVM+F+ASC+R3  44557.539    110 89335.078    89366.916    89860.619
441  SYM           44679.380    104 89566.760    89595.013    90063.635
442  SYM+ASC       44679.375    104 89566.750    89595.004    90063.625
443  SYM+G4        44678.520    105 89567.041    89595.875    90068.693
444  SYM+ASC+G4    44678.517    105 89567.034    89595.868    90068.687
445  SYM+R2        44678.834    106 89569.668    89599.089    90076.098
446  SYM+R3        44678.827    108 89573.655    89604.271    90089.641
454  SYM+ASC+R2    44678.766    106 89569.533    89598.954    90075.963
455  SYM+ASC+R3    44678.632    108 89573.265    89603.881    90089.250
463  GTR+F         44556.394    107 89326.788    89356.803    89837.996
464  GTR+F+ASC     44556.392    107 89326.783    89356.799    89837.992
465  GTR+F+G4      44556.302    108 89328.603    89359.220    89844.589
466  GTR+F+ASC+G4  44556.301    108 89328.602    89359.219    89844.588
467  GTR+F+R2      44556.420    109 89330.839    89362.063    89851.603
468  GTR+F+R3      44556.397    111 89334.795    89367.254    89865.114
476  GTR+F+ASC+R2  44556.392    109 89330.783    89362.007    89851.547
477  GTR+F+ASC+R3  44556.373    111 89334.746    89367.205    89865.065
Akaike Information Criterion:           TN+F+ASC
Corrected Akaike Information Criterion: HKY+F+ASC
Bayesian Information Criterion:         HKY+F+ASC
Best-fit model: HKY+F+ASC chosen according to BIC

All model information printed to /Users/barba/Desktop/rggs-copmarative_genomics_2_course/session_14/phylogenetic_analysis_tutorial/iqtree_gene_trees/448_270_ar_51t.fas.model.gz
CPU time for ModelFinder: 9.778 seconds (0h:0m:9s)
Wall-clock time for ModelFinder: 1.976 seconds (0h:0m:1s)

NOTE: 1 MB RAM (0 GB) is required!
Estimate model parameters (epsilon = 0.100)
1. Initial log-likelihood: -45708.522
2. Current log-likelihood: -44589.425
3. Current log-likelihood: -44559.058
4. Current log-likelihood: -44558.162
Optimal log-likelihood: -44558.129
Rate parameters:  A-C: 1.00000  A-G: 3.18410  A-T: 1.00000  C-G: 1.00000  C-T: 3.18410  G-T: 1.00000
Base frequencies:  A: 0.226  C: 0.279  G: 0.281  T: 0.214
Parameters optimization took 4 rounds (0.016 sec)
Computing ML distances based on estimated model parameters... 0.018 sec
WARNING: Some pairwise ML distances are too long (saturated)
Computing BIONJ tree...
0.001 seconds
Log-likelihood of BIONJ tree: -44581.731
--------------------------------------------------------------------
|             INITIALIZING CANDIDATE TREE SET                      |
--------------------------------------------------------------------
Generating 98 parsimony trees... 0.354 second
Computing log-likelihood of 98 initial trees ... 0.326 seconds
Current best score: -44558.129

Do NNI search on 20 best initial trees
Estimate model parameters (epsilon = 0.100)
BETTER TREE FOUND at iteration 1: -44543.521
Estimate model parameters (epsilon = 0.100)
UPDATE BEST LOG-LIKELIHOOD: -44543.246
Estimate model parameters (epsilon = 0.100)
BETTER TREE FOUND at iteration 9: -44542.828
Iteration 10 / LogL: -44544.616 / Time: 0h:0m:1s
Iteration 20 / LogL: -44544.446 / Time: 0h:0m:1s
Finish initializing candidate tree set (8)
Current best tree score: -44542.828 / CPU time: 1.266
Number of iterations: 20
--------------------------------------------------------------------
|               OPTIMIZING CANDIDATE TREE SET                      |
--------------------------------------------------------------------
Estimate model parameters (epsilon = 0.100)
UPDATE BEST LOG-LIKELIHOOD: -44542.732
Estimate model parameters (epsilon = 0.100)
BETTER TREE FOUND at iteration 26: -44541.912
Iteration 30 / LogL: -44543.850 / Time: 0h:0m:1s (0h:0m:5s left)
Iteration 40 / LogL: -44546.622 / Time: 0h:0m:2s (0h:0m:4s left)
Iteration 50 / LogL: -44542.081 / Time: 0h:0m:2s (0h:0m:4s left)
Iteration 60 / LogL: -44542.408 / Time: 0h:0m:3s (0h:0m:3s left)
Iteration 70 / LogL: -44542.294 / Time: 0h:0m:3s (0h:0m:2s left)
UPDATE BEST LOG-LIKELIHOOD: -44541.907
Estimate model parameters (epsilon = 0.100)
UPDATE BEST LOG-LIKELIHOOD: -44541.827
Iteration 80 / LogL: -44541.946 / Time: 0h:0m:3s (0h:0m:2s left)
Iteration 90 / LogL: -44542.139 / Time: 0h:0m:4s (0h:0m:1s left)
Estimate model parameters (epsilon = 0.100)
UPDATE BEST LOG-LIKELIHOOD: -44541.787
Iteration 100 / LogL: -44542.785 / Time: 0h:0m:4s (0h:0m:1s left)
Iteration 110 / LogL: -44541.984 / Time: 0h:0m:5s (0h:0m:0s left)
Iteration 120 / LogL: -44545.093 / Time: 0h:0m:5s (0h:0m:0s left)
TREE SEARCH COMPLETED AFTER 127 ITERATIONS / Time: 0h:0m:5s

--------------------------------------------------------------------
|                    FINALIZING TREE SEARCH                        |
--------------------------------------------------------------------
Performs final model parameters optimization
Estimate model parameters (epsilon = 0.010)
1. Initial log-likelihood: -44541.787
Optimal log-likelihood: -44541.784
Rate parameters:  A-C: 1.00000  A-G: 3.19536  A-T: 1.00000  C-G: 1.00000  C-T: 3.19536  G-T: 1.00000
Base frequencies:  A: 0.226  C: 0.279  G: 0.281  T: 0.214
Parameters optimization took 1 rounds (0.003 sec)
BEST SCORE FOUND : -44541.784
Total tree length: 29.974

Total number of iterations: 127
CPU time used for tree search: 28.197 sec (0h:0m:28s)
Wall-clock time used for tree search: 5.779 sec (0h:0m:5s)
Total CPU time used: 28.430 sec (0h:0m:28s)
Total wall-clock time used: 5.826 sec (0h:0m:5s)

Analysis results written to: 
  IQ-TREE report:                /Users/barba/Desktop/rggs-copmarative_genomics_2_course/session_14/phylogenetic_analysis_tutorial/iqtree_gene_trees/448_270_ar_51t.fas.iqtree
  Maximum-likelihood tree:       /Users/barba/Desktop/rggs-copmarative_genomics_2_course/session_14/phylogenetic_analysis_tutorial/iqtree_gene_trees/448_270_ar_51t.fas.treefile
  Likelihood distances:          /Users/barba/Desktop/rggs-copmarative_genomics_2_course/session_14/phylogenetic_analysis_tutorial/iqtree_gene_trees/448_270_ar_51t.fas.mldist
  Screen log file:               /Users/barba/Desktop/rggs-copmarative_genomics_2_course/session_14/phylogenetic_analysis_tutorial/iqtree_gene_trees/448_270_ar_51t.fas.log

Date and Time: Wed Dec  4 19:03:34 2024
