IQ-TREE multicore version 1.6.12 for Mac OS X 64-bit built Aug 15 2019
Developed by Bui Quang Minh, Nguyen Lam Tung, Olga Chernomor,
Heiko Schmidt, Dominik Schrempf, Michael Woodhams.

Host:    lamarck (SSE4.2, 64 GB RAM)
Command: /Users/barba/Desktop/rggs-copmarative_genomics_2_course/session_14/phylogenetic_analysis_tutorial/iqtree_gene_trees/iqtree -s /Users/barba/Desktop/rggs-copmarative_genomics_2_course/session_14/phylogenetic_analysis_tutorial/iqtree_gene_trees/448_38_ar_51t.fas -o Carcharhinidae -m MFP -nt 5
Seed:    233168 (Using SPRNG - Scalable Parallel Random Number Generator)
Time:    Wed Dec  4 19:08:21 2024
Kernel:  SSE2 - 5 threads (16 CPU cores detected)

Reading alignment file /Users/barba/Desktop/rggs-copmarative_genomics_2_course/session_14/phylogenetic_analysis_tutorial/iqtree_gene_trees/448_38_ar_51t.fas ... Fasta format detected
Alignment most likely contains DNA/RNA sequences
Alignment has 51 sequences with 1286 columns, 1286 distinct patterns
1286 parsimony-informative, 0 singleton sites, 0 constant sites
                   Gap/Ambiguity  Composition  p-value
   1  Pitheciidae          0.00%    passed     70.79%
   2  Scandentia           0.00%    passed     30.55%
   3  Erethizontidae       0.00%    passed     49.14%
   4  Capromyidae          0.00%    passed     74.98%
   5  Muridae              0.00%    passed     73.92%
   6  Castoridae           0.00%    passed     66.21%
   7  Suidae               0.00%    passed     17.58%
   8  Hippopotamidae       0.00%    passed     78.77%
   9  Hyperoodontidae      0.00%    passed     55.91%
  10  Vespertilionidae     0.00%    passed     89.48%
  11  Furipteridae         0.00%    passed     58.40%
  12  Rhinolophidae        0.00%    passed     36.49%
  13  Viverridae           0.00%    passed     79.37%
  14  Procyonidae          0.00%    passed     51.77%
  15  Myrmecophagidae      0.00%    passed     96.20%
  16  Caluromyidae         0.00%    passed     55.69%
  17  Thylacomyidae        0.00%    passed     83.77%
  18  Phalangeridae        0.00%    passed     39.89%
  19  Tityridae            0.00%    passed     31.27%
  20  Ptilonorhynchidae    0.00%    passed     48.95%
  21  Callaeatidae         0.00%    passed     71.87%
  22  Monarchidae          0.00%    passed     81.00%
  23  Malaconotidae        0.00%    passed     34.52%
  24  Certhiidae           0.00%    passed     17.52%
  25  Cinclidae            0.00%    passed     82.18%
  26  Ploceidae            0.00%    passed     85.41%
  27  Thraupidae           0.00%    passed     79.42%
  28  Alaudidae            0.00%    passed     89.89%
  29  Coraciiformes        0.00%    passed     22.72%
  30  Crocodylidae         0.00%    passed     65.87%
  31  Carettochelyidae     0.00%    passed     49.27%
  32  Kinosternidae        0.00%    passed     26.35%
  33  Anomalepididae       0.00%    passed     89.72%
  34  Loxocemidae          0.00%    passed     28.47%
  35  Natricidae           0.00%    passed     79.17%
  36  Xenosauridae         0.00%    passed     76.54%
  37  Teiidae              0.00%    passed     58.48%
  38  Eublepharidae        0.00%    passed     96.56%
  39  Dicamptodontidae     0.00%    passed     73.68%
  40  Alytidae             0.00%    passed     30.91%
  41  Heleophrynidae       0.00%    passed     44.66%
  42  Leptodactylidae      0.00%    passed     89.79%
  43  Strabomantidae       0.00%    passed     49.15%
  44  Micrixalidae         0.00%    passed     47.66%
  45  Hemisotidae          0.00%    passed     28.02%
  46  Asterophryidae       0.00%    passed     64.81%
  47  Caeciliidae2         0.00%    passed     66.67%
  48  Polypteriformes      0.00%    passed     76.70%
  49  Channichthyidae      0.00%    passed     25.77%
  50  Pseudaphritidae      0.00%    passed     38.61%
  51  Carcharhinidae       0.00%    passed     28.49%
****  TOTAL                0.00%  0 sequences failed composition chi2 test (p-value<5%; df=3)


Create initial parsimony tree by phylogenetic likelihood library (PLL)... 0.003 seconds
NOTE: ModelFinder requires 21 MB RAM!
ModelFinder will test 484 DNA models (sample size: 1286) ...
 No. Model         -LnL         df  AIC          AICc         BIC
  1  JC            53919.045    99  108036.091   108052.786   108546.861
  2  JC+ASC        53919.021    99  108036.041   108052.736   108546.811
  3  JC+G4         53919.212    100 108038.425   108055.471   108554.354
  4  JC+ASC+G4     53919.199    100 108038.398   108055.444   108554.327
  5  JC+R2         53919.278    101 108040.555   108057.957   108561.644
  6  JC+R3         53919.185    103 108044.369   108062.494   108575.776
 14  JC+ASC+R2     53917.984    101 108037.968   108055.370   108559.056
 15  JC+ASC+R3     53917.970    103 108041.940   108060.065   108573.347
 23  F81+F         53816.810    102 107837.621   107855.382   108363.868
 24  F81+F+ASC     53816.804    102 107837.608   107855.370   108363.856
 25  F81+F+G4      53817.070    103 107840.139   107858.264   108371.546
 26  F81+F+ASC+G4  53817.069    103 107840.137   107858.262   108371.544
 27  F81+F+R2      53816.137    104 107840.273   107858.766   108376.839
 28  F81+F+R3      53816.134    106 107844.268   107863.508   108391.153
 36  F81+F+ASC+R2  53816.048    104 107840.097   107858.590   108376.663
 37  F81+F+ASC+R3  53816.044    106 107844.087   107863.327   108390.972
 45  K2P           51691.975    100 103583.949   103600.996   104099.879
 46  K2P+ASC       51691.964    100 103583.928   103600.974   104099.857
 47  K2P+G4        51691.196    101 103584.392   103601.794   104105.481
 48  K2P+ASC+G4    51691.192    101 103584.384   103601.786   104105.473
 49  K2P+R2        51690.507    102 103585.014   103602.776   104111.262
 50  K2P+R3        51690.499    104 103588.998   103607.491   104125.565
 58  K2P+ASC+R2    51690.422    102 103584.844   103602.606   104111.092
 59  K2P+ASC+R3    51690.422    104 103588.844   103607.337   104125.410
 67  HKY+F         51445.775    103 103097.551   103115.676   103628.958
 68  HKY+F+ASC     51445.770    103 103097.541   103115.666   103628.948
 69  HKY+F+G4      51445.589    104 103099.178   103117.671   103635.745
 70  HKY+F+ASC+G4  51445.588    104 103099.176   103117.669   103635.742
 71  HKY+F+R2      51445.196    105 103100.392   103119.257   103642.118
 72  HKY+F+R3      51445.195    107 103104.390   103124.010   103656.434
 80  HKY+F+ASC+R2  51445.123    105 103100.245   103119.110   103641.971
 81  HKY+F+ASC+R3  51445.112    107 103104.223   103123.843   103656.268
 89  TNe           51691.899    101 103585.798   103603.200   104106.887
 90  TNe+ASC       51691.896    101 103585.792   103603.194   104106.881
 91  TNe+G4        51691.118    102 103586.236   103603.998   104112.484
 92  TNe+ASC+G4    51691.117    102 103586.234   103603.996   104112.482
 93  TNe+R2        51690.461    103 103586.923   103605.048   104118.330
 94  TNe+R3        51690.454    105 103590.908   103609.773   104132.634
102  TNe+ASC+R2    51690.374    103 103586.749   103604.874   104118.156
103  TNe+ASC+R3    51690.374    105 103590.748   103609.613   104132.474
111  TN+F          51445.476    104 103098.952   103117.445   103635.518
112  TN+F+ASC      51445.471    104 103098.942   103117.435   103635.509
113  TN+F+G4       51445.295    105 103100.590   103119.454   103642.315
114  TN+F+ASC+G4   51445.294    105 103100.588   103119.452   103642.314
115  TN+F+R2       51444.858    106 103101.716   103120.956   103648.601
116  TN+F+R3       51444.856    108 103105.713   103125.716   103662.916
124  TN+F+ASC+R2   51444.775    106 103101.550   103120.790   103648.435
125  TN+F+ASC+R3   51444.765    108 103105.530   103125.533   103662.733
133  K3P           51691.582    101 103585.165   103602.567   104106.253
134  K3P+ASC       51691.555    101 103585.109   103602.511   104106.198
135  K3P+G4        51690.782    102 103585.565   103603.326   104111.813
136  K3P+ASC+G4    51690.779    102 103585.557   103603.319   104111.805
137  K3P+R2        51690.096    103 103586.193   103604.318   104117.600
138  K3P+R3        51690.091    105 103590.181   103609.045   104131.907
146  K3P+ASC+R2    51690.008    103 103586.017   103604.142   104117.424
147  K3P+ASC+R3    51690.008    105 103590.017   103608.881   104131.742
155  K3Pu+F        51444.703    104 103097.407   103115.900   103633.973
156  K3Pu+F+ASC    51444.699    104 103097.398   103115.891   103633.964
157  K3Pu+F+G4     51444.514    105 103099.027   103117.892   103640.753
158  K3Pu+F+ASC+G4 51444.513    105 103099.026   103117.890   103640.751
159  K3Pu+F+R2     51444.145    106 103100.289   103119.529   103647.174
160  K3Pu+F+R3     51444.143    108 103104.286   103124.290   103661.490
168  K3Pu+F+ASC+R2 51444.071    106 103100.143   103119.383   103647.028
169  K3Pu+F+ASC+R3 51444.065    108 103104.129   103124.133   103661.333
177  TPM2+F        51445.717    104 103099.434   103117.927   103636.000
178  TPM2+F+ASC    51445.716    104 103099.431   103117.924   103635.998
179  TPM2+F+G4     51445.537    105 103101.073   103119.938   103642.799
180  TPM2+F+ASC+G4 51445.535    105 103101.071   103119.935   103642.796
181  TPM2+F+R2     51445.122    106 103102.245   103121.485   103649.130
182  TPM2+F+R3     51445.122    108 103106.244   103126.248   103663.448
190  TPM2+F+ASC+R2 51445.043    106 103102.086   103121.326   103648.971
191  TPM2+F+ASC+R3 51445.042    108 103106.085   103126.088   103663.288
199  TPM2u+F       51445.716    104 103099.432   103117.925   103635.998
200  TPM2u+F+ASC   51445.716    104 103099.431   103117.924   103635.998
201  TPM2u+F+G4    51445.536    105 103101.073   103119.937   103642.798
202  TPM2u+F+ASC+G4 51445.535    105 103101.070   103119.935   103642.796
203  TPM2u+F+R2    51445.123    106 103102.245   103121.485   103649.130
204  TPM2u+F+R3    51445.122    108 103106.244   103126.248   103663.448
212  TPM2u+F+ASC+R2 51445.056    106 103102.111   103121.351   103648.996
213  TPM2u+F+ASC+R3 51445.043    108 103106.087   103126.090   103663.290
221  TPM3+F        51445.025    104 103098.050   103116.543   103634.616
222  TPM3+F+ASC    51445.024    104 103098.049   103116.542   103634.615
223  TPM3+F+G4     51444.853    105 103099.706   103118.570   103641.432
224  TPM3+F+ASC+G4 51444.852    105 103099.703   103118.568   103641.429
225  TPM3+F+R2     51444.444    106 103100.888   103120.128   103647.773
226  TPM3+F+R3     51444.442    108 103104.885   103124.888   103662.088
234  TPM3+F+ASC+R2 51444.370    106 103100.739   103119.979   103647.624
235  TPM3+F+ASC+R3 51444.366    108 103104.733   103124.736   103661.936
243  TPM3u+F       51445.025    104 103098.050   103116.542   103634.616
244  TPM3u+F+ASC   51445.024    104 103098.049   103116.542   103634.615
245  TPM3u+F+G4    51444.853    105 103099.706   103118.570   103641.432
246  TPM3u+F+ASC+G4 51444.852    105 103099.703   103118.568   103641.429
247  TPM3u+F+R2    51444.444    106 103100.887   103120.127   103647.772
248  TPM3u+F+R3    51444.442    108 103104.885   103124.888   103662.088
256  TPM3u+F+ASC+R2 51444.370    106 103100.739   103119.979   103647.624
257  TPM3u+F+ASC+R3 51444.366    108 103104.732   103124.735   103661.936
265  TIMe          51691.529    102 103587.058   103604.820   104113.306
266  TIMe+ASC      51691.493    102 103586.985   103604.747   104113.233
267  TIMe+G4       51690.706    103 103587.412   103605.537   104118.819
268  TIMe+ASC+G4   51690.704    103 103587.408   103605.534   104118.816
269  TIMe+R2       51690.040    104 103588.081   103606.574   104124.647
270  TIMe+R3       51690.040    106 103592.081   103611.321   104138.966
278  TIMe+ASC+R2   51689.960    104 103587.920   103606.413   104124.486
279  TIMe+ASC+R3   51689.960    106 103591.920   103611.160   104138.804
287  TIM+F         51444.406    105 103098.812   103117.676   103640.538
288  TIM+F+ASC     51444.400    105 103098.801   103117.665   103640.526
289  TIM+F+G4      51444.220    106 103100.441   103119.681   103647.326
290  TIM+F+ASC+G4  51444.219    106 103100.439   103119.679   103647.324
291  TIM+F+R2      51443.809    107 103101.619   103121.239   103653.663
292  TIM+F+R3      51443.808    109 103105.617   103126.008   103667.980
300  TIM+F+ASC+R2  51443.724    107 103101.449   103121.069   103653.493
301  TIM+F+ASC+R3  51443.710    109 103105.421   103125.812   103667.783
309  TIM2e         51679.323    102 103562.646   103580.408   104088.894
310  TIM2e+ASC     51679.316    102 103562.633   103580.395   104088.881
311  TIM2e+G4      51678.071    103 103562.142   103580.268   104093.550
312  TIM2e+ASC+G4  51678.068    103 103562.137   103580.262   104093.544
313  TIM2e+R2      51677.658    104 103563.316   103581.809   104099.883
314  TIM2e+R3      51677.646    106 103567.293   103586.533   104114.178
322  TIM2e+ASC+R2  51677.573    104 103563.147   103581.640   104099.713
323  TIM2e+ASC+R3  51677.572    106 103567.144   103586.384   104114.029
331  TIM2+F        51445.424    105 103100.848   103119.712   103642.574
332  TIM2+F+ASC    51445.417    105 103100.835   103119.699   103642.561
333  TIM2+F+G4     51445.242    106 103102.485   103121.725   103649.370
334  TIM2+F+ASC+G4 51445.242    106 103102.483   103121.723   103649.368
335  TIM2+F+R2     51444.789    107 103103.579   103123.199   103655.623
336  TIM2+F+R3     51444.789    109 103107.578   103127.969   103669.941
344  TIM2+F+ASC+R2 51444.707    107 103103.414   103123.033   103655.458
345  TIM2+F+ASC+R3 51444.692    109 103107.384   103127.775   103669.747
353  TIM3e         51676.033    102 103556.065   103573.827   104082.313
354  TIM3e+ASC     51676.007    102 103556.014   103573.776   104082.262
355  TIM3e+G4      51674.598    103 103555.197   103573.322   104086.604
356  TIM3e+ASC+G4  51674.596    103 103555.191   103573.316   104086.598
357  TIM3e+R2      51674.411    104 103556.821   103575.314   104093.387
358  TIM3e+R3      51674.367    106 103560.735   103579.975   104107.620
366  TIM3e+ASC+R2  51674.279    104 103556.558   103575.050   104093.124
367  TIM3e+ASC+R3  51673.495    106 103558.991   103578.231   104105.875
375  TIM3+F        51444.741    105 103099.483   103118.347   103641.209
376  TIM3+F+ASC    51444.734    105 103099.468   103118.333   103641.194
377  TIM3+F+G4     51444.570    106 103101.139   103120.379   103648.024
378  TIM3+F+ASC+G4 51444.567    106 103101.134   103120.374   103648.019
379  TIM3+F+R2     51444.237    107 103102.473   103122.093   103654.517
380  TIM3+F+R3     51444.234    109 103106.469   103126.860   103668.831
388  TIM3+F+ASC+R2 51444.148    107 103102.295   103121.915   103654.339
389  TIM3+F+ASC+R3 51444.029    109 103106.057   103126.448   103668.420
397  TVMe          51662.731    103 103531.463   103549.588   104062.870
398  TVMe+ASC      51662.698    103 103531.395   103549.520   104062.802
399  TVMe+G4       51660.665    104 103529.331   103547.824   104065.897
400  TVMe+ASC+G4   51660.662    104 103529.324   103547.817   104065.891
401  TVMe+R2       51660.791    105 103531.582   103550.447   104073.308
402  TVMe+R3       51660.710    107 103535.419   103555.039   104087.463
410  TVMe+ASC+R2   51660.672    105 103531.344   103550.208   104073.070
411  TVMe+ASC+R3   51660.586    107 103535.172   103554.792   104087.216
419  TVM+F         51443.295    106 103098.590   103117.830   103645.475
420  TVM+F+ASC     51443.287    106 103098.573   103117.813   103645.458
421  TVM+F+G4      51443.109    107 103100.218   103119.838   103652.262
422  TVM+F+ASC+G4  51443.108    107 103100.217   103119.836   103652.261
423  TVM+F+R2      51442.881    108 103101.761   103121.765   103658.965
424  TVM+F+R3      51442.878    110 103105.757   103126.540   103673.279
432  TVM+F+ASC+R2  51442.660    108 103101.319   103121.323   103658.523
433  TVM+F+ASC+R3  51442.625    110 103105.249   103126.032   103672.771
441  SYM           51662.677    104 103533.353   103551.846   104069.920
442  SYM+ASC       51662.624    104 103533.248   103551.741   104069.814
443  SYM+G4        51660.589    105 103531.178   103550.043   104072.904
444  SYM+ASC+G4    51660.586    105 103531.172   103550.036   104072.898
445  SYM+R2        51660.832    106 103533.664   103552.904   104080.549
446  SYM+R3        51660.778    108 103537.556   103557.559   104094.759
454  SYM+ASC+R2    51660.698    106 103533.396   103552.636   104080.281
455  SYM+ASC+R3    51660.648    108 103537.296   103557.300   104094.500
463  GTR+F         51443.002    107 103100.003   103119.623   103652.047
464  GTR+F+ASC     51442.997    107 103099.993   103119.613   103652.037
465  GTR+F+G4      51442.827    108 103101.654   103121.657   103658.857
466  GTR+F+ASC+G4  51442.825    108 103101.651   103121.654   103658.855
467  GTR+F+R2      51442.485    109 103102.971   103123.362   103665.334
468  GTR+F+R3      51442.483    111 103106.966   103128.145   103679.647
476  GTR+F+ASC+R2  51442.380    109 103102.761   103123.152   103665.124
477  GTR+F+ASC+R3  51442.322    111 103106.645   103127.823   103679.326
Akaike Information Criterion:           K3Pu+F+ASC
Corrected Akaike Information Criterion: HKY+F+ASC
Bayesian Information Criterion:         HKY+F+ASC
Best-fit model: HKY+F+ASC chosen according to BIC

All model information printed to /Users/barba/Desktop/rggs-copmarative_genomics_2_course/session_14/phylogenetic_analysis_tutorial/iqtree_gene_trees/448_38_ar_51t.fas.model.gz
CPU time for ModelFinder: 14.149 seconds (0h:0m:14s)
Wall-clock time for ModelFinder: 2.857 seconds (0h:0m:2s)

NOTE: 2 MB RAM (0 GB) is required!
Estimate model parameters (epsilon = 0.100)
1. Initial log-likelihood: -53892.901
2. Current log-likelihood: -51507.152
3. Current log-likelihood: -51447.588
4. Current log-likelihood: -51445.855
Optimal log-likelihood: -51445.784
Rate parameters:  A-C: 1.00000  A-G: 4.32283  A-T: 1.00000  C-G: 1.00000  C-T: 4.32283  G-T: 1.00000
Base frequencies:  A: 0.210  C: 0.295  G: 0.281  T: 0.214
Parameters optimization took 4 rounds (0.023 sec)
Computing ML distances based on estimated model parameters... 0.016 sec
Computing BIONJ tree...
0.001 seconds
Log-likelihood of BIONJ tree: -51450.956
--------------------------------------------------------------------
|             INITIALIZING CANDIDATE TREE SET                      |
--------------------------------------------------------------------
Generating 98 parsimony trees... 0.429 second
Computing log-likelihood of 98 initial trees ... 0.386 seconds
Current best score: -51445.784

Do NNI search on 20 best initial trees
Estimate model parameters (epsilon = 0.100)
BETTER TREE FOUND at iteration 1: -51437.805
Iteration 10 / LogL: -51437.805 / Time: 0h:0m:1s
Iteration 20 / LogL: -51437.805 / Time: 0h:0m:1s
Finish initializing candidate tree set (2)
Current best tree score: -51437.805 / CPU time: 1.470
Number of iterations: 20
--------------------------------------------------------------------
|               OPTIMIZING CANDIDATE TREE SET                      |
--------------------------------------------------------------------
Iteration 30 / LogL: -51437.805 / Time: 0h:0m:1s (0h:0m:4s left)
Iteration 40 / LogL: -51437.805 / Time: 0h:0m:2s (0h:0m:3s left)
Iteration 50 / LogL: -51437.805 / Time: 0h:0m:2s (0h:0m:2s left)
Iteration 60 / LogL: -51437.877 / Time: 0h:0m:3s (0h:0m:2s left)
Iteration 70 / LogL: -51437.805 / Time: 0h:0m:3s (0h:0m:1s left)
Iteration 80 / LogL: -51437.805 / Time: 0h:0m:4s (0h:0m:1s left)
Iteration 90 / LogL: -51437.877 / Time: 0h:0m:4s (0h:0m:0s left)
Iteration 100 / LogL: -51437.805 / Time: 0h:0m:5s (0h:0m:0s left)
TREE SEARCH COMPLETED AFTER 102 ITERATIONS / Time: 0h:0m:5s

--------------------------------------------------------------------
|                    FINALIZING TREE SEARCH                        |
--------------------------------------------------------------------
Performs final model parameters optimization
Estimate model parameters (epsilon = 0.010)
1. Initial log-likelihood: -51437.805
Optimal log-likelihood: -51437.805
Rate parameters:  A-C: 1.00000  A-G: 4.32132  A-T: 1.00000  C-G: 1.00000  C-T: 4.32132  G-T: 1.00000
Base frequencies:  A: 0.210  C: 0.295  G: 0.281  T: 0.214
Parameters optimization took 1 rounds (0.003 sec)
BEST SCORE FOUND : -51437.805
Total tree length: 19.154

Total number of iterations: 102
CPU time used for tree search: 25.198 sec (0h:0m:25s)
Wall-clock time used for tree search: 5.229 sec (0h:0m:5s)
Total CPU time used: 25.418 sec (0h:0m:25s)
Total wall-clock time used: 5.277 sec (0h:0m:5s)

Analysis results written to: 
  IQ-TREE report:                /Users/barba/Desktop/rggs-copmarative_genomics_2_course/session_14/phylogenetic_analysis_tutorial/iqtree_gene_trees/448_38_ar_51t.fas.iqtree
  Maximum-likelihood tree:       /Users/barba/Desktop/rggs-copmarative_genomics_2_course/session_14/phylogenetic_analysis_tutorial/iqtree_gene_trees/448_38_ar_51t.fas.treefile
  Likelihood distances:          /Users/barba/Desktop/rggs-copmarative_genomics_2_course/session_14/phylogenetic_analysis_tutorial/iqtree_gene_trees/448_38_ar_51t.fas.mldist
  Screen log file:               /Users/barba/Desktop/rggs-copmarative_genomics_2_course/session_14/phylogenetic_analysis_tutorial/iqtree_gene_trees/448_38_ar_51t.fas.log

Date and Time: Wed Dec  4 19:08:29 2024
