IQ-TREE multicore version 1.6.12 for Mac OS X 64-bit built Aug 15 2019
Developed by Bui Quang Minh, Nguyen Lam Tung, Olga Chernomor,
Heiko Schmidt, Dominik Schrempf, Michael Woodhams.

Host:    lamarck (SSE4.2, 64 GB RAM)
Command: /Users/barba/Desktop/rggs-copmarative_genomics_2_course/session_14/phylogenetic_analysis_tutorial/iqtree_gene_trees/iqtree -s /Users/barba/Desktop/rggs-copmarative_genomics_2_course/session_14/phylogenetic_analysis_tutorial/iqtree_gene_trees/448_200_ar_51t.fas -o Carcharhinidae -m MFP -nt 5
Seed:    286233 (Using SPRNG - Scalable Parallel Random Number Generator)
Time:    Wed Dec  4 19:00:01 2024
Kernel:  SSE2 - 5 threads (16 CPU cores detected)

Reading alignment file /Users/barba/Desktop/rggs-copmarative_genomics_2_course/session_14/phylogenetic_analysis_tutorial/iqtree_gene_trees/448_200_ar_51t.fas ... Fasta format detected
Alignment most likely contains DNA/RNA sequences
Alignment has 51 sequences with 1852 columns, 1852 distinct patterns
1851 parsimony-informative, 1 singleton sites, 0 constant sites
                   Gap/Ambiguity  Composition  p-value
   1  Pitheciidae          0.00%    passed     29.99%
   2  Scandentia           0.00%    passed     94.01%
   3  Erethizontidae       0.00%    passed     72.86%
   4  Capromyidae          0.00%    passed     54.90%
   5  Muridae              0.00%    passed     23.00%
   6  Castoridae           0.00%    passed     54.09%
   7  Suidae               0.00%    passed     29.91%
   8  Hippopotamidae       0.00%    passed     95.72%
   9  Hyperoodontidae      0.00%    passed     76.56%
  10  Vespertilionidae     0.00%    passed     69.14%
  11  Furipteridae         0.00%    passed     27.86%
  12  Rhinolophidae        0.00%    passed     88.56%
  13  Viverridae           0.00%    passed     85.73%
  14  Procyonidae          0.00%    passed     76.28%
  15  Myrmecophagidae      0.00%    passed     21.22%
  16  Caluromyidae         0.00%    passed     48.27%
  17  Thylacomyidae        0.00%    passed     10.29%
  18  Phalangeridae        0.00%    passed     52.31%
  19  Tityridae            0.00%    passed      7.19%
  20  Ptilonorhynchidae    0.00%    passed     10.67%
  21  Callaeatidae         0.00%    passed     35.71%
  22  Monarchidae          0.00%    passed     14.93%
  23  Malaconotidae        0.00%    passed     13.31%
  24  Certhiidae           0.00%    passed     26.38%
  25  Cinclidae            0.00%    passed     35.37%
  26  Ploceidae            0.00%    passed     35.04%
  27  Thraupidae           0.00%    passed     20.73%
  28  Alaudidae            0.00%    passed     40.49%
  29  Coraciiformes        0.00%    passed     36.16%
  30  Crocodylidae         0.00%    passed     84.68%
  31  Carettochelyidae     0.00%    passed     27.11%
  32  Kinosternidae        0.00%    passed     47.41%
  33  Anomalepididae       0.00%    passed     53.42%
  34  Loxocemidae          0.00%    passed     31.23%
  35  Natricidae           0.00%    passed     84.93%
  36  Xenosauridae         0.00%    passed     82.79%
  37  Teiidae              0.00%    passed      5.27%
  38  Eublepharidae        0.00%    passed     30.32%
  39  Dicamptodontidae     0.00%    passed     48.30%
  40  Alytidae             0.00%    passed     52.37%
  41  Heleophrynidae       0.00%    passed     51.20%
  42  Leptodactylidae      0.00%    passed     35.04%
  43  Strabomantidae       0.00%    passed      6.34%
  44  Micrixalidae         0.00%    passed     61.67%
  45  Hemisotidae          0.00%    passed     32.87%
  46  Asterophryidae       0.00%    passed     40.29%
  47  Caeciliidae2         0.00%    passed     63.27%
  48  Polypteriformes      0.00%    passed     74.31%
  49  Channichthyidae      0.00%    passed     81.70%
  50  Pseudaphritidae      0.00%    passed     35.60%
  51  Carcharhinidae       0.00%    passed      8.51%
****  TOTAL                0.00%  0 sequences failed composition chi2 test (p-value<5%; df=3)


Create initial parsimony tree by phylogenetic likelihood library (PLL)... 0.004 seconds
NOTE: ModelFinder requires 30 MB RAM!
ModelFinder will test 484 DNA models (sample size: 1852) ...
 No. Model         -LnL         df  AIC          AICc         BIC
  1  JC            71504.224    99  143206.448   143217.750   143753.327
  2  JC+ASC        71504.198    99  143206.396   143217.697   143753.274
  3  JC+G4         71477.790    100 143155.580   143167.116   143707.982
  4  JC+ASC+G4     71477.707    100 143155.414   143166.950   143707.816
  5  JC+R2         71480.129    101 143162.258   143174.031   143720.184
  6  JC+R3         71478.204    103 143162.408   143174.664   143731.382
 14  JC+ASC+R2     71478.168    101 143158.336   143170.109   143716.262
 15  JC+ASC+R3     71478.111    103 143162.222   143174.479   143731.196
 23  F81+F         72391.199    102 144986.398   144998.411   145549.848
 24  F81+F+ASC     72391.174    102 144986.347   144998.361   145549.798
 25  F81+F+G4      72381.492    103 144968.984   144981.240   145537.958
 26  F81+F+ASC+G4  72381.439    103 144968.879   144981.135   145537.853
 27  F81+F+R2      72380.536    104 144969.073   144981.574   145543.571
 28  F81+F+R3      72380.520    106 144973.041   144986.040   145558.587
 36  F81+F+ASC+R2  72380.462    104 144968.924   144981.426   145543.423
 37  F81+F+ASC+R3  72380.452    106 144972.904   144985.903   145558.450
 45  K2P           67785.941    100 135771.883   135783.419   136324.285
 46  K2P+ASC       67785.925    100 135771.850   135783.386   136324.252
 47  K2P+G4        67737.783    101 135677.565   135689.339   136235.492
 48  K2P+ASC+G4    67737.700    101 135677.400   135689.174   136235.326
 49  K2P+R2        67738.520    102 135681.041   135693.054   136244.491
 50  K2P+R3        67738.275    104 135684.550   135697.051   136259.048
 58  K2P+ASC+R2    67737.853    102 135679.706   135691.720   136243.156
 59  K2P+ASC+R3    67737.659    104 135683.317   135695.819   136257.815
 67  HKY+F         64344.514    103 128895.028   128907.284   129464.002
 68  HKY+F+ASC     64344.453    103 128894.906   128907.162   129463.880
 69  HKY+F+G4      64343.161    104 128894.322   128906.823   129468.820
 70  HKY+F+ASC+G4  64343.085    104 128894.170   128906.672   129468.669
 71  HKY+F+R2      64343.177    105 128896.353   128909.102   129476.375
 72  HKY+F+R3      64343.136    107 128900.272   128913.524   129491.342
 80  HKY+F+ASC+R2  64343.085    105 128896.169   128908.918   129476.191
 81  HKY+F+ASC+R3  64343.050    107 128900.101   128913.353   129491.171
 89  TNe           67783.176    101 135768.353   135780.127   136326.279
 90  TNe+ASC       67783.160    101 135768.321   135780.094   136326.247
 91  TNe+G4        67735.522    102 135675.045   135687.059   136238.495
 92  TNe+ASC+G4    67735.439    102 135674.878   135686.892   136238.329
 93  TNe+R2        67735.613    103 135677.226   135689.482   136246.200
 94  TNe+R3        67735.609    105 135681.218   135693.967   136261.240
102  TNe+ASC+R2    67735.471    103 135676.942   135689.198   136245.916
103  TNe+ASC+R3    67735.464    105 135680.927   135693.676   136260.949
111  TN+F          64344.234    104 128896.469   128908.970   129470.967
112  TN+F+ASC      64344.173    104 128896.347   128908.848   129470.845
113  TN+F+G4       64342.849    105 128895.699   128908.448   129475.721
114  TN+F+ASC+G4   64342.772    105 128895.544   128908.293   129475.566
115  TN+F+R2       64342.866    106 128897.733   128910.732   129483.279
116  TN+F+R3       64342.860    108 128901.719   128915.227   129498.314
124  TN+F+ASC+R2   64342.779    106 128897.557   128910.556   129483.103
125  TN+F+ASC+R3   64342.735    108 128901.469   128914.977   129498.063
133  K3P           67034.674    101 134271.349   134283.123   134829.275
134  K3P+ASC       67034.658    101 134271.315   134283.089   134829.241
135  K3P+G4        66985.372    102 134174.745   134186.759   134738.195
136  K3P+ASC+G4    66985.285    102 134174.569   134186.583   134738.020
137  K3P+R2        66985.170    103 134176.341   134188.597   134745.315
138  K3P+R3        66985.130    105 134180.259   134193.008   134760.282
146  K3P+ASC+R2    66985.000    103 134176.001   134188.257   134744.975
147  K3P+ASC+R3    66984.995    105 134179.989   134192.739   134760.012
155  K3Pu+F        64343.054    104 128894.107   128906.609   129468.606
156  K3Pu+F+ASC    64342.990    104 128893.981   128906.482   129468.479
157  K3Pu+F+G4     64341.713    105 128893.425   128906.175   129473.448
158  K3Pu+F+ASC+G4 64341.635    105 128893.270   128906.020   129473.293
159  K3Pu+F+R2     64341.756    106 128895.511   128908.511   129481.057
160  K3Pu+F+R3     64341.747    108 128899.494   128913.002   129496.088
168  K3Pu+F+ASC+R2 64341.672    106 128895.344   128908.343   129480.890
169  K3Pu+F+ASC+R3 64341.628    108 128899.255   128912.763   129495.850
177  TPM2+F        64343.835    104 128895.669   128908.171   129470.168
178  TPM2+F+ASC    64343.773    104 128895.545   128908.047   129470.043
179  TPM2+F+G4     64342.453    105 128894.907   128907.656   129474.929
180  TPM2+F+ASC+G4 64342.376    105 128894.751   128907.500   129474.774
181  TPM2+F+R2     64342.460    106 128896.921   128909.920   129482.467
182  TPM2+F+R3     64342.434    108 128900.868   128914.376   129497.462
190  TPM2+F+ASC+R2 64342.372    106 128896.744   128909.744   129482.290
191  TPM2+F+ASC+R3 64342.353    108 128900.706   128914.213   129497.300
199  TPM2u+F       64343.837    104 128895.675   128908.176   129470.173
200  TPM2u+F+ASC   64343.773    104 128895.547   128908.048   129470.045
201  TPM2u+F+G4    64342.453    105 128894.906   128907.655   129474.928
202  TPM2u+F+ASC+G4 64342.375    105 128894.751   128907.500   129474.773
203  TPM2u+F+R2    64342.442    106 128896.884   128909.884   129482.431
204  TPM2u+F+R3    64342.430    108 128900.860   128914.368   129497.454
212  TPM2u+F+ASC+R2 64342.358    106 128896.716   128909.716   129482.263
213  TPM2u+F+ASC+R3 64342.349    108 128900.697   128914.205   129497.292
221  TPM3+F        64344.419    104 128896.838   128909.340   129471.336
222  TPM3+F+ASC    64344.357    104 128896.714   128909.215   129471.212
223  TPM3+F+G4     64343.064    105 128896.128   128908.877   129476.150
224  TPM3+F+ASC+G4 64342.989    105 128895.978   128908.727   129476.001
225  TPM3+F+R2     64343.045    106 128898.091   128911.090   129483.637
226  TPM3+F+R3     64343.039    108 128902.078   128915.585   129498.672
234  TPM3+F+ASC+R2 64342.966    106 128897.931   128910.931   129483.477
235  TPM3+F+ASC+R3 64342.960    108 128901.919   128915.427   129498.513
243  TPM3u+F       64344.417    104 128896.835   128909.336   129471.333
244  TPM3u+F+ASC   64344.357    104 128896.713   128909.214   129471.211
245  TPM3u+F+G4    64343.064    105 128896.128   128908.877   129476.150
246  TPM3u+F+ASC+G4 64342.989    105 128895.978   128908.727   129476.001
247  TPM3u+F+R2    64343.037    106 128898.074   128911.074   129483.621
248  TPM3u+F+R3    64343.035    108 128902.070   128915.577   129498.664
256  TPM3u+F+ASC+R2 64342.958    106 128897.917   128910.916   129483.463
257  TPM3u+F+ASC+R3 64342.955    108 128901.910   128915.417   129498.504
265  TIMe          67031.886    102 134267.773   134279.786   134831.223
266  TIMe+ASC      67031.868    102 134267.737   134279.751   134831.187
267  TIMe+G4       66983.203    103 134172.406   134184.662   134741.380
268  TIMe+ASC+G4   66983.116    103 134172.233   134184.489   134741.207
269  TIMe+R2       66983.074    104 134174.148   134186.650   134748.647
270  TIMe+R3       66983.051    106 134178.102   134191.102   134763.649
278  TIMe+ASC+R2   66982.902    104 134173.805   134186.306   134748.303
279  TIMe+ASC+R3   66982.813    106 134177.626   134190.625   134763.172
287  TIM+F         64342.885    105 128895.770   128908.519   129475.792
288  TIM+F+ASC     64342.821    105 128895.641   128908.390   129475.663
289  TIM+F+G4      64341.405    106 128894.809   128907.809   129480.356
290  TIM+F+ASC+G4  64341.328    106 128894.655   128907.655   129480.202
291  TIM+F+R2      64341.447    107 128896.894   128910.146   129487.964
292  TIM+F+R3      64341.418    109 128900.836   128914.602   129502.954
300  TIM+F+ASC+R2  64341.361    107 128896.723   128909.975   129487.793
301  TIM+F+ASC+R3  64341.318    109 128900.635   128914.401   129502.754
309  TIM2e         67430.216    102 135064.432   135076.446   135627.883
310  TIM2e+ASC     67430.150    102 135064.301   135076.314   135627.751
311  TIM2e+G4      67355.510    103 134917.019   134929.275   135485.993
312  TIM2e+ASC+G4  67355.214    103 134916.428   134928.685   135485.403
313  TIM2e+R2      67355.886    104 134919.772   134932.273   135494.270
314  TIM2e+R3      67355.269    106 134922.538   134935.537   135508.084
322  TIM2e+ASC+R2  67355.309    104 134918.619   134931.120   135493.117
323  TIM2e+ASC+R3  67354.972    106 134921.943   134934.942   135507.489
331  TIM2+F        64343.587    105 128897.175   128909.924   129477.197
332  TIM2+F+ASC    64343.524    105 128897.049   128909.798   129477.071
333  TIM2+F+G4     64342.155    106 128896.311   128909.310   129481.857
334  TIM2+F+ASC+G4 64342.078    106 128896.156   128909.155   129481.702
335  TIM2+F+R2     64342.274    107 128898.547   128911.800   129489.618
336  TIM2+F+R3     64342.230    109 128902.460   128916.226   129504.578
344  TIM2+F+ASC+R2 64342.169    107 128898.338   128911.591   129489.409
345  TIM2+F+ASC+R3 64342.135    109 128902.270   128916.035   129504.388
353  TIM3e         67431.790    102 135067.579   135079.593   135631.029
354  TIM3e+ASC     67431.730    102 135067.461   135079.474   135630.911
355  TIM3e+G4      67359.050    103 134924.100   134936.357   135493.075
356  TIM3e+ASC+G4  67358.781    103 134923.562   134935.818   135492.536
357  TIM3e+R2      67359.006    104 134926.012   134938.513   135500.510
358  TIM3e+R3      67358.499    106 134928.999   134941.998   135514.545
366  TIM3e+ASC+R2  67358.527    104 134925.055   134937.556   135499.553
367  TIM3e+ASC+R3  67358.235    106 134928.470   134941.469   135514.016
375  TIM3+F        64344.233    105 128898.467   128911.216   129478.489
376  TIM3+F+ASC    64344.172    105 128898.344   128911.093   129478.366
377  TIM3+F+G4     64342.777    106 128897.554   128910.554   129483.101
378  TIM3+F+ASC+G4 64342.701    106 128897.403   128910.402   129482.949
379  TIM3+F+R2     64342.979    107 128899.958   128913.211   129491.029
380  TIM3+F+R3     64342.973    109 128903.946   128917.711   129506.064
388  TIM3+F+ASC+R2 64342.894    107 128899.787   128913.040   129490.858
389  TIM3+F+ASC+R3 64342.868    109 128903.736   128917.502   129505.854
397  TVMe          66867.016    103 133940.031   133952.288   134509.006
398  TVMe+ASC      66866.911    103 133939.823   133952.079   134508.797
399  TVMe+G4       66784.158    104 133776.316   133788.818   134350.814
400  TVMe+ASC+G4   66783.677    104 133775.355   133787.856   134349.853
401  TVMe+R2       66783.207    105 133776.414   133789.163   134356.436
402  TVMe+R3       66782.448    107 133778.895   133792.147   134369.965
410  TVMe+ASC+R2   66782.666    105 133775.333   133788.082   134355.355
411  TVMe+ASC+R3   66782.050    107 133778.100   133791.352   134369.170
419  TVM+F         64342.861    106 128897.721   128910.721   129483.268
420  TVM+F+ASC     64342.731    106 128897.462   128910.461   129483.008
421  TVM+F+G4      64341.442    107 128896.884   128910.136   129487.954
422  TVM+F+ASC+G4  64341.353    107 128896.705   128909.958   129487.776
423  TVM+F+R2      64341.607    108 128899.214   128912.722   129495.809
424  TVM+F+R3      64341.563    110 128903.125   128917.152   129510.767
432  TVM+F+ASC+R2  64341.524    108 128899.047   128912.555   129495.642
433  TVM+F+ASC+R3  64341.480    110 128902.961   128916.987   129510.603
441  SYM           66864.768    104 133937.536   133950.037   134512.034
442  SYM+ASC       66864.660    104 133937.320   133949.821   134511.818
443  SYM+G4        66782.440    105 133774.881   133787.630   134354.903
444  SYM+ASC+G4    66781.954    105 133773.908   133786.657   134353.930
445  SYM+R2        66781.189    106 133774.379   133787.378   134359.925
446  SYM+R3        66780.613    108 133777.227   133790.734   134373.821
454  SYM+ASC+R2    66780.723    106 133773.446   133786.446   134358.993
455  SYM+ASC+R3    66780.236    108 133776.472   133789.979   134373.066
463  GTR+F         64342.525    107 128899.050   128912.303   129490.121
464  GTR+F+ASC     64342.462    107 128898.923   128912.175   129489.993
465  GTR+F+G4      64341.142    108 128898.283   128911.791   129494.878
466  GTR+F+ASC+G4  64341.058    108 128898.117   128911.625   129494.711
467  GTR+F+R2      64341.310    109 128900.620   128914.386   129502.739
468  GTR+F+R3      64341.282    111 128904.565   128918.855   129517.731
476  GTR+F+ASC+R2  64341.240    109 128900.479   128914.245   129502.597
477  GTR+F+ASC+R3  64341.198    111 128904.397   128918.686   129517.563
Akaike Information Criterion:           K3Pu+F+ASC+G4
Corrected Akaike Information Criterion: K3Pu+F+ASC+G4
Bayesian Information Criterion:         HKY+F+ASC
Best-fit model: HKY+F+ASC chosen according to BIC

All model information printed to /Users/barba/Desktop/rggs-copmarative_genomics_2_course/session_14/phylogenetic_analysis_tutorial/iqtree_gene_trees/448_200_ar_51t.fas.model.gz
CPU time for ModelFinder: 39.654 seconds (0h:0m:39s)
Wall-clock time for ModelFinder: 7.972 seconds (0h:0m:7s)

NOTE: 3 MB RAM (0 GB) is required!
Estimate model parameters (epsilon = 0.100)
1. Initial log-likelihood: -73174.436
2. Current log-likelihood: -70008.676
3. Current log-likelihood: -65733.212
4. Current log-likelihood: -65315.617
5. Current log-likelihood: -64932.741
6. Current log-likelihood: -64605.653
7. Current log-likelihood: -64417.031
8. Current log-likelihood: -64358.128
9. Current log-likelihood: -64346.499
10. Current log-likelihood: -64344.761
11. Current log-likelihood: -64344.490
Optimal log-likelihood: -64344.455
Rate parameters:  A-C: 1.00000  A-G: 10.30592  A-T: 1.00000  C-G: 1.00000  C-T: 10.30592  G-T: 1.00000
Base frequencies:  A: 0.109  C: 0.385  G: 0.392  T: 0.115
Parameters optimization took 11 rounds (0.081 sec)
Computing ML distances based on estimated model parameters... 0.033 sec
Computing BIONJ tree...
0.001 seconds
Log-likelihood of BIONJ tree: -64265.054
--------------------------------------------------------------------
|             INITIALIZING CANDIDATE TREE SET                      |
--------------------------------------------------------------------
Generating 98 parsimony trees... 0.478 second
Computing log-likelihood of 98 initial trees ... 0.489 seconds
Current best score: -64265.054

Do NNI search on 20 best initial trees
Estimate model parameters (epsilon = 0.100)
BETTER TREE FOUND at iteration 1: -64259.821
Iteration 10 / LogL: -64259.831 / Time: 0h:0m:1s
Iteration 20 / LogL: -64259.857 / Time: 0h:0m:1s
Finish initializing candidate tree set (1)
Current best tree score: -64259.821 / CPU time: 1.683
Number of iterations: 20
--------------------------------------------------------------------
|               OPTIMIZING CANDIDATE TREE SET                      |
--------------------------------------------------------------------
Iteration 30 / LogL: -64259.823 / Time: 0h:0m:2s (0h:0m:5s left)
Iteration 40 / LogL: -64259.832 / Time: 0h:0m:2s (0h:0m:4s left)
Iteration 50 / LogL: -64259.830 / Time: 0h:0m:3s (0h:0m:3s left)
UPDATE BEST LOG-LIKELIHOOD: -64259.821
Iteration 60 / LogL: -64259.821 / Time: 0h:0m:3s (0h:0m:2s left)
Iteration 70 / LogL: -64259.896 / Time: 0h:0m:4s (0h:0m:1s left)
Iteration 80 / LogL: -64259.908 / Time: 0h:0m:4s (0h:0m:1s left)
Iteration 90 / LogL: -64259.844 / Time: 0h:0m:4s (0h:0m:0s left)
Iteration 100 / LogL: -64259.821 / Time: 0h:0m:5s (0h:0m:0s left)
TREE SEARCH COMPLETED AFTER 102 ITERATIONS / Time: 0h:0m:5s

--------------------------------------------------------------------
|                    FINALIZING TREE SEARCH                        |
--------------------------------------------------------------------
Performs final model parameters optimization
Estimate model parameters (epsilon = 0.010)
1. Initial log-likelihood: -64259.821
Optimal log-likelihood: -64259.816
Rate parameters:  A-C: 1.00000  A-G: 10.35767  A-T: 1.00000  C-G: 1.00000  C-T: 10.35767  G-T: 1.00000
Base frequencies:  A: 0.109  C: 0.385  G: 0.392  T: 0.115
Parameters optimization took 1 rounds (0.005 sec)
BEST SCORE FOUND : -64259.816
Total tree length: 18.172

Total number of iterations: 102
CPU time used for tree search: 25.689 sec (0h:0m:25s)
Wall-clock time used for tree search: 5.374 sec (0h:0m:5s)
Total CPU time used: 26.255 sec (0h:0m:26s)
Total wall-clock time used: 5.488 sec (0h:0m:5s)

Analysis results written to: 
  IQ-TREE report:                /Users/barba/Desktop/rggs-copmarative_genomics_2_course/session_14/phylogenetic_analysis_tutorial/iqtree_gene_trees/448_200_ar_51t.fas.iqtree
  Maximum-likelihood tree:       /Users/barba/Desktop/rggs-copmarative_genomics_2_course/session_14/phylogenetic_analysis_tutorial/iqtree_gene_trees/448_200_ar_51t.fas.treefile
  Likelihood distances:          /Users/barba/Desktop/rggs-copmarative_genomics_2_course/session_14/phylogenetic_analysis_tutorial/iqtree_gene_trees/448_200_ar_51t.fas.mldist
  Screen log file:               /Users/barba/Desktop/rggs-copmarative_genomics_2_course/session_14/phylogenetic_analysis_tutorial/iqtree_gene_trees/448_200_ar_51t.fas.log

Date and Time: Wed Dec  4 19:00:14 2024
