IQ-TREE multicore version 1.6.12 for Mac OS X 64-bit built Aug 15 2019
Developed by Bui Quang Minh, Nguyen Lam Tung, Olga Chernomor,
Heiko Schmidt, Dominik Schrempf, Michael Woodhams.

Host:    lamarck (SSE4.2, 64 GB RAM)
Command: /Users/barba/Desktop/rggs-copmarative_genomics_2_course/session_14/phylogenetic_analysis_tutorial/iqtree_gene_trees/iqtree -s /Users/barba/Desktop/rggs-copmarative_genomics_2_course/session_14/phylogenetic_analysis_tutorial/iqtree_gene_trees/448_271_ar_51t.fas -o Carcharhinidae -m MFP -nt 5
Seed:    914229 (Using SPRNG - Scalable Parallel Random Number Generator)
Time:    Wed Dec  4 19:03:34 2024
Kernel:  SSE2 - 5 threads (16 CPU cores detected)

Reading alignment file /Users/barba/Desktop/rggs-copmarative_genomics_2_course/session_14/phylogenetic_analysis_tutorial/iqtree_gene_trees/448_271_ar_51t.fas ... Fasta format detected
Alignment most likely contains DNA/RNA sequences
Alignment has 51 sequences with 2128 columns, 2127 distinct patterns
2121 parsimony-informative, 5 singleton sites, 2 constant sites
                   Gap/Ambiguity  Composition  p-value
   1  Pitheciidae          0.00%    passed     90.97%
   2  Scandentia           0.00%    passed     55.15%
   3  Erethizontidae       0.00%    passed     59.19%
   4  Capromyidae          0.00%    passed     68.67%
   5  Muridae              0.00%    passed     86.12%
   6  Castoridae           0.00%    passed     94.14%
   7  Suidae               0.00%    passed     69.21%
   8  Hippopotamidae       0.00%    passed     89.20%
   9  Hyperoodontidae      0.00%    passed     61.07%
  10  Vespertilionidae     0.00%    passed     85.14%
  11  Furipteridae         0.00%    passed     82.98%
  12  Rhinolophidae        0.00%    passed     88.94%
  13  Viverridae           0.00%    passed     69.89%
  14  Procyonidae          0.00%    passed     35.29%
  15  Myrmecophagidae      0.00%    passed     94.88%
  16  Caluromyidae         0.00%    passed     78.33%
  17  Thylacomyidae        0.00%    passed     65.89%
  18  Phalangeridae        0.00%    passed     45.44%
  19  Tityridae            0.00%    passed     96.44%
  20  Ptilonorhynchidae    0.00%    passed     73.44%
  21  Callaeatidae         0.00%    passed     90.90%
  22  Monarchidae          0.00%    passed     93.98%
  23  Malaconotidae        0.00%    passed     85.86%
  24  Certhiidae           0.00%    passed     99.22%
  25  Cinclidae            0.00%    passed     51.36%
  26  Ploceidae            0.00%    passed     92.18%
  27  Thraupidae           0.00%    passed     99.09%
  28  Alaudidae            0.00%    passed     88.16%
  29  Coraciiformes        0.00%    passed     93.11%
  30  Crocodylidae         0.00%    passed     99.76%
  31  Carettochelyidae     0.00%    passed     71.40%
  32  Kinosternidae        0.00%    passed     86.86%
  33  Anomalepididae       0.00%    passed     93.85%
  34  Loxocemidae          0.00%    passed     47.43%
  35  Natricidae           0.00%    passed     51.18%
  36  Xenosauridae         0.00%    passed     97.72%
  37  Teiidae              0.00%    passed     72.75%
  38  Eublepharidae        0.00%    passed     94.32%
  39  Dicamptodontidae     0.00%    passed     51.38%
  40  Alytidae             0.00%    passed     21.07%
  41  Heleophrynidae       0.00%    passed     85.71%
  42  Leptodactylidae      0.00%    passed     76.63%
  43  Strabomantidae       0.00%    passed     44.80%
  44  Micrixalidae         0.00%    passed     48.02%
  45  Hemisotidae          0.00%    passed     70.57%
  46  Asterophryidae       0.00%    passed     70.20%
  47  Caeciliidae2         0.00%    passed     92.87%
  48  Polypteriformes      0.00%    passed      7.30%
  49  Channichthyidae      0.00%    passed     35.95%
  50  Pseudaphritidae      0.00%    passed     79.46%
  51  Carcharhinidae       0.00%    passed     50.70%
****  TOTAL                0.00%  0 sequences failed composition chi2 test (p-value<5%; df=3)


Create initial parsimony tree by phylogenetic likelihood library (PLL)... 0.005 seconds
NOTE: ModelFinder requires 35 MB RAM!
ModelFinder will test 286 DNA models (sample size: 2128) ...
 No. Model         -LnL         df  AIC          AICc         BIC
  1  JC            68201.345    99  136600.689   136610.453   137161.320
  2  JC+I          68199.459    100 136598.918   136608.883   137165.212
  3  JC+G4         68201.628    100 136603.256   136613.222   137169.550
  4  JC+I+G4       68199.797    101 136601.595   136611.764   137173.551
  5  JC+R2         68201.674    101 136605.349   136615.518   137177.305
  6  JC+R3         68201.520    103 136609.041   136619.626   137192.323
 14  F81+F         68200.657    102 136605.314   136615.690   137182.934
 15  F81+F+I       68198.822    103 136603.644   136614.229   137186.926
 16  F81+F+G4      68200.961    103 136607.921   136618.506   137191.204
 17  F81+F+I+G4    68199.172    104 136606.344   136617.140   137195.290
 18  F81+F+R2      68200.933    104 136609.866   136620.662   137198.812
 19  F81+F+R3      68200.790    106 136613.579   136624.803   137213.850
 27  K2P           63817.239    100 127834.477   127844.443   128400.771
 28  K2P+I         63814.804    101 127831.608   127841.778   128403.565
 29  K2P+G4        63816.999    101 127835.998   127846.168   128407.955
 30  K2P+I+G4      63814.715    102 127833.429   127843.805   128411.049
 31  K2P+R2        63817.157    102 127838.314   127848.690   128415.933
 32  K2P+R3        63817.152    104 127842.305   127853.101   128431.250
 40  HKY+F         63820.366    103 127846.732   127857.317   128430.015
 41  HKY+F+I       63818.038    104 127844.076   127854.872   128433.022
 42  HKY+F+G4      63820.095    104 127848.190   127858.986   128437.135
 43  HKY+F+I+G4    63817.925    105 127845.851   127856.859   128440.459
 44  HKY+F+R2      63820.274    105 127850.547   127861.556   128445.156
 45  HKY+F+R3      63820.267    107 127854.534   127865.976   128460.468
 53  TNe           63815.971    101 127833.942   127844.112   128405.899
 54  TNe+I         63813.531    102 127831.062   127841.438   128408.682
 55  TNe+G4        63815.778    102 127835.555   127845.931   128413.175
 56  TNe+I+G4      63813.469    103 127832.938   127843.523   128416.220
 57  TNe+R2        63815.897    103 127837.795   127848.380   128421.077
 58  TNe+R3        63815.892    105 127841.784   127852.793   128436.393
 66  TN+F          63814.337    104 127836.674   127847.470   128425.620
 67  TN+F+I        63811.994    105 127833.988   127844.997   128428.597
 68  TN+F+G4       63814.163    105 127838.325   127849.334   128432.934
 69  TN+F+I+G4     63811.941    106 127835.882   127847.106   128436.153
 70  TN+F+R2       63814.270    106 127840.540   127851.764   128440.811
 71  TN+F+R3       63814.265    108 127844.531   127856.192   128456.128
 79  K3P           63817.115    101 127836.230   127846.400   128408.187
 80  K3P+I         63814.680    102 127833.360   127843.736   128410.980
 81  K3P+G4        63816.877    102 127837.754   127848.130   128415.373
 82  K3P+I+G4      63814.591    103 127835.182   127845.767   128418.465
 83  K3P+R2        63817.022    103 127840.044   127850.629   128423.327
 84  K3P+R3        63817.013    105 127844.027   127855.036   128438.635
 92  K3Pu+F        63820.240    104 127848.480   127859.276   128437.426
 93  K3Pu+F+I      63817.912    105 127845.824   127856.833   128440.433
 94  K3Pu+F+G4     63819.970    105 127849.940   127860.949   128444.549
 95  K3Pu+F+I+G4   63817.800    106 127847.600   127858.824   128447.872
 96  K3Pu+F+R2     63820.136    106 127852.272   127863.496   128452.543
 97  K3Pu+F+R3     63820.125    108 127856.250   127867.911   128467.847
105  TPM2+F        63820.341    104 127848.682   127859.478   128437.627
106  TPM2+F+I      63817.999    105 127845.998   127857.007   128440.607
107  TPM2+F+G4     63820.068    105 127850.135   127861.144   128444.744
108  TPM2+F+I+G4   63817.887    106 127847.774   127858.998   128448.046
109  TPM2+F+R2     63820.230    106 127852.459   127863.683   128452.730
110  TPM2+F+R3     63820.217    108 127856.434   127868.096   128468.032
118  TPM2u+F       63820.337    104 127848.673   127859.469   128437.619
119  TPM2u+F+I     63817.999    105 127845.999   127857.008   128440.607
120  TPM2u+F+G4    63820.068    105 127850.135   127861.144   128444.744
121  TPM2u+F+I+G4  63817.888    106 127847.775   127858.999   128448.047
122  TPM2u+F+R2    63820.226    106 127852.453   127863.677   128452.724
123  TPM2u+F+R3    63820.213    108 127856.426   127868.087   128468.023
131  TPM3+F        63820.211    104 127848.422   127859.218   128437.367
132  TPM3+F+I      63817.862    105 127845.725   127856.733   128440.333
133  TPM3+F+G4     63819.942    105 127849.884   127860.892   128444.492
134  TPM3+F+I+G4   63817.752    106 127847.504   127858.728   128447.775
135  TPM3+F+R2     63820.096    106 127852.192   127863.416   128452.463
136  TPM3+F+R3     63820.082    108 127856.163   127867.824   128467.760
144  TPM3u+F       63820.211    104 127848.422   127859.218   128437.367
145  TPM3u+F+I     63817.862    105 127845.724   127856.733   128440.332
146  TPM3u+F+G4    63819.942    105 127849.883   127860.892   128444.491
147  TPM3u+F+I+G4  63817.752    106 127847.503   127858.727   128447.774
148  TPM3u+F+R2    63820.093    106 127852.185   127863.409   128452.457
149  TPM3u+F+R3    63820.077    108 127856.154   127867.815   128467.752
157  TIMe          63815.846    102 127835.693   127846.069   128413.312
158  TIMe+I        63813.406    103 127832.813   127843.398   128416.095
159  TIMe+G4       63815.654    103 127837.308   127847.893   128420.590
160  TIMe+I+G4     63813.345    104 127834.689   127845.485   128423.635
161  TIMe+R2       63815.757    104 127839.513   127850.309   128428.459
162  TIMe+R3       63815.748    106 127843.496   127854.720   128443.767
170  TIM+F         63814.213    105 127838.427   127849.436   128433.035
171  TIM+F+I       63811.869    106 127835.738   127846.962   128436.010
172  TIM+F+G4      63814.038    106 127840.076   127851.300   128440.347
173  TIM+F+I+G4    63811.816    107 127837.631   127849.073   128443.566
174  TIM+F+R2      63814.133    107 127842.266   127853.707   128448.200
175  TIM+F+R3      63814.128    109 127846.255   127858.138   128463.516
183  TIM2e         63815.920    102 127835.840   127846.217   128413.460
184  TIM2e+I       63813.466    103 127832.932   127843.517   128416.214
185  TIM2e+G4      63815.727    103 127837.454   127848.039   128420.736
186  TIM2e+I+G4    63813.405    104 127834.809   127845.605   128423.755
187  TIM2e+R2      63815.827    104 127839.655   127850.451   128428.600
188  TIM2e+R3      63815.820    106 127843.639   127854.864   128443.911
196  TIM2+F        63814.315    105 127838.631   127849.640   128433.239
197  TIM2+F+I      63811.961    106 127835.922   127847.146   128436.194
198  TIM2+F+G4     63814.143    106 127840.287   127851.511   128440.558
199  TIM2+F+I+G4   63811.908    107 127837.817   127849.258   128443.751
200  TIM2+F+R2     63814.234    107 127842.468   127853.909   128448.402
201  TIM2+F+R3     63814.229    109 127846.459   127858.342   128463.719
209  TIM3e         63815.492    102 127834.984   127845.361   128412.604
210  TIM3e+I       63813.014    103 127832.028   127842.613   128415.311
211  TIM3e+G4      63815.294    103 127836.587   127847.172   128419.870
212  TIM3e+I+G4    63812.950    104 127833.901   127844.697   128422.846
213  TIM3e+R2      63815.394    104 127838.787   127849.583   128427.733
214  TIM3e+R3      63815.386    106 127842.773   127853.997   128443.044
222  TIM3+F        63814.187    105 127838.375   127849.384   128432.983
223  TIM3+F+I      63811.825    106 127835.650   127846.874   128435.922
224  TIM3+F+G4     63814.015    106 127840.029   127851.253   128440.301
225  TIM3+F+I+G4   63811.774    107 127837.547   127848.989   128443.481
226  TIM3+F+R2     63814.106    107 127842.212   127853.653   128448.146
227  TIM3+F+R3     63814.102    109 127846.203   127858.086   128463.464
235  TVMe          63816.578    103 127839.155   127849.740   128422.438
236  TVMe+I        63814.086    104 127836.173   127846.968   128425.118
237  TVMe+G4       63816.329    104 127840.658   127851.454   128429.604
238  TVMe+I+G4     63813.995    105 127837.989   127848.998   128432.598
239  TVMe+R2       63816.451    105 127842.902   127853.911   128437.510
240  TVMe+R3       63816.440    107 127846.879   127858.321   128452.814
248  TVM+F         63820.075    106 127852.149   127863.373   128452.421
249  TVM+F+I       63817.711    107 127849.422   127860.864   128455.357
250  TVM+F+G4      63819.798    107 127853.595   127865.037   128459.530
251  TVM+F+I+G4    63817.595    108 127851.191   127862.852   128462.788
252  TVM+F+R2      63819.934    108 127855.867   127867.528   128467.465
253  TVM+F+R3      63819.907    110 127859.815   127871.922   128482.738
261  SYM           63815.330    104 127838.660   127849.456   128427.606
262  SYM+I         63812.840    105 127835.679   127846.688   128430.288
263  SYM+G4        63815.137    105 127840.274   127851.282   128434.882
264  SYM+I+G4      63812.778    106 127837.556   127848.780   128437.827
265  SYM+R2        63815.228    106 127842.456   127853.680   128442.727
266  SYM+R3        63815.221    108 127846.441   127858.102   128458.038
274  GTR+F         63814.030    107 127842.059   127853.501   128447.994
275  GTR+F+I       63811.656    108 127839.312   127850.973   128450.910
276  GTR+F+G4      63813.858    108 127843.716   127855.377   128455.313
277  GTR+F+I+G4    63811.605    109 127841.210   127853.093   128458.470
278  GTR+F+R2      63813.946    109 127845.892   127857.775   128463.152
279  GTR+F+R3      63813.943    111 127849.887   127862.220   128478.473
Akaike Information Criterion:           TNe+I
Corrected Akaike Information Criterion: TNe+I
Bayesian Information Criterion:         K2P
Best-fit model: K2P chosen according to BIC

All model information printed to /Users/barba/Desktop/rggs-copmarative_genomics_2_course/session_14/phylogenetic_analysis_tutorial/iqtree_gene_trees/448_271_ar_51t.fas.model.gz
CPU time for ModelFinder: 12.328 seconds (0h:0m:12s)
Wall-clock time for ModelFinder: 2.486 seconds (0h:0m:2s)

NOTE: 3 MB RAM (0 GB) is required!
Estimate model parameters (epsilon = 0.100)
1. Initial log-likelihood: -68251.312
2. Current log-likelihood: -66448.495
3. Current log-likelihood: -65631.463
4. Current log-likelihood: -65215.225
5. Current log-likelihood: -64105.258
6. Current log-likelihood: -63821.492
7. Current log-likelihood: -63817.267
Optimal log-likelihood: -63817.239
Rate parameters:  A-C: 1.00000  A-G: 5.41891  A-T: 1.00000  C-G: 1.00000  C-T: 5.41891  G-T: 1.00000
Base frequencies:  A: 0.250  C: 0.250  G: 0.250  T: 0.250
Parameters optimization took 7 rounds (0.058 sec)
Computing ML distances based on estimated model parameters... 0.036 sec
Computing BIONJ tree...
0.001 seconds
Log-likelihood of BIONJ tree: -63804.167
--------------------------------------------------------------------
|             INITIALIZING CANDIDATE TREE SET                      |
--------------------------------------------------------------------
Generating 98 parsimony trees... 0.508 second
Computing log-likelihood of 98 initial trees ... 0.488 seconds
Current best score: -63804.167

Do NNI search on 20 best initial trees
Estimate model parameters (epsilon = 0.100)
BETTER TREE FOUND at iteration 1: -63792.719
Iteration 10 / LogL: -63792.798 / Time: 0h:0m:1s
Iteration 20 / LogL: -63793.180 / Time: 0h:0m:1s
Finish initializing candidate tree set (1)
Current best tree score: -63792.719 / CPU time: 1.670
Number of iterations: 20
--------------------------------------------------------------------
|               OPTIMIZING CANDIDATE TREE SET                      |
--------------------------------------------------------------------
Iteration 30 / LogL: -63795.453 / Time: 0h:0m:2s (0h:0m:5s left)
Iteration 40 / LogL: -63793.967 / Time: 0h:0m:2s (0h:0m:4s left)
Iteration 50 / LogL: -63792.775 / Time: 0h:0m:3s (0h:0m:3s left)
Iteration 60 / LogL: -63792.731 / Time: 0h:0m:3s (0h:0m:2s left)
Iteration 70 / LogL: -63793.059 / Time: 0h:0m:3s (0h:0m:1s left)
Iteration 80 / LogL: -63792.724 / Time: 0h:0m:4s (0h:0m:1s left)
Iteration 90 / LogL: -63798.069 / Time: 0h:0m:4s (0h:0m:0s left)
Iteration 100 / LogL: -63794.409 / Time: 0h:0m:5s (0h:0m:0s left)
TREE SEARCH COMPLETED AFTER 102 ITERATIONS / Time: 0h:0m:5s

--------------------------------------------------------------------
|                    FINALIZING TREE SEARCH                        |
--------------------------------------------------------------------
Performs final model parameters optimization
Estimate model parameters (epsilon = 0.010)
1. Initial log-likelihood: -63792.719
Optimal log-likelihood: -63792.719
Rate parameters:  A-C: 1.00000  A-G: 5.43164  A-T: 1.00000  C-G: 1.00000  C-T: 5.43164  G-T: 1.00000
Base frequencies:  A: 0.250  C: 0.250  G: 0.250  T: 0.250
Parameters optimization took 1 rounds (0.005 sec)
BEST SCORE FOUND : -63792.719
Total tree length: 9.818

Total number of iterations: 102
CPU time used for tree search: 25.499 sec (0h:0m:25s)
Wall-clock time used for tree search: 5.357 sec (0h:0m:5s)
Total CPU time used: 25.927 sec (0h:0m:25s)
Total wall-clock time used: 5.443 sec (0h:0m:5s)

Analysis results written to: 
  IQ-TREE report:                /Users/barba/Desktop/rggs-copmarative_genomics_2_course/session_14/phylogenetic_analysis_tutorial/iqtree_gene_trees/448_271_ar_51t.fas.iqtree
  Maximum-likelihood tree:       /Users/barba/Desktop/rggs-copmarative_genomics_2_course/session_14/phylogenetic_analysis_tutorial/iqtree_gene_trees/448_271_ar_51t.fas.treefile
  Likelihood distances:          /Users/barba/Desktop/rggs-copmarative_genomics_2_course/session_14/phylogenetic_analysis_tutorial/iqtree_gene_trees/448_271_ar_51t.fas.mldist
  Screen log file:               /Users/barba/Desktop/rggs-copmarative_genomics_2_course/session_14/phylogenetic_analysis_tutorial/iqtree_gene_trees/448_271_ar_51t.fas.log

Date and Time: Wed Dec  4 19:03:42 2024
