IQ-TREE multicore version 1.6.12 for Mac OS X 64-bit built Aug 15 2019
Developed by Bui Quang Minh, Nguyen Lam Tung, Olga Chernomor,
Heiko Schmidt, Dominik Schrempf, Michael Woodhams.

Host:    lamarck (SSE4.2, 64 GB RAM)
Command: /Users/barba/Desktop/rggs-copmarative_genomics_2_course/session_14/phylogenetic_analysis_tutorial/iqtree_gene_trees/iqtree -s /Users/barba/Desktop/rggs-copmarative_genomics_2_course/session_14/phylogenetic_analysis_tutorial/iqtree_gene_trees/448_119_ar_51t.fas -o Carcharhinidae -m MFP -nt 5
Seed:    567764 (Using SPRNG - Scalable Parallel Random Number Generator)
Time:    Wed Dec  4 18:56:16 2024
Kernel:  SSE2 - 5 threads (16 CPU cores detected)

Reading alignment file /Users/barba/Desktop/rggs-copmarative_genomics_2_course/session_14/phylogenetic_analysis_tutorial/iqtree_gene_trees/448_119_ar_51t.fas ... Fasta format detected
Alignment most likely contains DNA/RNA sequences
Alignment has 51 sequences with 1276 columns, 1221 distinct patterns
1138 parsimony-informative, 111 singleton sites, 27 constant sites
                   Gap/Ambiguity  Composition  p-value
   1  Pitheciidae          0.00%    passed     73.26%
   2  Scandentia           0.00%    passed     86.75%
   3  Erethizontidae       0.00%    passed     98.11%
   4  Capromyidae          0.00%    passed     97.99%
   5  Muridae              0.00%    passed     97.29%
   6  Castoridae           0.00%    passed     98.67%
   7  Suidae               0.00%    passed     78.43%
   8  Hippopotamidae       0.00%    passed     66.33%
   9  Hyperoodontidae      0.00%    passed     81.71%
  10  Vespertilionidae     0.00%    passed     78.78%
  11  Furipteridae         0.00%    passed     64.86%
  12  Rhinolophidae        0.00%    passed     90.63%
  13  Viverridae           0.00%    passed     97.94%
  14  Procyonidae          0.00%    passed     99.08%
  15  Myrmecophagidae      0.00%    passed     95.44%
  16  Caluromyidae         0.00%    passed     99.61%
  17  Thylacomyidae        0.00%    passed     85.62%
  18  Phalangeridae        0.00%    passed     77.54%
  19  Tityridae            0.00%    passed     55.99%
  20  Ptilonorhynchidae    0.00%    passed     86.23%
  21  Callaeatidae         0.00%    passed     87.16%
  22  Monarchidae          0.00%    passed     85.89%
  23  Malaconotidae        0.00%    passed     80.04%
  24  Certhiidae           0.00%    passed     76.54%
  25  Cinclidae            0.00%    passed     79.19%
  26  Ploceidae            0.00%    passed     69.10%
  27  Thraupidae           0.00%    passed     69.10%
  28  Alaudidae            0.00%    passed     90.85%
  29  Coraciiformes        0.00%    passed     64.54%
  30  Crocodylidae         0.00%    passed     86.56%
  31  Carettochelyidae     0.00%    passed     92.82%
  32  Kinosternidae        0.00%    passed     80.47%
  33  Anomalepididae       0.00%    passed     99.72%
  34  Loxocemidae          0.00%    passed     57.89%
  35  Natricidae           0.00%    passed     85.55%
  36  Xenosauridae         0.00%    passed     79.74%
  37  Teiidae              0.00%    passed     99.23%
  38  Eublepharidae        0.00%    passed     84.12%
  39  Dicamptodontidae     0.00%    passed     99.80%
  40  Alytidae             0.00%    passed     64.35%
  41  Heleophrynidae       0.00%    passed     79.35%
  42  Leptodactylidae      0.00%    passed     89.76%
  43  Strabomantidae       0.00%    passed     73.97%
  44  Micrixalidae         0.00%    passed      9.90%
  45  Hemisotidae          0.00%    passed     41.76%
  46  Asterophryidae       0.00%    passed     19.14%
  47  Caeciliidae2         0.00%    passed     57.96%
  48  Polypteriformes      0.00%    passed     36.24%
  49  Channichthyidae      0.00%    passed     38.37%
  50  Pseudaphritidae      0.00%    passed     16.07%
  51  Carcharhinidae       0.00%    passed     38.50%
****  TOTAL                0.00%  0 sequences failed composition chi2 test (p-value<5%; df=3)


Create initial parsimony tree by phylogenetic likelihood library (PLL)... 0.003 seconds
NOTE: ModelFinder requires 20 MB RAM!
ModelFinder will test 286 DNA models (sample size: 1276) ...
 No. Model         -LnL         df  AIC          AICc         BIC
  1  JC            25910.084    99  52018.168    52035.005    52528.165
  2  JC+I          25901.818    100 52003.637    52020.828    52518.785
  3  JC+G4         25887.113    100 51974.226    51991.418    52489.375
  4  JC+I+G4       25886.205    101 51974.410    51991.961    52494.710
  5  JC+R2         25884.564    101 51971.129    51988.679    52491.429
  6  JC+R3         25884.557    103 51975.115    51993.395    52505.718
 14  F81+F         25827.373    102 51858.746    51876.659    52384.198
 15  F81+F+I       25823.957    103 51853.914    51872.194    52384.517
 16  F81+F+G4      25825.414    103 51856.827    51875.107    52387.430
 17  F81+F+I+G4    25823.470    104 51854.941    51873.592    52390.695
 18  F81+F+R2      25823.586    104 51855.172    51873.823    52390.926
 19  F81+F+R3      25823.556    106 51859.112    51878.517    52405.170
 27  K2P           23810.933    100 47821.866    47839.058    48337.015
 28  K2P+I         23798.879    101 47799.758    47817.308    48320.058
 29  K2P+G4        23769.177    101 47740.353    47757.904    48260.653
 30  K2P+I+G4      23768.288    102 47740.576    47758.489    48266.027
 31  K2P+R2        23766.217    102 47736.434    47754.347    48261.885
 32  K2P+R3        23766.180    104 47740.360    47759.010    48276.114
 40  HKY+F         23040.938    103 46287.877    46306.156    46818.480
 41  HKY+F+I       23040.938    104 46289.875    46308.526    46825.630
 42  HKY+F+G4      23040.369    104 46288.738    46307.389    46824.492
 43  HKY+F+I+G4    23040.711    105 46291.421    46310.447    46832.327
 44  HKY+F+R2      23040.183    105 46290.365    46309.391    46831.271
 45  HKY+F+R3      23040.129    107 46294.258    46314.046    46845.467
 53  TNe           23810.934    101 47823.867    47841.417    48344.167
 54  TNe+I         23798.871    102 47801.741    47819.654    48327.193
 55  TNe+G4        23769.162    102 47742.324    47760.238    48267.776
 56  TNe+I+G4      23768.515    103 47743.029    47761.309    48273.632
 57  TNe+R2        23766.612    103 47739.224    47757.504    48269.827
 58  TNe+R3        23766.554    105 47743.107    47762.133    48284.013
 66  TN+F          23040.733    104 46289.467    46308.118    46825.221
 67  TN+F+I        23040.733    105 46291.466    46310.492    46832.372
 68  TN+F+G4       23040.199    105 46290.398    46309.424    46831.304
 69  TN+F+I+G4     23040.419    106 46292.838    46312.242    46838.895
 70  TN+F+R2       23040.147    106 46292.295    46311.700    46838.352
 71  TN+F+R3       23040.080    108 46296.160    46316.335    46852.520
 79  K3P           23774.155    101 47750.311    47767.861    48270.611
 80  K3P+I         23762.339    102 47728.679    47746.592    48254.130
 81  K3P+G4        23730.839    102 47665.678    47683.591    48191.130
 82  K3P+I+G4      23730.389    103 47666.778    47685.058    48197.381
 83  K3P+R2        23728.870    103 47663.739    47682.019    48194.342
 84  K3P+R3        23728.805    105 47667.610    47686.636    48208.516
 92  K3Pu+F        23040.740    104 46289.481    46308.132    46825.235
 93  K3Pu+F+I      23040.740    105 46291.479    46310.505    46832.385
 94  K3Pu+F+G4     23040.184    105 46290.368    46309.393    46831.274
 95  K3Pu+F+I+G4   23040.348    106 46292.695    46312.100    46838.753
 96  K3Pu+F+R2     23040.139    106 46292.279    46311.683    46838.336
 97  K3Pu+F+R3     23040.070    108 46296.140    46316.315    46852.501
105  TPM2+F        23040.372    104 46288.743    46307.394    46824.498
106  TPM2+F+I      23040.371    105 46290.743    46309.768    46831.649
107  TPM2+F+G4     23039.831    105 46289.663    46308.689    46830.569
108  TPM2+F+I+G4   23039.965    106 46291.930    46311.334    46837.987
109  TPM2+F+R2     23039.749    106 46291.499    46310.903    46837.556
110  TPM2+F+R3     23039.699    108 46295.397    46315.572    46851.758
118  TPM2u+F       23040.372    104 46288.745    46307.395    46824.499
119  TPM2u+F+I     23040.371    105 46290.743    46309.768    46831.649
120  TPM2u+F+G4    23039.832    105 46289.663    46308.689    46830.569
121  TPM2u+F+I+G4  23039.945    106 46291.890    46311.294    46837.947
122  TPM2u+F+R2    23039.716    106 46291.432    46310.837    46837.490
123  TPM2u+F+R3    23039.681    108 46295.363    46315.538    46851.723
131  TPM3+F        23040.736    104 46289.472    46308.123    46825.226
132  TPM3+F+I      23040.736    105 46291.471    46310.497    46832.377
133  TPM3+F+G4     23040.172    105 46290.343    46309.369    46831.249
134  TPM3+F+I+G4   23040.271    106 46292.542    46311.946    46838.599
135  TPM3+F+R2     23040.023    106 46292.047    46311.451    46838.104
136  TPM3+F+R3     23040.003    108 46296.007    46316.182    46852.367
144  TPM3u+F       23040.737    104 46289.473    46308.124    46825.228
145  TPM3u+F+I     23040.736    105 46291.471    46310.497    46832.377
146  TPM3u+F+G4    23040.172    105 46290.343    46309.369    46831.249
147  TPM3u+F+I+G4  23040.257    106 46292.513    46311.918    46838.571
148  TPM3u+F+R2    23040.013    106 46292.025    46311.430    46838.083
149  TPM3u+F+R3    23040.000    108 46295.999    46316.174    46852.359
157  TIMe          23774.154    102 47752.307    47770.220    48277.759
158  TIMe+I        23762.332    103 47730.664    47748.944    48261.267
159  TIMe+G4       23730.817    103 47667.634    47685.914    48198.237
160  TIMe+I+G4     23730.582    104 47669.164    47687.815    48204.919
161  TIMe+R2       23728.922    104 47665.843    47684.494    48201.598
162  TIMe+R3       23728.836    106 47669.672    47689.077    48215.729
170  TIM+F         23040.539    105 46291.079    46310.105    46831.985
171  TIM+F+I       23040.538    106 46293.076    46312.481    46839.133
172  TIM+F+G4      23040.014    106 46292.028    46311.432    46838.085
173  TIM+F+I+G4    23040.106    107 46294.212    46313.999    46845.421
174  TIM+F+R2      23040.011    107 46294.022    46313.810    46845.231
175  TIM+F+R3      23039.928    109 46297.855    46318.421    46859.367
183  TIM2e         23774.359    102 47752.717    47770.630    48278.169
184  TIM2e+I       23761.205    103 47728.409    47746.689    48259.012
185  TIM2e+G4      23717.013    103 47640.025    47658.305    48170.628
186  TIM2e+I+G4    23716.849    104 47641.697    47660.348    48177.452
187  TIM2e+R2      23715.552    104 47639.104    47657.754    48174.858
188  TIM2e+R3      23715.469    106 47642.939    47662.344    48188.996
196  TIM2+F        23040.175    105 46290.349    46309.375    46831.255
197  TIM2+F+I      23040.174    106 46292.348    46311.752    46838.405
198  TIM2+F+G4     23039.667    106 46291.334    46310.739    46837.392
199  TIM2+F+I+G4   23039.748    107 46293.496    46313.284    46844.705
200  TIM2+F+R2     23039.633    107 46293.266    46313.054    46844.475
201  TIM2+F+R3     23039.618    109 46297.237    46317.803    46858.749
209  TIM3e         23776.857    102 47757.715    47775.628    48283.166
210  TIM3e+I       23763.322    103 47732.644    47750.924    48263.247
211  TIM3e+G4      23719.891    103 47645.781    47664.061    48176.384
212  TIM3e+I+G4    23719.723    104 47647.446    47666.097    48183.200
213  TIM3e+R2      23718.449    104 47644.898    47663.549    48180.653
214  TIM3e+R3      23718.419    106 47648.837    47668.242    48194.895
222  TIM3+F        23040.533    105 46291.066    46310.092    46831.972
223  TIM3+F+I      23040.532    106 46293.064    46312.469    46839.121
224  TIM3+F+G4     23040.010    106 46292.020    46311.424    46838.077
225  TIM3+F+I+G4   23040.076    107 46294.152    46313.940    46845.361
226  TIM3+F+R2     23039.985    107 46293.969    46313.757    46845.178
227  TIM3+F+R3     23039.982    109 46297.965    46318.531    46859.477
235  TVMe          23731.116    103 47668.232    47686.512    48198.835
236  TVMe+I        23716.854    104 47641.707    47660.358    48177.462
237  TVMe+G4       23659.003    104 47526.005    47544.656    48061.760
238  TVMe+I+G4     23658.936    105 47527.871    47546.897    48068.777
239  TVMe+R2       23658.406    105 47526.813    47545.839    48067.719
240  TVMe+R3       23658.398    107 47530.797    47550.584    48082.006
248  TVM+F         23040.172    106 46292.344    46311.749    46838.402
249  TVM+F+I       23040.162    107 46294.323    46314.111    46845.532
250  TVM+F+G4      23039.629    107 46293.257    46313.045    46844.466
251  TVM+F+I+G4    23039.673    108 46295.346    46315.521    46851.706
252  TVM+F+R2      23039.685    108 46295.369    46315.544    46851.730
253  TVM+F+R3      23039.656    110 46299.312    46320.273    46865.975
261  SYM           23731.122    104 47670.244    47688.895    48205.999
262  SYM+I         23716.843    105 47643.685    47662.711    48184.591
263  SYM+G4        23658.963    105 47527.927    47546.952    48068.833
264  SYM+I+G4      23658.912    106 47529.824    47549.228    48075.881
265  SYM+R2        23658.377    106 47528.754    47548.158    48074.811
266  SYM+R3        23658.368    108 47532.737    47552.912    48089.097
274  GTR+F         23039.960    107 46293.920    46313.707    46845.129
275  GTR+F+I       23039.954    108 46295.908    46316.083    46852.269
276  GTR+F+G4      23039.473    108 46294.946    46315.121    46851.306
277  GTR+F+I+G4    23039.508    109 46297.017    46317.583    46858.529
278  GTR+F+R2      23039.538    109 46297.075    46317.641    46858.587
279  GTR+F+R3      23039.477    111 46300.955    46322.316    46872.770
Akaike Information Criterion:           HKY+F
Corrected Akaike Information Criterion: HKY+F
Bayesian Information Criterion:         HKY+F
Best-fit model: HKY+F chosen according to BIC

All model information printed to /Users/barba/Desktop/rggs-copmarative_genomics_2_course/session_14/phylogenetic_analysis_tutorial/iqtree_gene_trees/448_119_ar_51t.fas.model.gz
CPU time for ModelFinder: 30.574 seconds (0h:0m:30s)
Wall-clock time for ModelFinder: 6.150 seconds (0h:0m:6s)

NOTE: 2 MB RAM (0 GB) is required!
Estimate model parameters (epsilon = 0.100)
1. Initial log-likelihood: -25888.247
2. Current log-likelihood: -23092.228
3. Current log-likelihood: -23041.295
4. Current log-likelihood: -23040.945
Optimal log-likelihood: -23040.938
Rate parameters:  A-C: 1.00000  A-G: 10.40634  A-T: 1.00000  C-G: 1.00000  C-T: 10.40634  G-T: 1.00000
Base frequencies:  A: 0.138  C: 0.362  G: 0.361  T: 0.139
Parameters optimization took 4 rounds (0.019 sec)
Computing ML distances based on estimated model parameters... 0.025 sec
Computing BIONJ tree...
0.001 seconds
Log-likelihood of BIONJ tree: -23032.968
--------------------------------------------------------------------
|             INITIALIZING CANDIDATE TREE SET                      |
--------------------------------------------------------------------
Generating 98 parsimony trees... 0.293 second
Computing log-likelihood of 98 initial trees ... 0.322 seconds
Current best score: -23032.767

Do NNI search on 20 best initial trees
Estimate model parameters (epsilon = 0.100)
BETTER TREE FOUND at iteration 1: -23013.421
UPDATE BEST LOG-LIKELIHOOD: -23013.421
Iteration 10 / LogL: -23013.569 / Time: 0h:0m:0s
Iteration 20 / LogL: -23013.569 / Time: 0h:0m:1s
Finish initializing candidate tree set (1)
Current best tree score: -23013.421 / CPU time: 0.968
Number of iterations: 20
--------------------------------------------------------------------
|               OPTIMIZING CANDIDATE TREE SET                      |
--------------------------------------------------------------------
Iteration 30 / LogL: -23013.423 / Time: 0h:0m:1s (0h:0m:3s left)
Iteration 40 / LogL: -23013.486 / Time: 0h:0m:1s (0h:0m:2s left)
Iteration 50 / LogL: -23013.580 / Time: 0h:0m:1s (0h:0m:2s left)
Iteration 60 / LogL: -23013.442 / Time: 0h:0m:2s (0h:0m:1s left)
Iteration 70 / LogL: -23013.506 / Time: 0h:0m:2s (0h:0m:1s left)
Iteration 80 / LogL: -23013.456 / Time: 0h:0m:2s (0h:0m:0s left)
Iteration 90 / LogL: -23014.690 / Time: 0h:0m:3s (0h:0m:0s left)
Iteration 100 / LogL: -23013.421 / Time: 0h:0m:3s (0h:0m:0s left)
TREE SEARCH COMPLETED AFTER 102 ITERATIONS / Time: 0h:0m:3s

--------------------------------------------------------------------
|                    FINALIZING TREE SEARCH                        |
--------------------------------------------------------------------
Performs final model parameters optimization
Estimate model parameters (epsilon = 0.010)
1. Initial log-likelihood: -23013.421
Optimal log-likelihood: -23013.421
Rate parameters:  A-C: 1.00000  A-G: 10.37311  A-T: 1.00000  C-G: 1.00000  C-T: 10.37311  G-T: 1.00000
Base frequencies:  A: 0.138  C: 0.362  G: 0.361  T: 0.139
Parameters optimization took 1 rounds (0.003 sec)
BEST SCORE FOUND : -23013.421
Total tree length: 5.848

Total number of iterations: 102
CPU time used for tree search: 17.176 sec (0h:0m:17s)
Wall-clock time used for tree search: 3.518 sec (0h:0m:3s)
Total CPU time used: 17.379 sec (0h:0m:17s)
Total wall-clock time used: 3.559 sec (0h:0m:3s)

Analysis results written to: 
  IQ-TREE report:                /Users/barba/Desktop/rggs-copmarative_genomics_2_course/session_14/phylogenetic_analysis_tutorial/iqtree_gene_trees/448_119_ar_51t.fas.iqtree
  Maximum-likelihood tree:       /Users/barba/Desktop/rggs-copmarative_genomics_2_course/session_14/phylogenetic_analysis_tutorial/iqtree_gene_trees/448_119_ar_51t.fas.treefile
  Likelihood distances:          /Users/barba/Desktop/rggs-copmarative_genomics_2_course/session_14/phylogenetic_analysis_tutorial/iqtree_gene_trees/448_119_ar_51t.fas.mldist
  Screen log file:               /Users/barba/Desktop/rggs-copmarative_genomics_2_course/session_14/phylogenetic_analysis_tutorial/iqtree_gene_trees/448_119_ar_51t.fas.log

Date and Time: Wed Dec  4 18:56:26 2024
