IQ-TREE multicore version 1.6.12 for Mac OS X 64-bit built Aug 15 2019
Developed by Bui Quang Minh, Nguyen Lam Tung, Olga Chernomor,
Heiko Schmidt, Dominik Schrempf, Michael Woodhams.

Host:    lamarck (SSE4.2, 64 GB RAM)
Command: /Users/barba/Desktop/rggs-copmarative_genomics_2_course/session_14/phylogenetic_analysis_tutorial/iqtree_gene_trees/iqtree -s /Users/barba/Desktop/rggs-copmarative_genomics_2_course/session_14/phylogenetic_analysis_tutorial/iqtree_gene_trees/448_335_ar_51t.fas -o Carcharhinidae -m MFP -nt 5
Seed:    518895 (Using SPRNG - Scalable Parallel Random Number Generator)
Time:    Wed Dec  4 19:06:56 2024
Kernel:  SSE2 - 5 threads (16 CPU cores detected)

Reading alignment file /Users/barba/Desktop/rggs-copmarative_genomics_2_course/session_14/phylogenetic_analysis_tutorial/iqtree_gene_trees/448_335_ar_51t.fas ... Fasta format detected
Alignment most likely contains DNA/RNA sequences
Alignment has 51 sequences with 1077 columns, 1074 distinct patterns
1031 parsimony-informative, 42 singleton sites, 4 constant sites
                   Gap/Ambiguity  Composition  p-value
   1  Pitheciidae          0.00%    passed     95.64%
   2  Scandentia           0.00%    passed     90.29%
   3  Erethizontidae       0.00%    passed     69.55%
   4  Capromyidae          0.00%    passed     60.55%
   5  Muridae              0.00%    passed     95.31%
   6  Castoridae           0.00%    passed     24.83%
   7  Suidae               0.00%    passed     90.20%
   8  Hippopotamidae       0.00%    passed     95.99%
   9  Hyperoodontidae      0.00%    passed     72.13%
  10  Vespertilionidae     0.00%    passed     63.69%
  11  Furipteridae         0.00%    passed     91.93%
  12  Rhinolophidae        0.00%    passed     98.16%
  13  Viverridae           0.00%    passed     58.51%
  14  Procyonidae          0.00%    passed     99.51%
  15  Myrmecophagidae      0.00%    passed     35.50%
  16  Caluromyidae         0.00%    passed     86.79%
  17  Thylacomyidae        0.00%    passed     67.97%
  18  Phalangeridae        0.00%    passed     61.79%
  19  Tityridae            0.00%    passed     82.36%
  20  Ptilonorhynchidae    0.00%    passed     84.28%
  21  Callaeatidae         0.00%    passed     79.91%
  22  Monarchidae          0.00%    passed     87.40%
  23  Malaconotidae        0.00%    passed     95.79%
  24  Certhiidae           0.00%    passed     95.13%
  25  Cinclidae            0.00%    passed     88.87%
  26  Ploceidae            0.00%    passed     99.55%
  27  Thraupidae           0.00%    passed     97.75%
  28  Alaudidae            0.00%    passed     95.13%
  29  Coraciiformes        0.00%    passed     45.16%
  30  Crocodylidae         0.00%    passed     38.40%
  31  Carettochelyidae     0.00%    passed     57.36%
  32  Kinosternidae        0.00%    passed     22.38%
  33  Anomalepididae       0.00%    passed     93.58%
  34  Loxocemidae          0.00%    passed     61.22%
  35  Natricidae           0.00%    passed     19.42%
  36  Xenosauridae         0.00%    passed     72.97%
  37  Teiidae              0.00%    passed     53.76%
  38  Eublepharidae        0.00%    passed      8.77%
  39  Dicamptodontidae     0.00%    passed     96.07%
  40  Alytidae             0.00%    passed     46.91%
  41  Heleophrynidae       0.00%    passed     75.88%
  42  Leptodactylidae      0.00%    passed     92.87%
  43  Strabomantidae       0.00%    passed     62.06%
  44  Micrixalidae         0.00%    passed     92.96%
  45  Hemisotidae          0.00%    passed     64.69%
  46  Asterophryidae       0.00%    passed     62.70%
  47  Caeciliidae2         0.00%    passed     79.38%
  48  Polypteriformes      0.00%    passed     68.53%
  49  Channichthyidae      0.00%    passed     45.53%
  50  Pseudaphritidae      0.00%    passed     38.99%
  51  Carcharhinidae       0.00%    passed     57.35%
****  TOTAL                0.00%  0 sequences failed composition chi2 test (p-value<5%; df=3)


Create initial parsimony tree by phylogenetic likelihood library (PLL)... 0.002 seconds
NOTE: ModelFinder requires 17 MB RAM!
ModelFinder will test 286 DNA models (sample size: 1077) ...
 No. Model         -LnL         df  AIC          AICc         BIC
  1  JC            29296.463    99  58790.926    58811.192    59284.137
  2  JC+I          29294.822    100 58789.643    58810.340    59287.837
  3  JC+G4         29232.857    100 58665.715    58686.411    59163.908
  4  JC+I+G4       29232.982    101 58667.964    58689.097    59171.140
  5  JC+R2         29227.337    101 58656.673    58677.805    59159.849
  6  JC+R3         29226.975    103 58659.950    58681.969    59173.090
 14  F81+F         30185.898    102 60575.796    60597.368    61083.953
 15  F81+F+I       30184.721    103 60575.442    60597.461    61088.582
 16  F81+F+G4      30156.943    103 60519.885    60541.904    61033.025
 17  F81+F+I+G4    30156.976    104 60521.952    60544.421    61040.073
 18  F81+F+R2      30157.178    104 60522.356    60544.825    61040.477
 19  F81+F+R3      30156.918    106 60525.836    60549.221    61053.921
 27  K2P           26853.347    100 53906.694    53927.391    54404.888
 28  K2P+I         26851.063    101 53904.127    53925.259    54407.302
 29  K2P+G4        26763.374    101 53728.748    53749.880    54231.923
 30  K2P+I+G4      26763.405    102 53730.809    53752.382    54238.967
 31  K2P+R2        26753.463    102 53710.926    53732.499    54219.084
 32  K2P+R3        26752.812    104 53713.623    53736.092    54231.744
 40  HKY+F         25123.944    103 50453.887    50475.906    50967.026
 41  HKY+F+I       25123.942    104 50455.885    50478.354    50974.006
 42  HKY+F+G4      25123.895    104 50455.790    50478.259    50973.911
 43  HKY+F+I+G4    25123.902    105 50457.803    50480.728    50980.907
 44  HKY+F+R2      25124.006    105 50458.011    50480.936    50981.115
 45  HKY+F+R3      25123.958    107 50461.917    50485.768    50994.984
 53  TNe           26853.344    101 53908.688    53929.820    54411.864
 54  TNe+I         26851.041    102 53906.082    53927.655    54414.239
 55  TNe+G4        26763.364    102 53730.728    53752.300    54238.885
 56  TNe+I+G4      26763.372    103 53732.743    53754.762    54245.883
 57  TNe+R2        26753.254    103 53712.508    53734.527    54225.647
 58  TNe+R3        26752.889    105 53715.778    53738.703    54238.882
 66  TN+F          25123.848    104 50455.696    50478.165    50973.818
 67  TN+F+I        25123.845    105 50457.690    50480.615    50980.793
 68  TN+F+G4       25123.797    105 50457.594    50480.518    50980.697
 69  TN+F+I+G4     25123.799    106 50459.599    50482.984    50987.684
 70  TN+F+R2       25123.887    106 50459.773    50483.159    50987.858
 71  TN+F+R3       25123.839    108 50463.678    50488.000    51001.727
 79  K3P           26633.052    101 53468.103    53489.235    53971.278
 80  K3P+I         26630.793    102 53465.586    53487.159    53973.743
 81  K3P+G4        26543.242    102 53290.484    53312.057    53798.641
 82  K3P+I+G4      26543.249    103 53292.498    53314.516    53805.637
 83  K3P+R2        26531.170    103 53268.340    53290.358    53781.479
 84  K3P+R3        26530.619    105 53271.238    53294.163    53794.341
 92  K3Pu+F        25120.596    104 50449.192    50471.661    50967.313
 93  K3Pu+F+I      25120.595    105 50451.191    50474.115    50974.294
 94  K3Pu+F+G4     25120.539    105 50451.078    50474.003    50974.181
 95  K3Pu+F+I+G4   25120.543    106 50453.085    50476.471    50981.170
 96  K3Pu+F+R2     25120.666    106 50453.332    50476.717    50981.417
 97  K3Pu+F+R3     25120.615    108 50457.230    50481.552    50995.279
105  TPM2+F        25123.461    104 50454.922    50477.391    50973.043
106  TPM2+F+I      25123.460    105 50456.919    50479.844    50980.023
107  TPM2+F+G4     25123.399    105 50456.798    50479.723    50979.901
108  TPM2+F+I+G4   25123.399    106 50458.798    50482.184    50986.884
109  TPM2+F+R2     25123.458    106 50458.917    50482.302    50987.002
110  TPM2+F+R3     25123.451    108 50462.903    50487.225    51000.952
118  TPM2u+F       25123.459    104 50454.918    50477.387    50973.039
119  TPM2u+F+I     25123.458    105 50456.916    50479.841    50980.019
120  TPM2u+F+G4    25123.399    105 50456.798    50479.722    50979.901
121  TPM2u+F+I+G4  25123.399    106 50458.798    50482.184    50986.883
122  TPM2u+F+R2    25123.438    106 50458.876    50482.262    50986.962
123  TPM2u+F+R3    25123.421    108 50462.843    50487.165    51000.892
131  TPM3+F        25122.080    104 50452.159    50474.629    50970.281
132  TPM3+F+I      25122.080    105 50454.159    50477.084    50977.262
133  TPM3+F+G4     25122.011    105 50454.022    50476.947    50977.125
134  TPM3+F+I+G4   25122.011    106 50456.022    50479.408    50984.107
135  TPM3+F+R2     25122.017    106 50456.034    50479.419    50984.119
136  TPM3+F+R3     25122.006    108 50460.012    50484.334    50998.061
144  TPM3u+F       25122.071    104 50452.142    50474.611    50970.263
145  TPM3u+F+I     25122.070    105 50454.141    50477.066    50977.244
146  TPM3u+F+G4    25122.000    105 50454.000    50476.925    50977.103
147  TPM3u+F+I+G4  25122.000    106 50456.001    50479.386    50984.086
148  TPM3u+F+R2    25121.995    106 50455.990    50479.375    50984.075
149  TPM3u+F+R3    25121.985    108 50459.970    50484.292    50998.019
157  TIMe          26633.020    102 53470.040    53491.613    53978.198
158  TIMe+I        26630.774    103 53467.548    53489.567    53980.688
159  TIMe+G4       26543.239    103 53292.477    53314.496    53805.616
160  TIMe+I+G4     26543.234    104 53294.468    53316.937    53812.589
161  TIMe+R2       26531.148    104 53270.297    53292.766    53788.418
162  TIMe+R3       26530.529    106 53273.058    53296.444    53801.144
170  TIM+F         25120.535    105 50451.070    50473.995    50974.173
171  TIM+F+I       25120.497    106 50452.995    50476.381    50981.080
172  TIM+F+G4      25120.433    106 50452.865    50476.251    50980.950
173  TIM+F+I+G4    25120.431    107 50454.861    50478.713    50987.928
174  TIM+F+R2      25120.542    107 50455.084    50478.936    50988.151
175  TIM+F+R3      25120.516    109 50459.032    50483.831    51002.063
183  TIM2e         26747.018    102 53698.036    53719.609    54206.193
184  TIM2e+I       26745.001    103 53696.002    53718.020    54209.141
185  TIM2e+G4      26636.715    103 53479.430    53501.449    53992.570
186  TIM2e+I+G4    26636.715    104 53481.429    53503.898    53999.550
187  TIM2e+R2      26620.955    104 53449.910    53472.379    53968.031
188  TIM2e+R3      26620.232    106 53452.463    53475.849    53980.549
196  TIM2+F        25123.369    105 50456.739    50479.663    50979.842
197  TIM2+F+I      25123.369    106 50458.738    50482.124    50986.823
198  TIM2+F+G4     25123.308    106 50458.616    50482.001    50986.701
199  TIM2+F+I+G4   25123.308    107 50460.616    50484.467    50993.683
200  TIM2+F+R2     25123.419    107 50460.839    50484.690    50993.906
201  TIM2+F+R3     25123.395    109 50464.790    50489.588    51007.821
209  TIM3e         26749.730    102 53703.460    53725.033    54211.617
210  TIM3e+I       26746.789    103 53699.578    53721.597    54212.717
211  TIM3e+G4      26641.779    103 53489.559    53511.577    54002.698
212  TIM3e+I+G4    26641.779    104 53491.558    53514.027    54009.679
213  TIM3e+R2      26627.298    104 53462.596    53485.065    53980.717
214  TIM3e+R3      26626.318    106 53464.637    53488.023    53992.722
222  TIM3+F        25121.984    105 50453.969    50476.893    50977.072
223  TIM3+F+I      25121.984    106 50455.967    50479.353    50984.052
224  TIM3+F+G4     25121.912    106 50455.824    50479.210    50983.909
225  TIM3+F+I+G4   25121.913    107 50457.826    50481.677    50990.893
226  TIM3+F+R2     25122.021    107 50458.041    50481.893    50991.108
227  TIM3+F+R3     25122.006    109 50462.013    50486.811    51005.044
235  TVMe          26586.653    103 53379.306    53401.325    53892.445
236  TVMe+I        26584.111    104 53376.222    53398.691    53894.343
237  TVMe+G4       26467.738    104 53143.476    53165.945    53661.597
238  TVMe+I+G4     26467.737    105 53145.474    53168.398    53668.577
239  TVMe+R2       26444.075    105 53098.150    53121.075    53621.253
240  TVMe+R3       26442.854    107 53099.708    53123.560    53632.775
248  TVM+F         25120.356    106 50452.713    50476.098    50980.798
249  TVM+F+I       25120.356    107 50454.711    50478.562    50987.778
250  TVM+F+G4      25120.329    107 50454.658    50478.509    50987.725
251  TVM+F+I+G4    25120.293    108 50456.586    50480.908    50994.635
252  TVM+F+R2      25120.393    108 50456.786    50481.108    50994.835
253  TVM+F+R3      25120.377    110 50460.755    50486.034    51008.768
261  SYM           26586.630    104 53381.260    53403.730    53899.382
262  SYM+I         26584.088    105 53378.175    53401.100    53901.278
263  SYM+G4        26467.784    105 53145.568    53168.493    53668.671
264  SYM+I+G4      26467.777    106 53147.553    53170.939    53675.638
265  SYM+R2        26444.133    106 53100.267    53123.652    53628.352
266  SYM+R3        26442.572    108 53101.144    53125.466    53639.193
274  GTR+F         25120.257    107 50454.514    50478.366    50987.581
275  GTR+F+I       25120.257    108 50456.514    50480.836    50994.563
276  GTR+F+G4      25120.238    108 50456.476    50480.799    50994.525
277  GTR+F+I+G4    25120.247    109 50458.494    50483.293    51001.525
278  GTR+F+R2      25120.291    109 50458.583    50483.381    51001.613
279  GTR+F+R3      25120.240    111 50462.479    50488.245    51015.474
Akaike Information Criterion:           K3Pu+F
Corrected Akaike Information Criterion: K3Pu+F
Bayesian Information Criterion:         HKY+F
Best-fit model: HKY+F chosen according to BIC

All model information printed to /Users/barba/Desktop/rggs-copmarative_genomics_2_course/session_14/phylogenetic_analysis_tutorial/iqtree_gene_trees/448_335_ar_51t.fas.model.gz
CPU time for ModelFinder: 26.264 seconds (0h:0m:26s)
Wall-clock time for ModelFinder: 5.282 seconds (0h:0m:5s)

NOTE: 1 MB RAM (0 GB) is required!
Estimate model parameters (epsilon = 0.100)
1. Initial log-likelihood: -30693.560
2. Current log-likelihood: -25384.424
3. Current log-likelihood: -25133.929
4. Current log-likelihood: -25124.736
5. Current log-likelihood: -25124.017
Optimal log-likelihood: -25123.944
Rate parameters:  A-C: 1.00000  A-G: 19.60653  A-T: 1.00000  C-G: 1.00000  C-T: 19.60653  G-T: 1.00000
Base frequencies:  A: 0.089  C: 0.408  G: 0.413  T: 0.091
Parameters optimization took 5 rounds (0.023 sec)
Computing ML distances based on estimated model parameters... 0.024 sec
Computing BIONJ tree...
0.001 seconds
Log-likelihood of BIONJ tree: -25116.503
--------------------------------------------------------------------
|             INITIALIZING CANDIDATE TREE SET                      |
--------------------------------------------------------------------
Generating 98 parsimony trees... 0.316 second
Computing log-likelihood of 98 initial trees ... 0.323 seconds
Current best score: -25111.735

Do NNI search on 20 best initial trees
Estimate model parameters (epsilon = 0.100)
BETTER TREE FOUND at iteration 1: -25108.057
Iteration 10 / LogL: -25108.115 / Time: 0h:0m:0s
Iteration 20 / LogL: -25108.067 / Time: 0h:0m:0s
Finish initializing candidate tree set (1)
Current best tree score: -25108.057 / CPU time: 0.930
Number of iterations: 20
--------------------------------------------------------------------
|               OPTIMIZING CANDIDATE TREE SET                      |
--------------------------------------------------------------------
Estimate model parameters (epsilon = 0.100)
BETTER TREE FOUND at iteration 23: -25107.845
Iteration 30 / LogL: -25108.484 / Time: 0h:0m:1s (0h:0m:4s left)
Iteration 40 / LogL: -25108.156 / Time: 0h:0m:1s (0h:0m:3s left)
Iteration 50 / LogL: -25107.945 / Time: 0h:0m:1s (0h:0m:2s left)
Iteration 60 / LogL: -25107.994 / Time: 0h:0m:2s (0h:0m:2s left)
Iteration 70 / LogL: -25107.852 / Time: 0h:0m:2s (0h:0m:1s left)
Iteration 80 / LogL: -25107.859 / Time: 0h:0m:2s (0h:0m:1s left)
Iteration 90 / LogL: -25108.604 / Time: 0h:0m:3s (0h:0m:1s left)
Iteration 100 / LogL: -25109.118 / Time: 0h:0m:3s (0h:0m:0s left)
Iteration 110 / LogL: -25107.847 / Time: 0h:0m:3s (0h:0m:0s left)
Iteration 120 / LogL: -25107.887 / Time: 0h:0m:4s (0h:0m:0s left)
TREE SEARCH COMPLETED AFTER 124 ITERATIONS / Time: 0h:0m:4s

--------------------------------------------------------------------
|                    FINALIZING TREE SEARCH                        |
--------------------------------------------------------------------
Performs final model parameters optimization
Estimate model parameters (epsilon = 0.010)
1. Initial log-likelihood: -25107.845
Optimal log-likelihood: -25107.845
Rate parameters:  A-C: 1.00000  A-G: 19.73636  A-T: 1.00000  C-G: 1.00000  C-T: 19.73636  G-T: 1.00000
Base frequencies:  A: 0.089  C: 0.408  G: 0.413  T: 0.091
Parameters optimization took 1 rounds (0.004 sec)
BEST SCORE FOUND : -25107.845
Total tree length: 11.123

Total number of iterations: 124
CPU time used for tree search: 20.650 sec (0h:0m:20s)
Wall-clock time used for tree search: 4.244 sec (0h:0m:4s)
Total CPU time used: 20.867 sec (0h:0m:20s)
Total wall-clock time used: 4.288 sec (0h:0m:4s)

Analysis results written to: 
  IQ-TREE report:                /Users/barba/Desktop/rggs-copmarative_genomics_2_course/session_14/phylogenetic_analysis_tutorial/iqtree_gene_trees/448_335_ar_51t.fas.iqtree
  Maximum-likelihood tree:       /Users/barba/Desktop/rggs-copmarative_genomics_2_course/session_14/phylogenetic_analysis_tutorial/iqtree_gene_trees/448_335_ar_51t.fas.treefile
  Likelihood distances:          /Users/barba/Desktop/rggs-copmarative_genomics_2_course/session_14/phylogenetic_analysis_tutorial/iqtree_gene_trees/448_335_ar_51t.fas.mldist
  Screen log file:               /Users/barba/Desktop/rggs-copmarative_genomics_2_course/session_14/phylogenetic_analysis_tutorial/iqtree_gene_trees/448_335_ar_51t.fas.log

Date and Time: Wed Dec  4 19:07:06 2024
