IQ-TREE multicore version 1.6.12 for Mac OS X 64-bit built Aug 15 2019
Developed by Bui Quang Minh, Nguyen Lam Tung, Olga Chernomor,
Heiko Schmidt, Dominik Schrempf, Michael Woodhams.

Host:    lamarck (SSE4.2, 64 GB RAM)
Command: /Users/barba/Desktop/rggs-copmarative_genomics_2_course/session_14/phylogenetic_analysis_tutorial/iqtree_gene_trees/iqtree -s /Users/barba/Desktop/rggs-copmarative_genomics_2_course/session_14/phylogenetic_analysis_tutorial/iqtree_gene_trees/448_261_ar_51t.fas -o Carcharhinidae -m MFP -nt 5
Seed:    476008 (Using SPRNG - Scalable Parallel Random Number Generator)
Time:    Wed Dec  4 19:03:00 2024
Kernel:  SSE2 - 5 threads (16 CPU cores detected)

Reading alignment file /Users/barba/Desktop/rggs-copmarative_genomics_2_course/session_14/phylogenetic_analysis_tutorial/iqtree_gene_trees/448_261_ar_51t.fas ... Fasta format detected
Alignment most likely contains DNA/RNA sequences
Alignment has 51 sequences with 1674 columns, 1674 distinct patterns
1669 parsimony-informative, 5 singleton sites, 0 constant sites
                   Gap/Ambiguity  Composition  p-value
   1  Pitheciidae          0.00%    passed     39.32%
   2  Scandentia           0.00%    passed     46.18%
   3  Erethizontidae       0.00%    passed     84.71%
   4  Capromyidae          0.00%    passed     91.06%
   5  Muridae              0.00%    passed     84.37%
   6  Castoridae           0.00%    passed     98.09%
   7  Suidae               0.00%    passed     84.97%
   8  Hippopotamidae       0.00%    passed     86.81%
   9  Hyperoodontidae      0.00%    passed     47.07%
  10  Vespertilionidae     0.00%    passed     59.30%
  11  Furipteridae         0.00%    passed     89.48%
  12  Rhinolophidae        0.00%    passed     87.01%
  13  Viverridae           0.00%    passed     93.24%
  14  Procyonidae          0.00%    passed     43.10%
  15  Myrmecophagidae      0.00%    passed     88.90%
  16  Caluromyidae         0.00%    passed     81.59%
  17  Thylacomyidae        0.00%    passed     28.07%
  18  Phalangeridae        0.00%    passed     14.87%
  19  Tityridae            0.00%    passed     77.05%
  20  Ptilonorhynchidae    0.00%    passed     86.82%
  21  Callaeatidae         0.00%    passed     90.66%
  22  Monarchidae          0.00%    passed     81.82%
  23  Malaconotidae        0.00%    passed     79.37%
  24  Certhiidae           0.00%    passed     87.90%
  25  Cinclidae            0.00%    passed     44.27%
  26  Ploceidae            0.00%    passed     86.73%
  27  Thraupidae           0.00%    passed     84.66%
  28  Alaudidae            0.00%    passed     85.62%
  29  Coraciiformes        0.00%    passed     93.85%
  30  Crocodylidae         0.00%    passed     88.51%
  31  Carettochelyidae     0.00%    passed     77.81%
  32  Kinosternidae        0.00%    passed     82.91%
  33  Anomalepididae       0.00%    passed     49.19%
  34  Loxocemidae          0.00%    passed     50.77%
  35  Natricidae           0.00%    passed     66.40%
  36  Xenosauridae         0.00%    passed     21.02%
  37  Teiidae              0.00%    passed     92.51%
  38  Eublepharidae        0.00%    passed     46.39%
  39  Dicamptodontidae     0.00%    passed     55.82%
  40  Alytidae             0.00%    passed     76.54%
  41  Heleophrynidae       0.00%    passed     38.55%
  42  Leptodactylidae      0.00%    passed     85.67%
  43  Strabomantidae       0.00%    passed     88.90%
  44  Micrixalidae         0.00%    passed     71.62%
  45  Hemisotidae          0.00%    passed     16.04%
  46  Asterophryidae       0.00%    passed     41.74%
  47  Caeciliidae2         0.00%    passed     40.20%
  48  Polypteriformes      0.00%    passed     30.59%
  49  Channichthyidae      0.00%    passed     97.41%
  50  Pseudaphritidae      0.00%    passed     14.27%
  51  Carcharhinidae       0.00%    passed     16.04%
****  TOTAL                0.00%  0 sequences failed composition chi2 test (p-value<5%; df=3)


Create initial parsimony tree by phylogenetic likelihood library (PLL)... 0.004 seconds
NOTE: ModelFinder requires 27 MB RAM!
ModelFinder will test 484 DNA models (sample size: 1674) ...
 No. Model         -LnL         df  AIC          AICc         BIC
  1  JC            62884.600    99  125967.200   125979.779   126504.074
  2  JC+ASC        62884.570    99  125967.141   125979.720   126504.015
  3  JC+G4         62835.441    100 125870.881   125883.723   126413.178
  4  JC+ASC+G4     62835.292    100 125870.584   125883.426   126412.881
  5  JC+R2         62836.666    101 125875.332   125888.439   126423.052
  6  JC+R3         62834.363    103 125874.727   125888.372   126433.293
 14  JC+ASC+R2     62835.754    101 125873.508   125886.615   126421.228
 15  JC+ASC+R3     62833.529    103 125873.057   125886.703   126431.623
 23  F81+F         62609.322    102 125422.644   125436.019   125975.787
 24  F81+F+ASC     62609.220    102 125422.439   125435.814   125975.582
 25  F81+F+G4      62596.164    103 125398.329   125411.974   125956.895
 26  F81+F+ASC+G4  62596.086    103 125398.172   125411.818   125956.738
 27  F81+F+R2      62595.910    104 125399.819   125413.739   125963.808
 28  F81+F+R3      62593.851    106 125399.701   125414.177   125974.536
 36  F81+F+ASC+R2  62595.821    104 125399.642   125413.562   125963.631
 37  F81+F+ASC+R3  62593.324    106 125398.648   125413.124   125973.483
 45  K2P           60482.941    100 121165.883   121178.724   121708.180
 46  K2P+ASC       60482.921    100 121165.842   121178.683   121708.139
 47  K2P+G4        60412.003    101 121026.006   121039.113   121573.726
 48  K2P+ASC+G4    60411.877    101 121025.753   121038.860   121573.473
 49  K2P+R2        60412.505    102 121029.010   121042.385   121582.153
 50  K2P+R3        60410.490    104 121028.979   121042.899   121592.968
 58  K2P+ASC+R2    60412.317    102 121028.634   121042.008   121581.777
 59  K2P+ASC+R3    60409.993    104 121027.986   121041.906   121591.975
 67  HKY+F         57477.310    103 115160.620   115174.266   115719.186
 68  HKY+F+ASC     57477.202    103 115160.404   115174.050   115718.970
 69  HKY+F+G4      57476.902    104 115161.805   115175.724   115725.794
 70  HKY+F+ASC+G4  57476.800    104 115161.599   115175.519   115725.588
 71  HKY+F+R2      57477.030    105 115164.060   115178.257   115733.472
 72  HKY+F+R3      57476.876    107 115167.753   115182.511   115748.011
 80  HKY+F+ASC+R2  57476.898    105 115163.797   115177.993   115733.209
 81  HKY+F+ASC+R3  57476.706    107 115167.413   115182.171   115747.671
 89  TNe           60482.190    101 121166.381   121179.488   121714.101
 90  TNe+ASC       60482.169    101 121166.338   121179.445   121714.058
 91  TNe+G4        60411.502    102 121027.003   121040.378   121580.146
 92  TNe+ASC+G4    60411.375    102 121026.749   121040.124   121579.892
 93  TNe+R2        60411.764    103 121029.527   121043.173   121588.093
 94  TNe+R3        60409.865    105 121029.730   121043.926   121599.142
102  TNe+ASC+R2    60411.611    103 121029.222   121042.867   121587.788
103  TNe+ASC+R3    60409.040    105 121028.079   121042.276   121597.491
111  TN+F          57469.219    104 115146.437   115160.357   115710.426
112  TN+F+ASC      57469.110    104 115146.220   115160.139   115710.209
113  TN+F+G4       57468.844    105 115147.688   115161.884   115717.100
114  TN+F+ASC+G4   57468.742    105 115147.483   115161.679   115716.895
115  TN+F+R2       57468.966    106 115149.933   115164.409   115724.768
116  TN+F+R3       57468.792    108 115153.585   115168.629   115739.266
124  TN+F+ASC+R2   57468.835    106 115149.669   115164.146   115724.504
125  TN+F+ASC+R3   57468.643    108 115153.287   115168.331   115738.968
133  K3P           59888.375    101 119978.750   119991.857   120526.470
134  K3P+ASC       59888.354    101 119978.708   119991.814   120526.428
135  K3P+G4        59811.377    102 119826.753   119840.128   120379.896
136  K3P+ASC+G4    59811.232    102 119826.464   119839.839   120379.607
137  K3P+R2        59812.033    103 119830.067   119843.713   120388.633
138  K3P+R3        59809.580    105 119829.160   119843.356   120398.572
146  K3P+ASC+R2    59811.823    103 119829.645   119843.291   120388.211
147  K3P+ASC+R3    59808.899    105 119827.798   119841.995   120397.210
155  K3Pu+F        57476.656    104 115161.312   115175.231   115725.301
156  K3Pu+F+ASC    57476.547    104 115161.093   115175.013   115725.082
157  K3Pu+F+G4     57476.248    105 115162.496   115176.692   115731.908
158  K3Pu+F+ASC+G4 57476.147    105 115162.293   115176.490   115731.705
159  K3Pu+F+R2     57476.357    106 115164.714   115179.190   115739.549
160  K3Pu+F+R3     57476.229    108 115168.457   115183.502   115754.138
168  K3Pu+F+ASC+R2 57476.221    106 115164.443   115178.919   115739.278
169  K3Pu+F+ASC+R3 57476.075    108 115168.151   115183.195   115753.832
177  TPM2+F        57477.276    104 115162.552   115176.472   115726.541
178  TPM2+F+ASC    57477.182    104 115162.364   115176.284   115726.353
179  TPM2+F+G4     57476.893    105 115163.786   115177.982   115733.198
180  TPM2+F+ASC+G4 57476.791    105 115163.582   115177.779   115732.994
181  TPM2+F+R2     57476.934    106 115165.868   115180.345   115740.703
182  TPM2+F+R3     57476.819    108 115169.637   115184.681   115755.318
190  TPM2+F+ASC+R2 57476.814    106 115165.627   115180.104   115740.462
191  TPM2+F+ASC+R3 57476.698    108 115169.396   115184.440   115755.077
199  TPM2u+F       57477.275    104 115162.550   115176.469   115726.539
200  TPM2u+F+ASC   57477.183    104 115162.365   115176.285   115726.354
201  TPM2u+F+G4    57476.893    105 115163.786   115177.982   115733.198
202  TPM2u+F+ASC+G4 57476.791    105 115163.582   115177.778   115732.994
203  TPM2u+F+R2    57476.904    106 115165.807   115180.284   115740.642
204  TPM2u+F+R3    57476.810    108 115169.619   115184.664   115755.300
212  TPM2u+F+ASC+R2 57476.792    106 115165.583   115180.060   115740.418
213  TPM2u+F+ASC+R3 57476.696    108 115169.393   115184.437   115755.074
221  TPM3+F        57476.968    104 115161.937   115175.856   115725.926
222  TPM3+F+ASC    57476.876    104 115161.751   115175.671   115725.740
223  TPM3+F+G4     57476.612    105 115163.225   115177.421   115732.637
224  TPM3+F+ASC+G4 57476.508    105 115163.015   115177.211   115732.427
225  TPM3+F+R2     57476.610    106 115165.220   115179.696   115740.055
226  TPM3+F+R3     57476.512    108 115169.024   115184.068   115754.705
234  TPM3+F+ASC+R2 57476.478    106 115164.957   115179.433   115739.792
235  TPM3+F+ASC+R3 57476.389    108 115168.779   115183.823   115754.460
243  TPM3u+F       57476.960    104 115161.920   115175.839   115725.909
244  TPM3u+F+ASC   57476.868    104 115161.736   115175.656   115725.725
245  TPM3u+F+G4    57476.587    105 115163.174   115177.370   115732.586
246  TPM3u+F+ASC+G4 57476.484    105 115162.969   115177.165   115732.381
247  TPM3u+F+R2    57476.582    106 115165.165   115179.641   115740.000
248  TPM3u+F+R3    57476.502    108 115169.004   115184.048   115754.685
256  TPM3u+F+ASC+R2 57476.474    106 115164.947   115179.423   115739.782
257  TPM3u+F+ASC+R3 57476.385    108 115168.770   115183.814   115754.451
265  TIMe          59887.612    102 119979.223   119992.598   120532.366
266  TIMe+ASC      59887.590    102 119979.181   119992.556   120532.324
267  TIMe+G4       59810.861    103 119827.721   119841.367   120386.287
268  TIMe+ASC+G4   59810.715    103 119827.429   119841.075   120385.995
269  TIMe+R2       59811.258    104 119830.516   119844.436   120394.505
270  TIMe+R3       59809.250    106 119830.500   119844.976   120405.335
278  TIMe+ASC+R2   59811.142    104 119830.283   119844.203   120394.272
279  TIMe+ASC+R3   59808.487    106 119828.973   119843.449   120403.808
287  TIM+F         57468.578    105 115147.155   115161.352   115716.567
288  TIM+F+ASC     57468.468    105 115146.936   115161.133   115716.348
289  TIM+F+G4      57468.205    106 115148.409   115162.885   115723.244
290  TIM+F+ASC+G4  57468.104    106 115148.209   115162.685   115723.044
291  TIM+F+R2      57468.308    107 115150.615   115165.374   115730.873
292  TIM+F+R3      57468.141    109 115154.283   115169.615   115745.387
300  TIM+F+ASC+R2  57468.171    107 115150.343   115165.101   115730.601
301  TIM+F+ASC+R3  57467.996    109 115153.992   115169.324   115745.096
309  TIM2e         60245.058    102 120694.115   120707.490   121247.258
310  TIM2e+ASC     60244.998    102 120693.995   120707.370   121247.138
311  TIM2e+G4      60132.290    103 120470.580   120484.226   121029.146
312  TIM2e+ASC+G4  60131.884    103 120469.768   120483.414   121028.334
313  TIM2e+R2      60133.644    104 120475.288   120489.208   121039.277
314  TIM2e+R3      60130.755    106 120473.510   120487.986   121048.345
322  TIM2e+ASC+R2  60133.353    104 120474.706   120488.625   121038.695
323  TIM2e+ASC+R3  60129.677    106 120471.354   120485.830   121046.189
331  TIM2+F        57469.217    105 115148.435   115162.631   115717.847
332  TIM2+F+ASC    57469.104    105 115148.209   115162.405   115717.621
333  TIM2+F+G4     57468.849    106 115149.698   115164.174   115724.533
334  TIM2+F+ASC+G4 57468.739    106 115149.479   115163.955   115724.314
335  TIM2+F+R2     57468.921    107 115151.842   115166.601   115732.100
336  TIM2+F+R3     57468.830    109 115155.660   115170.992   115746.764
344  TIM2+F+ASC+R2 57468.785    107 115151.570   115166.329   115731.828
345  TIM2+F+ASC+R3 57468.647    109 115155.294   115170.626   115746.397
353  TIM3e         60182.660    102 120569.321   120582.696   121122.464
354  TIM3e+ASC     60182.559    102 120569.119   120582.494   121122.262
355  TIM3e+G4      60066.703    103 120339.407   120353.053   120897.973
356  TIM3e+ASC+G4  60066.239    103 120338.477   120352.123   120897.043
357  TIM3e+R2      60065.580    104 120339.160   120353.080   120903.149
358  TIM3e+R3      60062.598    106 120337.196   120351.672   120912.031
366  TIM3e+ASC+R2  60065.196    104 120338.392   120352.312   120902.381
367  TIM3e+ASC+R3  60061.160    106 120334.319   120348.795   120909.154
375  TIM3+F        57468.927    105 115147.854   115162.050   115717.266
376  TIM3+F+ASC    57468.809    105 115147.619   115161.815   115717.031
377  TIM3+F+G4     57468.560    106 115149.120   115163.596   115723.955
378  TIM3+F+ASC+G4 57468.455    106 115148.910   115163.386   115723.745
379  TIM3+F+R2     57468.650    107 115151.299   115166.058   115731.557
380  TIM3+F+R3     57468.404    109 115154.808   115170.140   115745.912
388  TIM3+F+ASC+R2 57468.469    107 115150.939   115165.698   115731.197
389  TIM3+F+ASC+R3 57468.183    109 115154.365   115169.698   115745.469
397  TVMe          59757.154    103 119720.308   119733.954   120278.874
398  TVMe+ASC      59757.061    103 119720.123   119733.768   120278.689
399  TVMe+G4       59622.760    104 119453.520   119467.440   120017.509
400  TVMe+ASC+G4   59622.023    104 119452.047   119465.967   120016.036
401  TVMe+R2       59620.741    105 119451.482   119465.678   120020.894
402  TVMe+R3       59617.197    107 119448.394   119463.153   120028.652
410  TVMe+ASC+R2   59620.220    105 119450.439   119464.636   120019.851
411  TVMe+ASC+R3   59615.750    107 119445.501   119460.259   120025.759
419  TVM+F         57473.344    106 115158.688   115173.164   115733.523
420  TVM+F+ASC     57473.223    106 115158.447   115172.923   115733.282
421  TVM+F+G4      57472.957    107 115159.913   115174.672   115740.171
422  TVM+F+ASC+G4  57472.849    107 115159.699   115174.457   115739.957
423  TVM+F+R2      57472.988    108 115161.976   115177.020   115747.657
424  TVM+F+R3      57472.946    110 115165.892   115181.516   115762.419
432  TVM+F+ASC+R2  57472.855    108 115161.711   115176.755   115747.392
433  TVM+F+ASC+R3  57472.778    110 115165.556   115181.180   115762.083
441  SYM           59756.179    104 119720.359   119734.279   120284.348
442  SYM+ASC       59756.084    104 119720.167   119734.087   120284.156
443  SYM+G4        59622.361    105 119454.722   119468.919   120024.134
444  SYM+ASC+G4    59621.621    105 119453.242   119467.438   120022.654
445  SYM+R2        59620.231    106 119452.463   119466.939   120027.298
446  SYM+R3        59616.960    108 119449.919   119464.963   120035.600
454  SYM+ASC+R2    59619.766    106 119451.532   119466.009   120026.367
455  SYM+ASC+R3    59615.297    108 119446.594   119461.638   120032.275
463  GTR+F         57465.256    107 115144.512   115159.270   115724.769
464  GTR+F+ASC     57465.135    107 115144.270   115159.029   115724.528
465  GTR+F+G4      57464.893    108 115145.785   115160.829   115731.466
466  GTR+F+ASC+G4  57464.787    108 115145.574   115160.618   115731.255
467  GTR+F+R2      57464.980    109 115147.959   115163.292   115739.063
468  GTR+F+R3      57464.814    111 115151.628   115167.546   115753.578
476  GTR+F+ASC+R2  57464.771    109 115147.542   115162.875   115738.646
477  GTR+F+ASC+R3  57464.668    111 115151.337   115167.255   115753.287
Akaike Information Criterion:           GTR+F+ASC
Corrected Akaike Information Criterion: GTR+F+ASC
Bayesian Information Criterion:         TN+F+ASC
Best-fit model: TN+F+ASC chosen according to BIC

All model information printed to /Users/barba/Desktop/rggs-copmarative_genomics_2_course/session_14/phylogenetic_analysis_tutorial/iqtree_gene_trees/448_261_ar_51t.fas.model.gz
CPU time for ModelFinder: 37.694 seconds (0h:0m:37s)
Wall-clock time for ModelFinder: 7.583 seconds (0h:0m:7s)

NOTE: 2 MB RAM (0 GB) is required!
Estimate model parameters (epsilon = 0.100)
1. Initial log-likelihood: -62837.122
2. Current log-likelihood: -61230.590
3. Current log-likelihood: -58556.744
4. Current log-likelihood: -57622.316
5. Current log-likelihood: -57481.277
6. Current log-likelihood: -57471.167
7. Current log-likelihood: -57469.720
8. Current log-likelihood: -57469.293
Optimal log-likelihood: -57469.192
Rate parameters:  A-C: 1.00000  A-G: 6.79525  A-T: 1.00000  C-G: 1.00000  C-T: 7.53754  G-T: 1.00000
Base frequencies:  A: 0.119  C: 0.377  G: 0.396  T: 0.108
Parameters optimization took 8 rounds (0.063 sec)
Computing ML distances based on estimated model parameters... 0.013 sec
Computing BIONJ tree...
0.001 seconds
Log-likelihood of BIONJ tree: -57457.913
--------------------------------------------------------------------
|             INITIALIZING CANDIDATE TREE SET                      |
--------------------------------------------------------------------
Generating 98 parsimony trees... 0.414 second
Computing log-likelihood of 98 initial trees ... 0.442 seconds
Current best score: -57457.913

Do NNI search on 20 best initial trees
Estimate model parameters (epsilon = 0.100)
BETTER TREE FOUND at iteration 1: -57453.144
Estimate model parameters (epsilon = 0.100)
BETTER TREE FOUND at iteration 2: -57449.315
Iteration 10 / LogL: -57453.319 / Time: 0h:0m:1s
Iteration 20 / LogL: -57449.464 / Time: 0h:0m:1s
Finish initializing candidate tree set (2)
Current best tree score: -57449.315 / CPU time: 1.480
Number of iterations: 20
--------------------------------------------------------------------
|               OPTIMIZING CANDIDATE TREE SET                      |
--------------------------------------------------------------------
Estimate model parameters (epsilon = 0.100)
UPDATE BEST LOG-LIKELIHOOD: -57449.204
Estimate model parameters (epsilon = 0.100)
UPDATE BEST LOG-LIKELIHOOD: -57449.180
Iteration 30 / LogL: -57450.074 / Time: 0h:0m:2s (0h:0m:5s left)
Iteration 40 / LogL: -57452.790 / Time: 0h:0m:2s (0h:0m:4s left)
Iteration 50 / LogL: -57449.186 / Time: 0h:0m:3s (0h:0m:3s left)
Iteration 60 / LogL: -57449.869 / Time: 0h:0m:3s (0h:0m:2s left)
Iteration 70 / LogL: -57449.194 / Time: 0h:0m:3s (0h:0m:1s left)
Iteration 80 / LogL: -57449.194 / Time: 0h:0m:4s (0h:0m:1s left)
Iteration 90 / LogL: -57450.136 / Time: 0h:0m:5s (0h:0m:0s left)
Iteration 100 / LogL: -57453.680 / Time: 0h:0m:5s (0h:0m:0s left)
TREE SEARCH COMPLETED AFTER 103 ITERATIONS / Time: 0h:0m:5s

--------------------------------------------------------------------
|                    FINALIZING TREE SEARCH                        |
--------------------------------------------------------------------
Performs final model parameters optimization
Estimate model parameters (epsilon = 0.010)
1. Initial log-likelihood: -57449.180
Optimal log-likelihood: -57449.179
Rate parameters:  A-C: 1.00000  A-G: 6.81252  A-T: 1.00000  C-G: 1.00000  C-T: 7.56051  G-T: 1.00000
Base frequencies:  A: 0.119  C: 0.377  G: 0.396  T: 0.108
Parameters optimization took 1 rounds (0.005 sec)
BEST SCORE FOUND : -57449.179
Total tree length: 16.516

Total number of iterations: 103
CPU time used for tree search: 27.252 sec (0h:0m:27s)
Wall-clock time used for tree search: 5.631 sec (0h:0m:5s)
Total CPU time used: 27.682 sec (0h:0m:27s)
Total wall-clock time used: 5.722 sec (0h:0m:5s)

Analysis results written to: 
  IQ-TREE report:                /Users/barba/Desktop/rggs-copmarative_genomics_2_course/session_14/phylogenetic_analysis_tutorial/iqtree_gene_trees/448_261_ar_51t.fas.iqtree
  Maximum-likelihood tree:       /Users/barba/Desktop/rggs-copmarative_genomics_2_course/session_14/phylogenetic_analysis_tutorial/iqtree_gene_trees/448_261_ar_51t.fas.treefile
  Likelihood distances:          /Users/barba/Desktop/rggs-copmarative_genomics_2_course/session_14/phylogenetic_analysis_tutorial/iqtree_gene_trees/448_261_ar_51t.fas.mldist
  Screen log file:               /Users/barba/Desktop/rggs-copmarative_genomics_2_course/session_14/phylogenetic_analysis_tutorial/iqtree_gene_trees/448_261_ar_51t.fas.log

Date and Time: Wed Dec  4 19:03:13 2024
