IQ-TREE multicore version 1.6.12 for Mac OS X 64-bit built Aug 15 2019
Developed by Bui Quang Minh, Nguyen Lam Tung, Olga Chernomor,
Heiko Schmidt, Dominik Schrempf, Michael Woodhams.

Host:    lamarck (SSE4.2, 64 GB RAM)
Command: /Users/barba/Desktop/rggs-copmarative_genomics_2_course/session_14/phylogenetic_analysis_tutorial/iqtree_gene_trees/iqtree -s /Users/barba/Desktop/rggs-copmarative_genomics_2_course/session_14/phylogenetic_analysis_tutorial/iqtree_gene_trees/448_84_ar_51t.fas -o Carcharhinidae -m MFP -nt 5
Seed:    737989 (Using SPRNG - Scalable Parallel Random Number Generator)
Time:    Wed Dec  4 19:12:17 2024
Kernel:  SSE2 - 5 threads (16 CPU cores detected)

Reading alignment file /Users/barba/Desktop/rggs-copmarative_genomics_2_course/session_14/phylogenetic_analysis_tutorial/iqtree_gene_trees/448_84_ar_51t.fas ... Fasta format detected
Alignment most likely contains DNA/RNA sequences
Alignment has 51 sequences with 462 columns, 462 distinct patterns
462 parsimony-informative, 0 singleton sites, 0 constant sites
                   Gap/Ambiguity  Composition  p-value
   1  Pitheciidae          0.00%    passed     97.50%
   2  Scandentia           0.00%    passed     94.27%
   3  Erethizontidae       0.00%    passed     99.93%
   4  Capromyidae          0.00%    passed     18.31%
   5  Muridae              0.00%    passed     32.58%
   6  Castoridae           0.00%    passed     41.89%
   7  Suidae               0.00%    passed     27.45%
   8  Hippopotamidae       0.00%    passed     14.08%
   9  Hyperoodontidae      0.00%    passed     45.76%
  10  Vespertilionidae     0.00%    passed     79.01%
  11  Furipteridae         0.00%    passed     54.53%
  12  Rhinolophidae        0.00%    passed     29.90%
  13  Viverridae           0.00%    passed     62.88%
  14  Procyonidae          0.00%    passed     90.70%
  15  Myrmecophagidae      0.00%    passed     60.24%
  16  Caluromyidae         0.00%    passed     72.93%
  17  Thylacomyidae        0.00%    passed     17.52%
  18  Phalangeridae        0.00%    passed     50.17%
  19  Tityridae            0.00%    passed     95.64%
  20  Ptilonorhynchidae    0.00%    passed     71.56%
  21  Callaeatidae         0.00%    passed     98.78%
  22  Monarchidae          0.00%    passed     59.38%
  23  Malaconotidae        0.00%    passed     69.44%
  24  Certhiidae           0.00%    passed     26.20%
  25  Cinclidae            0.00%    passed     17.37%
  26  Ploceidae            0.00%    passed     38.96%
  27  Thraupidae           0.00%    passed     62.81%
  28  Alaudidae            0.00%    passed     95.15%
  29  Coraciiformes        0.00%    passed     86.81%
  30  Crocodylidae         0.00%    passed     62.53%
  31  Carettochelyidae     0.00%    passed     76.38%
  32  Kinosternidae        0.00%    passed     84.77%
  33  Anomalepididae       0.00%    failed      0.78%
  34  Loxocemidae          0.00%    passed     91.44%
  35  Natricidae           0.00%    passed     97.22%
  36  Xenosauridae         0.00%    passed     65.25%
  37  Teiidae              0.00%    passed     95.34%
  38  Eublepharidae        0.00%    passed     57.61%
  39  Dicamptodontidae     0.00%    passed     89.75%
  40  Alytidae             0.00%    passed      8.07%
  41  Heleophrynidae       0.00%    passed     77.39%
  42  Leptodactylidae      0.00%    passed     18.65%
  43  Strabomantidae       0.00%    passed     48.69%
  44  Micrixalidae         0.00%    passed     56.82%
  45  Hemisotidae          0.00%    passed     10.10%
  46  Asterophryidae       0.00%    passed     42.35%
  47  Caeciliidae2         0.00%    passed     88.18%
  48  Polypteriformes      0.00%    passed     65.40%
  49  Channichthyidae      0.00%    passed     12.90%
  50  Pseudaphritidae      0.00%    failed      2.51%
  51  Carcharhinidae       0.00%    passed     76.74%
****  TOTAL                0.00%  2 sequences failed composition chi2 test (p-value<5%; df=3)


Create initial parsimony tree by phylogenetic likelihood library (PLL)... 0.002 seconds
NOTE: ModelFinder requires 7 MB RAM!
ModelFinder will test 484 DNA models (sample size: 462) ...
 No. Model         -LnL         df  AIC          AICc         BIC
WARNING: Number of threads seems too high for short alignments. Use -nt AUTO to determine best number of threads.
  1  JC            23650.032    99  47498.063    47552.760    47907.484
WARNING: Number of threads seems too high for short alignments. Use -nt AUTO to determine best number of threads.
  2  JC+ASC        23650.028    99  47498.057    47552.753    47907.478
WARNING: Number of threads seems too high for short alignments. Use -nt AUTO to determine best number of threads.
  3  JC+G4         23650.197    100 47500.395    47556.351    47913.951
WARNING: Number of threads seems too high for short alignments. Use -nt AUTO to determine best number of threads.
  4  JC+ASC+G4     23650.193    100 47500.386    47556.342    47913.943
WARNING: Number of threads seems too high for short alignments. Use -nt AUTO to determine best number of threads.
  5  JC+R2         23650.165    101 47502.330    47559.564    47920.022
WARNING: Number of threads seems too high for short alignments. Use -nt AUTO to determine best number of threads.
  6  JC+R3         23650.148    103 47506.297    47566.140    47932.260
WARNING: Number of threads seems too high for short alignments. Use -nt AUTO to determine best number of threads.
 14  JC+ASC+R2     23650.040    101 47502.080    47559.313    47919.772
WARNING: Number of threads seems too high for short alignments. Use -nt AUTO to determine best number of threads.
 15  JC+ASC+R3     23650.033    103 47506.066    47565.910    47932.029
WARNING: Number of threads seems too high for short alignments. Use -nt AUTO to determine best number of threads.
 23  F81+F         23504.010    102 47212.020    47270.549    47633.847
WARNING: Number of threads seems too high for short alignments. Use -nt AUTO to determine best number of threads.
 24  F81+F+ASC     23503.906    102 47211.812    47270.342    47633.640
WARNING: Number of threads seems too high for short alignments. Use -nt AUTO to determine best number of threads.
 25  F81+F+G4      23503.855    103 47213.710    47273.554    47639.673
WARNING: Number of threads seems too high for short alignments. Use -nt AUTO to determine best number of threads.
 26  F81+F+ASC+G4  23503.780    103 47213.559    47273.403    47639.523
WARNING: Number of threads seems too high for short alignments. Use -nt AUTO to determine best number of threads.
 27  F81+F+R2      23503.678    104 47215.357    47276.533    47645.455
WARNING: Number of threads seems too high for short alignments. Use -nt AUTO to determine best number of threads.
 28  F81+F+R3      23503.623    106 47219.245    47283.144    47657.615
WARNING: Number of threads seems too high for short alignments. Use -nt AUTO to determine best number of threads.
 36  F81+F+ASC+R2  23503.570    104 47215.140    47276.316    47645.238
WARNING: Number of threads seems too high for short alignments. Use -nt AUTO to determine best number of threads.
 37  F81+F+ASC+R3  23503.528    106 47219.055    47282.954    47657.425
WARNING: Number of threads seems too high for short alignments. Use -nt AUTO to determine best number of threads.
 45  K2P           23339.255    100 46878.510    46934.465    47292.066
WARNING: Number of threads seems too high for short alignments. Use -nt AUTO to determine best number of threads.
 46  K2P+ASC       23339.253    100 46878.505    46934.461    47292.062
WARNING: Number of threads seems too high for short alignments. Use -nt AUTO to determine best number of threads.
 47  K2P+G4        23339.345    101 46880.689    46937.922    47298.381
WARNING: Number of threads seems too high for short alignments. Use -nt AUTO to determine best number of threads.
 48  K2P+ASC+G4    23339.344    101 46880.689    46937.922    47298.381
WARNING: Number of threads seems too high for short alignments. Use -nt AUTO to determine best number of threads.
 49  K2P+R2        23339.259    102 46882.518    46941.047    47304.345
WARNING: Number of threads seems too high for short alignments. Use -nt AUTO to determine best number of threads.
 50  K2P+R3        23339.259    104 46886.518    46947.694    47316.617
WARNING: Number of threads seems too high for short alignments. Use -nt AUTO to determine best number of threads.
 58  K2P+ASC+R2    23339.254    102 46882.508    46941.037    47304.335
WARNING: Number of threads seems too high for short alignments. Use -nt AUTO to determine best number of threads.
 59  K2P+ASC+R3    23339.253    104 46886.506    46947.682    47316.605
WARNING: Number of threads seems too high for short alignments. Use -nt AUTO to determine best number of threads.
 67  HKY+F         21875.581    103 43957.161    44017.005    44383.124
WARNING: Number of threads seems too high for short alignments. Use -nt AUTO to determine best number of threads.
 68  HKY+F+ASC     21875.548    103 43957.096    44016.940    44383.059
WARNING: Number of threads seems too high for short alignments. Use -nt AUTO to determine best number of threads.
 69  HKY+F+G4      21875.618    104 43959.237    44020.413    44389.336
WARNING: Number of threads seems too high for short alignments. Use -nt AUTO to determine best number of threads.
 70  HKY+F+ASC+G4  21875.606    104 43959.212    44020.388    44389.311
WARNING: Number of threads seems too high for short alignments. Use -nt AUTO to determine best number of threads.
 71  HKY+F+R2      21875.519    105 43961.037    44023.565    44395.271
WARNING: Number of threads seems too high for short alignments. Use -nt AUTO to determine best number of threads.
 72  HKY+F+R3      21875.507    107 43965.015    44030.303    44407.520
WARNING: Number of threads seems too high for short alignments. Use -nt AUTO to determine best number of threads.
 80  HKY+F+ASC+R2  21875.505    105 43961.010    44023.538    44395.244
WARNING: Number of threads seems too high for short alignments. Use -nt AUTO to determine best number of threads.
 81  HKY+F+ASC+R3  21875.504    107 43965.007    44030.295    44407.513
WARNING: Number of threads seems too high for short alignments. Use -nt AUTO to determine best number of threads.
 89  TNe           23339.299    101 46880.598    46937.831    47298.290
WARNING: Number of threads seems too high for short alignments. Use -nt AUTO to determine best number of threads.
 90  TNe+ASC       23339.235    101 46880.470    46937.703    47298.162
WARNING: Number of threads seems too high for short alignments. Use -nt AUTO to determine best number of threads.
 91  TNe+G4        23339.301    102 46882.601    46941.130    47304.429
WARNING: Number of threads seems too high for short alignments. Use -nt AUTO to determine best number of threads.
 92  TNe+ASC+G4    23339.289    102 46882.578    46941.107    47304.405
WARNING: Number of threads seems too high for short alignments. Use -nt AUTO to determine best number of threads.
 93  TNe+R2        23339.191    103 46884.383    46944.226    47310.346
WARNING: Number of threads seems too high for short alignments. Use -nt AUTO to determine best number of threads.
 94  TNe+R3        23339.189    105 46888.378    46950.906    47322.613
WARNING: Number of threads seems too high for short alignments. Use -nt AUTO to determine best number of threads.
102  TNe+ASC+R2    23339.188    103 46884.377    46944.221    47310.340
WARNING: Number of threads seems too high for short alignments. Use -nt AUTO to determine best number of threads.
103  TNe+ASC+R3    23339.188    105 46888.376    46950.904    47322.610
WARNING: Number of threads seems too high for short alignments. Use -nt AUTO to determine best number of threads.
111  TN+F          21875.438    104 43958.876    44020.053    44388.975
WARNING: Number of threads seems too high for short alignments. Use -nt AUTO to determine best number of threads.
112  TN+F+ASC      21875.411    104 43958.821    44019.997    44388.920
WARNING: Number of threads seems too high for short alignments. Use -nt AUTO to determine best number of threads.
113  TN+F+G4       21875.482    105 43960.965    44023.493    44395.199
WARNING: Number of threads seems too high for short alignments. Use -nt AUTO to determine best number of threads.
114  TN+F+ASC+G4   21875.472    105 43960.944    44023.472    44395.178
WARNING: Number of threads seems too high for short alignments. Use -nt AUTO to determine best number of threads.
115  TN+F+R2       21875.381    106 43962.762    44026.661    44401.132
WARNING: Number of threads seems too high for short alignments. Use -nt AUTO to determine best number of threads.
116  TN+F+R3       21875.378    108 43966.756    44033.453    44413.397
WARNING: Number of threads seems too high for short alignments. Use -nt AUTO to determine best number of threads.
124  TN+F+ASC+R2   21875.375    106 43962.751    44026.649    44401.121
WARNING: Number of threads seems too high for short alignments. Use -nt AUTO to determine best number of threads.
125  TN+F+ASC+R3   21875.375    108 43966.750    44033.447    44413.391
WARNING: Number of threads seems too high for short alignments. Use -nt AUTO to determine best number of threads.
133  K3P           22738.151    101 45678.301    45735.534    46095.993
WARNING: Number of threads seems too high for short alignments. Use -nt AUTO to determine best number of threads.
134  K3P+ASC       22738.147    101 45678.293    45735.527    46095.985
WARNING: Number of threads seems too high for short alignments. Use -nt AUTO to determine best number of threads.
135  K3P+G4        22738.242    102 45680.483    45739.012    46102.311
WARNING: Number of threads seems too high for short alignments. Use -nt AUTO to determine best number of threads.
136  K3P+ASC+G4    22738.241    102 45680.481    45739.010    46102.309
WARNING: Number of threads seems too high for short alignments. Use -nt AUTO to determine best number of threads.
137  K3P+R2        22738.144    103 45682.288    45742.131    46108.251
WARNING: Number of threads seems too high for short alignments. Use -nt AUTO to determine best number of threads.
138  K3P+R3        22738.144    105 45686.287    45748.815    46120.522
WARNING: Number of threads seems too high for short alignments. Use -nt AUTO to determine best number of threads.
146  K3P+ASC+R2    22738.142    103 45682.284    45742.128    46108.248
WARNING: Number of threads seems too high for short alignments. Use -nt AUTO to determine best number of threads.
147  K3P+ASC+R3    22738.142    105 45686.283    45748.811    46120.518
WARNING: Number of threads seems too high for short alignments. Use -nt AUTO to determine best number of threads.
155  K3Pu+F        21875.257    104 43958.514    44019.690    44388.613
WARNING: Number of threads seems too high for short alignments. Use -nt AUTO to determine best number of threads.
156  K3Pu+F+ASC    21875.243    104 43958.485    44019.662    44388.584
WARNING: Number of threads seems too high for short alignments. Use -nt AUTO to determine best number of threads.
157  K3Pu+F+G4     21875.324    105 43960.647    44023.175    44394.881
WARNING: Number of threads seems too high for short alignments. Use -nt AUTO to determine best number of threads.
158  K3Pu+F+ASC+G4 21875.319    105 43960.638    44023.166    44394.873
WARNING: Number of threads seems too high for short alignments. Use -nt AUTO to determine best number of threads.
159  K3Pu+F+R2     21875.230    106 43962.460    44026.359    44400.830
WARNING: Number of threads seems too high for short alignments. Use -nt AUTO to determine best number of threads.
160  K3Pu+F+R3     21875.230    108 43966.460    44033.157    44413.101
WARNING: Number of threads seems too high for short alignments. Use -nt AUTO to determine best number of threads.
168  K3Pu+F+ASC+R2 21875.229    106 43962.457    44026.356    44400.827
WARNING: Number of threads seems too high for short alignments. Use -nt AUTO to determine best number of threads.
169  K3Pu+F+ASC+R3 21875.228    108 43966.456    44033.153    44413.097
WARNING: Number of threads seems too high for short alignments. Use -nt AUTO to determine best number of threads.
177  TPM2+F        21875.163    104 43958.327    44019.503    44388.425
WARNING: Number of threads seems too high for short alignments. Use -nt AUTO to determine best number of threads.
178  TPM2+F+ASC    21875.157    104 43958.315    44019.491    44388.413
WARNING: Number of threads seems too high for short alignments. Use -nt AUTO to determine best number of threads.
179  TPM2+F+G4     21875.225    105 43960.451    44022.979    44394.685
WARNING: Number of threads seems too high for short alignments. Use -nt AUTO to determine best number of threads.
180  TPM2+F+ASC+G4 21875.221    105 43960.443    44022.971    44394.677
WARNING: Number of threads seems too high for short alignments. Use -nt AUTO to determine best number of threads.
181  TPM2+F+R2     21875.132    106 43962.265    44026.164    44400.635
WARNING: Number of threads seems too high for short alignments. Use -nt AUTO to determine best number of threads.
182  TPM2+F+R3     21875.128    108 43966.255    44032.952    44412.896
WARNING: Number of threads seems too high for short alignments. Use -nt AUTO to determine best number of threads.
190  TPM2+F+ASC+R2 21875.127    106 43962.254    44026.152    44400.624
WARNING: Number of threads seems too high for short alignments. Use -nt AUTO to determine best number of threads.
191  TPM2+F+ASC+R3 21875.126    108 43966.253    44032.950    44412.894
WARNING: Number of threads seems too high for short alignments. Use -nt AUTO to determine best number of threads.
199  TPM2u+F       21875.125    104 43958.250    44019.427    44388.349
WARNING: Number of threads seems too high for short alignments. Use -nt AUTO to determine best number of threads.
200  TPM2u+F+ASC   21875.124    104 43958.249    44019.425    44388.348
WARNING: Number of threads seems too high for short alignments. Use -nt AUTO to determine best number of threads.
201  TPM2u+F+G4    21875.210    105 43960.421    44022.949    44394.655
WARNING: Number of threads seems too high for short alignments. Use -nt AUTO to determine best number of threads.
202  TPM2u+F+ASC+G4 21875.210    105 43960.419    44022.948    44394.654
WARNING: Number of threads seems too high for short alignments. Use -nt AUTO to determine best number of threads.
203  TPM2u+F+R2    21875.124    106 43962.248    44026.147    44400.618
WARNING: Number of threads seems too high for short alignments. Use -nt AUTO to determine best number of threads.
204  TPM2u+F+R3    21875.124    108 43966.248    44032.945    44412.889
WARNING: Number of threads seems too high for short alignments. Use -nt AUTO to determine best number of threads.
212  TPM2u+F+ASC+R2 21875.124    106 43962.248    44026.146    44400.618
WARNING: Number of threads seems too high for short alignments. Use -nt AUTO to determine best number of threads.
213  TPM2u+F+ASC+R3 21875.124    108 43966.248    44032.945    44412.889
WARNING: Number of threads seems too high for short alignments. Use -nt AUTO to determine best number of threads.
221  TPM3+F        21875.454    104 43958.909    44020.085    44389.007
WARNING: Number of threads seems too high for short alignments. Use -nt AUTO to determine best number of threads.
222  TPM3+F+ASC    21875.441    104 43958.883    44020.059    44388.982
WARNING: Number of threads seems too high for short alignments. Use -nt AUTO to determine best number of threads.
223  TPM3+F+G4     21875.525    105 43961.050    44023.578    44395.285
WARNING: Number of threads seems too high for short alignments. Use -nt AUTO to determine best number of threads.
224  TPM3+F+ASC+G4 21875.483    105 43960.966    44023.494    44395.201
WARNING: Number of threads seems too high for short alignments. Use -nt AUTO to determine best number of threads.
225  TPM3+F+R2     21875.384    106 43962.768    44026.667    44401.138
WARNING: Number of threads seems too high for short alignments. Use -nt AUTO to determine best number of threads.
226  TPM3+F+R3     21875.379    108 43966.757    44033.454    44413.398
WARNING: Number of threads seems too high for short alignments. Use -nt AUTO to determine best number of threads.
234  TPM3+F+ASC+R2 21875.376    106 43962.752    44026.651    44401.122
WARNING: Number of threads seems too high for short alignments. Use -nt AUTO to determine best number of threads.
235  TPM3+F+ASC+R3 21875.375    108 43966.750    44033.447    44413.391
WARNING: Number of threads seems too high for short alignments. Use -nt AUTO to determine best number of threads.
243  TPM3u+F       21875.374    104 43958.749    44019.925    44388.848
WARNING: Number of threads seems too high for short alignments. Use -nt AUTO to determine best number of threads.
244  TPM3u+F+ASC   21875.374    104 43958.748    44019.925    44388.847
WARNING: Number of threads seems too high for short alignments. Use -nt AUTO to determine best number of threads.
245  TPM3u+F+G4    21875.460    105 43960.920    44023.448    44395.154
WARNING: Number of threads seems too high for short alignments. Use -nt AUTO to determine best number of threads.
246  TPM3u+F+ASC+G4 21875.460    105 43960.919    44023.447    44395.154
WARNING: Number of threads seems too high for short alignments. Use -nt AUTO to determine best number of threads.
247  TPM3u+F+R2    21875.374    106 43962.748    44026.647    44401.118
WARNING: Number of threads seems too high for short alignments. Use -nt AUTO to determine best number of threads.
248  TPM3u+F+R3    21875.374    108 43966.748    44033.445    44413.389
WARNING: Number of threads seems too high for short alignments. Use -nt AUTO to determine best number of threads.
256  TPM3u+F+ASC+R2 21875.374    106 43962.748    44026.647    44401.118
WARNING: Number of threads seems too high for short alignments. Use -nt AUTO to determine best number of threads.
257  TPM3u+F+ASC+R3 21875.374    108 43966.748    44033.445    44413.389
WARNING: Number of threads seems too high for short alignments. Use -nt AUTO to determine best number of threads.
265  TIMe          22738.167    102 45680.333    45738.863    46102.161
WARNING: Number of threads seems too high for short alignments. Use -nt AUTO to determine best number of threads.
266  TIMe+ASC      22738.156    102 45680.313    45738.842    46102.141
WARNING: Number of threads seems too high for short alignments. Use -nt AUTO to determine best number of threads.
267  TIMe+G4       22738.250    103 45682.500    45742.343    46108.463
WARNING: Number of threads seems too high for short alignments. Use -nt AUTO to determine best number of threads.
268  TIMe+ASC+G4   22738.248    103 45682.497    45742.341    46108.460
WARNING: Number of threads seems too high for short alignments. Use -nt AUTO to determine best number of threads.
269  TIMe+R2       22738.151    104 45684.303    45745.479    46114.402
WARNING: Number of threads seems too high for short alignments. Use -nt AUTO to determine best number of threads.
270  TIMe+R3       22738.151    106 45688.302    45752.200    46126.672
WARNING: Number of threads seems too high for short alignments. Use -nt AUTO to determine best number of threads.
278  TIMe+ASC+R2   22738.149    104 45684.299    45745.475    46114.398
WARNING: Number of threads seems too high for short alignments. Use -nt AUTO to determine best number of threads.
279  TIMe+ASC+R3   22738.148    106 45688.297    45752.195    46126.667
WARNING: Number of threads seems too high for short alignments. Use -nt AUTO to determine best number of threads.
287  TIM+F         21875.230    105 43960.460    44022.988    44394.695
WARNING: Number of threads seems too high for short alignments. Use -nt AUTO to determine best number of threads.
288  TIM+F+ASC     21875.214    105 43960.427    44022.955    44394.661
WARNING: Number of threads seems too high for short alignments. Use -nt AUTO to determine best number of threads.
289  TIM+F+G4      21875.223    106 43962.447    44026.345    44400.817
WARNING: Number of threads seems too high for short alignments. Use -nt AUTO to determine best number of threads.
290  TIM+F+ASC+G4  21875.206    106 43962.413    44026.311    44400.782
WARNING: Number of threads seems too high for short alignments. Use -nt AUTO to determine best number of threads.
291  TIM+F+R2      21875.111    107 43964.221    44029.510    44406.727
WARNING: Number of threads seems too high for short alignments. Use -nt AUTO to determine best number of threads.
292  TIM+F+R3      21875.107    109 43968.213    44036.338    44418.990
WARNING: Number of threads seems too high for short alignments. Use -nt AUTO to determine best number of threads.
300  TIM+F+ASC+R2  21875.105    107 43964.209    44029.497    44406.715
WARNING: Number of threads seems too high for short alignments. Use -nt AUTO to determine best number of threads.
301  TIM+F+ASC+R3  21875.103    109 43968.207    44036.332    44418.984
WARNING: Number of threads seems too high for short alignments. Use -nt AUTO to determine best number of threads.
309  TIM2e         23125.070    102 46454.141    46512.670    46875.968
WARNING: Number of threads seems too high for short alignments. Use -nt AUTO to determine best number of threads.
310  TIM2e+ASC     23125.033    102 46454.067    46512.596    46875.894
WARNING: Number of threads seems too high for short alignments. Use -nt AUTO to determine best number of threads.
311  TIM2e+G4      23124.264    103 46454.528    46514.371    46880.491
WARNING: Number of threads seems too high for short alignments. Use -nt AUTO to determine best number of threads.
312  TIM2e+ASC+G4  23124.261    103 46454.522    46514.366    46880.485
WARNING: Number of threads seems too high for short alignments. Use -nt AUTO to determine best number of threads.
313  TIM2e+R2      23125.018    104 46458.035    46519.212    46888.134
WARNING: Number of threads seems too high for short alignments. Use -nt AUTO to determine best number of threads.
314  TIM2e+R3      23125.016    106 46462.032    46525.931    46900.402
WARNING: Number of threads seems too high for short alignments. Use -nt AUTO to determine best number of threads.
322  TIM2e+ASC+R2  23125.015    104 46458.030    46519.207    46888.129
WARNING: Number of threads seems too high for short alignments. Use -nt AUTO to determine best number of threads.
323  TIM2e+ASC+R3  23125.000    106 46461.999    46525.898    46900.369
WARNING: Number of threads seems too high for short alignments. Use -nt AUTO to determine best number of threads.
331  TIM2+F        21875.111    105 43960.222    44022.750    44394.456
WARNING: Number of threads seems too high for short alignments. Use -nt AUTO to determine best number of threads.
332  TIM2+F+ASC    21875.040    105 43960.080    44022.608    44394.315
WARNING: Number of threads seems too high for short alignments. Use -nt AUTO to determine best number of threads.
333  TIM2+F+G4     21875.095    106 43962.189    44026.088    44400.559
WARNING: Number of threads seems too high for short alignments. Use -nt AUTO to determine best number of threads.
334  TIM2+F+ASC+G4 21875.090    106 43962.181    44026.079    44400.551
WARNING: Number of threads seems too high for short alignments. Use -nt AUTO to determine best number of threads.
335  TIM2+F+R2     21875.003    107 43964.006    44029.294    44406.511
WARNING: Number of threads seems too high for short alignments. Use -nt AUTO to determine best number of threads.
336  TIM2+F+R3     21874.996    109 43967.993    44036.118    44418.769
WARNING: Number of threads seems too high for short alignments. Use -nt AUTO to determine best number of threads.
344  TIM2+F+ASC+R2 21874.996    107 43963.992    44029.280    44406.498
WARNING: Number of threads seems too high for short alignments. Use -nt AUTO to determine best number of threads.
345  TIM2+F+ASC+R3 21874.995    109 43967.990    44036.115    44418.767
WARNING: Number of threads seems too high for short alignments. Use -nt AUTO to determine best number of threads.
353  TIM3e         23118.162    102 46440.324    46498.854    46862.152
WARNING: Number of threads seems too high for short alignments. Use -nt AUTO to determine best number of threads.
354  TIM3e+ASC     23118.144    102 46440.289    46498.818    46862.116
WARNING: Number of threads seems too high for short alignments. Use -nt AUTO to determine best number of threads.
355  TIM3e+G4      23117.969    103 46441.937    46501.781    46867.901
WARNING: Number of threads seems too high for short alignments. Use -nt AUTO to determine best number of threads.
356  TIM3e+ASC+G4  23117.962    103 46441.925    46501.768    46867.888
WARNING: Number of threads seems too high for short alignments. Use -nt AUTO to determine best number of threads.
357  TIM3e+R2      23118.137    104 46444.274    46505.450    46874.373
WARNING: Number of threads seems too high for short alignments. Use -nt AUTO to determine best number of threads.
358  TIM3e+R3      23118.136    106 46448.273    46512.171    46886.642
WARNING: Number of threads seems too high for short alignments. Use -nt AUTO to determine best number of threads.
366  TIM3e+ASC+R2  23118.136    104 46444.271    46505.448    46874.370
WARNING: Number of threads seems too high for short alignments. Use -nt AUTO to determine best number of threads.
367  TIM3e+ASC+R3  23118.135    106 46448.270    46512.169    46886.640
WARNING: Number of threads seems too high for short alignments. Use -nt AUTO to determine best number of threads.
375  TIM3+F        21875.390    105 43960.780    44023.308    44395.014
WARNING: Number of threads seems too high for short alignments. Use -nt AUTO to determine best number of threads.
376  TIM3+F+ASC    21875.302    105 43960.603    44023.132    44394.838
WARNING: Number of threads seems too high for short alignments. Use -nt AUTO to determine best number of threads.
377  TIM3+F+G4     21875.346    106 43962.691    44026.590    44401.061
WARNING: Number of threads seems too high for short alignments. Use -nt AUTO to determine best number of threads.
378  TIM3+F+ASC+G4 21875.341    106 43962.681    44026.580    44401.051
WARNING: Number of threads seems too high for short alignments. Use -nt AUTO to determine best number of threads.
379  TIM3+F+R2     21875.253    107 43964.506    44029.794    44407.011
WARNING: Number of threads seems too high for short alignments. Use -nt AUTO to determine best number of threads.
380  TIM3+F+R3     21875.252    109 43968.504    44036.629    44419.281
WARNING: Number of threads seems too high for short alignments. Use -nt AUTO to determine best number of threads.
388  TIM3+F+ASC+R2 21875.252    107 43964.503    44029.791    44407.009
WARNING: Number of threads seems too high for short alignments. Use -nt AUTO to determine best number of threads.
389  TIM3+F+ASC+R3 21875.252    109 43968.503    44036.628    44419.280
WARNING: Number of threads seems too high for short alignments. Use -nt AUTO to determine best number of threads.
397  TVMe          22713.115    103 45632.230    45692.074    46058.193
WARNING: Number of threads seems too high for short alignments. Use -nt AUTO to determine best number of threads.
398  TVMe+ASC      22713.009    103 45632.017    45691.861    46057.981
WARNING: Number of threads seems too high for short alignments. Use -nt AUTO to determine best number of threads.
399  TVMe+G4       22712.965    104 45633.931    45695.107    46064.029
WARNING: Number of threads seems too high for short alignments. Use -nt AUTO to determine best number of threads.
400  TVMe+ASC+G4   22712.960    104 45633.920    45695.097    46064.019
WARNING: Number of threads seems too high for short alignments. Use -nt AUTO to determine best number of threads.
401  TVMe+R2       22712.972    105 45635.945    45698.473    46070.179
WARNING: Number of threads seems too high for short alignments. Use -nt AUTO to determine best number of threads.
402  TVMe+R3       22712.972    107 45639.944    45705.232    46082.449
WARNING: Number of threads seems too high for short alignments. Use -nt AUTO to determine best number of threads.
410  TVMe+ASC+R2   22712.971    105 45635.942    45698.470    46070.177
WARNING: Number of threads seems too high for short alignments. Use -nt AUTO to determine best number of threads.
411  TVMe+ASC+R3   22712.971    107 45639.942    45705.230    46082.448
WARNING: Number of threads seems too high for short alignments. Use -nt AUTO to determine best number of threads.
419  TVM+F         21875.122    106 43962.244    44026.143    44400.614
WARNING: Number of threads seems too high for short alignments. Use -nt AUTO to determine best number of threads.
420  TVM+F+ASC     21875.080    106 43962.161    44026.059    44400.531
WARNING: Number of threads seems too high for short alignments. Use -nt AUTO to determine best number of threads.
421  TVM+F+G4      21875.152    107 43964.305    44029.593    44406.810
WARNING: Number of threads seems too high for short alignments. Use -nt AUTO to determine best number of threads.
422  TVM+F+ASC+G4  21875.143    107 43964.286    44029.575    44406.792
WARNING: Number of threads seems too high for short alignments. Use -nt AUTO to determine best number of threads.
423  TVM+F+R2      21875.051    108 43966.101    44032.798    44412.742
WARNING: Number of threads seems too high for short alignments. Use -nt AUTO to determine best number of threads.
424  TVM+F+R3      21875.048    110 43970.097    44039.669    44425.009
WARNING: Number of threads seems too high for short alignments. Use -nt AUTO to determine best number of threads.
432  TVM+F+ASC+R2  21875.047    108 43966.094    44032.791    44412.735
WARNING: Number of threads seems too high for short alignments. Use -nt AUTO to determine best number of threads.
433  TVM+F+ASC+R3  21875.046    110 43970.092    44039.664    44425.004
WARNING: Number of threads seems too high for short alignments. Use -nt AUTO to determine best number of threads.
441  SYM           22713.230    104 45634.461    45695.637    46064.560
WARNING: Number of threads seems too high for short alignments. Use -nt AUTO to determine best number of threads.
442  SYM+ASC       22713.217    104 45634.434    45695.611    46064.533
WARNING: Number of threads seems too high for short alignments. Use -nt AUTO to determine best number of threads.
443  SYM+G4        22713.198    105 45636.396    45698.924    46070.630
WARNING: Number of threads seems too high for short alignments. Use -nt AUTO to determine best number of threads.
444  SYM+ASC+G4    22713.191    105 45636.381    45698.910    46070.616
WARNING: Number of threads seems too high for short alignments. Use -nt AUTO to determine best number of threads.
445  SYM+R2        22713.189    106 45638.379    45702.277    46076.749
WARNING: Number of threads seems too high for short alignments. Use -nt AUTO to determine best number of threads.
446  SYM+R3        22713.184    108 45642.368    45709.065    46089.009
WARNING: Number of threads seems too high for short alignments. Use -nt AUTO to determine best number of threads.
454  SYM+ASC+R2    22713.177    106 45638.354    45702.253    46076.724
WARNING: Number of threads seems too high for short alignments. Use -nt AUTO to determine best number of threads.
455  SYM+ASC+R3    22713.173    108 45642.346    45709.043    46088.987
WARNING: Number of threads seems too high for short alignments. Use -nt AUTO to determine best number of threads.
463  GTR+F         21875.041    107 43964.083    44029.371    44406.588
WARNING: Number of threads seems too high for short alignments. Use -nt AUTO to determine best number of threads.
464  GTR+F+ASC     21874.986    107 43963.972    44029.260    44406.478
WARNING: Number of threads seems too high for short alignments. Use -nt AUTO to determine best number of threads.
465  GTR+F+G4      21875.059    108 43966.119    44032.815    44412.760
WARNING: Number of threads seems too high for short alignments. Use -nt AUTO to determine best number of threads.
466  GTR+F+ASC+G4  21875.049    108 43966.098    44032.795    44412.739
WARNING: Number of threads seems too high for short alignments. Use -nt AUTO to determine best number of threads.
467  GTR+F+R2      21874.954    109 43967.908    44036.033    44418.685
WARNING: Number of threads seems too high for short alignments. Use -nt AUTO to determine best number of threads.
468  GTR+F+R3      21874.948    111 43971.895    44042.935    44430.943
WARNING: Number of threads seems too high for short alignments. Use -nt AUTO to determine best number of threads.
476  GTR+F+ASC+R2  21874.938    109 43967.876    44036.001    44418.652
WARNING: Number of threads seems too high for short alignments. Use -nt AUTO to determine best number of threads.
477  GTR+F+ASC+R3  21874.937    111 43971.874    44042.914    44430.922
Akaike Information Criterion:           HKY+F+ASC
Corrected Akaike Information Criterion: HKY+F+ASC
Bayesian Information Criterion:         HKY+F+ASC
Best-fit model: HKY+F+ASC chosen according to BIC

All model information printed to /Users/barba/Desktop/rggs-copmarative_genomics_2_course/session_14/phylogenetic_analysis_tutorial/iqtree_gene_trees/448_84_ar_51t.fas.model.gz
CPU time for ModelFinder: 7.179 seconds (0h:0m:7s)
Wall-clock time for ModelFinder: 1.446 seconds (0h:0m:1s)

NOTE: 0 MB RAM (0 GB) is required!
WARNING: Number of threads seems too high for short alignments. Use -nt AUTO to determine best number of threads.
Estimate model parameters (epsilon = 0.100)
1. Initial log-likelihood: -23961.759
2. Current log-likelihood: -23337.258
3. Current log-likelihood: -21929.854
4. Current log-likelihood: -21920.712
5. Current log-likelihood: -21913.551
6. Current log-likelihood: -21907.170
7. Current log-likelihood: -21901.338
8. Current log-likelihood: -21896.024
9. Current log-likelihood: -21891.440
10. Current log-likelihood: -21887.593
11. Current log-likelihood: -21884.456
12. Current log-likelihood: -21881.975
13. Current log-likelihood: -21880.130
14. Current log-likelihood: -21878.737
15. Current log-likelihood: -21877.719
16. Current log-likelihood: -21876.994
17. Current log-likelihood: -21876.490
18. Current log-likelihood: -21876.146
19. Current log-likelihood: -21875.917
20. Current log-likelihood: -21875.750
21. Current log-likelihood: -21875.647
Optimal log-likelihood: -21875.566
Rate parameters:  A-C: 1.00000  A-G: 9.72546  A-T: 1.00000  C-G: 1.00000  C-T: 9.72546  G-T: 1.00000
Base frequencies:  A: 0.109  C: 0.381  G: 0.400  T: 0.109
Parameters optimization took 21 rounds (0.052 sec)
Computing ML distances based on estimated model parameters... 0.015 sec
WARNING: Some pairwise ML distances are too long (saturated)
Computing BIONJ tree...
0.001 seconds
Log-likelihood of BIONJ tree: -21845.947
--------------------------------------------------------------------
|             INITIALIZING CANDIDATE TREE SET                      |
--------------------------------------------------------------------
Generating 98 parsimony trees... 0.223 second
Computing log-likelihood of 98 initial trees ... 0.268 seconds
Current best score: -21845.947

Do NNI search on 20 best initial trees
Estimate model parameters (epsilon = 0.100)
BETTER TREE FOUND at iteration 1: -21832.095
Iteration 10 / LogL: -21837.395 / Time: 0h:0m:0s
Estimate model parameters (epsilon = 0.100)
BETTER TREE FOUND at iteration 12: -21832.051
BETTER TREE FOUND at iteration 14: -21832.051
Iteration 20 / LogL: -21837.981 / Time: 0h:0m:1s
Finish initializing candidate tree set (16)
Current best tree score: -21832.051 / CPU time: 1.196
Number of iterations: 20
--------------------------------------------------------------------
|               OPTIMIZING CANDIDATE TREE SET                      |
--------------------------------------------------------------------
Estimate model parameters (epsilon = 0.100)
BETTER TREE FOUND at iteration 21: -21831.082
Iteration 30 / LogL: -21835.398 / Time: 0h:0m:1s (0h:0m:5s left)
Iteration 40 / LogL: -21831.083 / Time: 0h:0m:2s (0h:0m:4s left)
Iteration 50 / LogL: -21831.087 / Time: 0h:0m:2s (0h:0m:3s left)
Iteration 60 / LogL: -21833.524 / Time: 0h:0m:3s (0h:0m:3s left)
Iteration 70 / LogL: -21832.109 / Time: 0h:0m:3s (0h:0m:2s left)
Iteration 80 / LogL: -21831.083 / Time: 0h:0m:3s (0h:0m:2s left)
Iteration 90 / LogL: -21831.167 / Time: 0h:0m:4s (0h:0m:1s left)
Iteration 100 / LogL: -21831.254 / Time: 0h:0m:4s (0h:0m:0s left)
Iteration 110 / LogL: -21831.429 / Time: 0h:0m:5s (0h:0m:0s left)
Iteration 120 / LogL: -21831.082 / Time: 0h:0m:5s (0h:0m:0s left)
TREE SEARCH COMPLETED AFTER 122 ITERATIONS / Time: 0h:0m:5s

--------------------------------------------------------------------
|                    FINALIZING TREE SEARCH                        |
--------------------------------------------------------------------
Performs final model parameters optimization
Estimate model parameters (epsilon = 0.010)
1. Initial log-likelihood: -21831.082
Optimal log-likelihood: -21831.082
Rate parameters:  A-C: 1.00000  A-G: 9.68795  A-T: 1.00000  C-G: 1.00000  C-T: 9.68795  G-T: 1.00000
Base frequencies:  A: 0.109  C: 0.381  G: 0.400  T: 0.109
Parameters optimization took 1 rounds (0.002 sec)
BEST SCORE FOUND : -21831.082
Total tree length: 44.875

Total number of iterations: 122
CPU time used for tree search: 27.638 sec (0h:0m:27s)
Wall-clock time used for tree search: 5.559 sec (0h:0m:5s)
Total CPU time used: 27.993 sec (0h:0m:27s)
Total wall-clock time used: 5.631 sec (0h:0m:5s)

Analysis results written to: 
  IQ-TREE report:                /Users/barba/Desktop/rggs-copmarative_genomics_2_course/session_14/phylogenetic_analysis_tutorial/iqtree_gene_trees/448_84_ar_51t.fas.iqtree
  Maximum-likelihood tree:       /Users/barba/Desktop/rggs-copmarative_genomics_2_course/session_14/phylogenetic_analysis_tutorial/iqtree_gene_trees/448_84_ar_51t.fas.treefile
  Likelihood distances:          /Users/barba/Desktop/rggs-copmarative_genomics_2_course/session_14/phylogenetic_analysis_tutorial/iqtree_gene_trees/448_84_ar_51t.fas.mldist
  Screen log file:               /Users/barba/Desktop/rggs-copmarative_genomics_2_course/session_14/phylogenetic_analysis_tutorial/iqtree_gene_trees/448_84_ar_51t.fas.log

Date and Time: Wed Dec  4 19:12:24 2024
