IQ-TREE multicore version 1.6.12 for Mac OS X 64-bit built Aug 15 2019
Developed by Bui Quang Minh, Nguyen Lam Tung, Olga Chernomor,
Heiko Schmidt, Dominik Schrempf, Michael Woodhams.

Host:    lamarck (SSE4.2, 64 GB RAM)
Command: /Users/barba/Desktop/rggs-copmarative_genomics_2_course/session_14/phylogenetic_analysis_tutorial/iqtree_gene_trees/iqtree -s /Users/barba/Desktop/rggs-copmarative_genomics_2_course/session_14/phylogenetic_analysis_tutorial/iqtree_gene_trees/448_285_ar_51t.fas -o Carcharhinidae -m MFP -nt 5
Seed:    787969 (Using SPRNG - Scalable Parallel Random Number Generator)
Time:    Wed Dec  4 19:04:38 2024
Kernel:  SSE2 - 5 threads (16 CPU cores detected)

Reading alignment file /Users/barba/Desktop/rggs-copmarative_genomics_2_course/session_14/phylogenetic_analysis_tutorial/iqtree_gene_trees/448_285_ar_51t.fas ... Fasta format detected
Alignment most likely contains DNA/RNA sequences
Alignment has 51 sequences with 1021 columns, 1021 distinct patterns
1011 parsimony-informative, 9 singleton sites, 1 constant sites
                   Gap/Ambiguity  Composition  p-value
   1  Pitheciidae          0.00%    passed     96.31%
   2  Scandentia           0.00%    passed     90.49%
   3  Erethizontidae       0.00%    passed     80.27%
   4  Capromyidae          0.00%    passed     83.26%
   5  Muridae              0.00%    passed     40.14%
   6  Castoridae           0.00%    passed     17.49%
   7  Suidae               0.00%    passed     73.05%
   8  Hippopotamidae       0.00%    passed     61.40%
   9  Hyperoodontidae      0.00%    passed     56.51%
  10  Vespertilionidae     0.00%    passed     86.12%
  11  Furipteridae         0.00%    passed     79.22%
  12  Rhinolophidae        0.00%    passed     53.26%
  13  Viverridae           0.00%    passed     98.94%
  14  Procyonidae          0.00%    passed     89.73%
  15  Myrmecophagidae      0.00%    passed     87.00%
  16  Caluromyidae         0.00%    passed     62.82%
  17  Thylacomyidae        0.00%    passed     79.12%
  18  Phalangeridae        0.00%    passed     60.50%
  19  Tityridae            0.00%    passed     60.10%
  20  Ptilonorhynchidae    0.00%    passed     75.79%
  21  Callaeatidae         0.00%    passed     22.31%
  22  Monarchidae          0.00%    passed     46.86%
  23  Malaconotidae        0.00%    passed     72.92%
  24  Certhiidae           0.00%    passed     26.43%
  25  Cinclidae            0.00%    passed     69.14%
  26  Ploceidae            0.00%    passed     44.69%
  27  Thraupidae           0.00%    passed     20.29%
  28  Alaudidae            0.00%    passed     64.06%
  29  Coraciiformes        0.00%    failed      4.99%
  30  Crocodylidae         0.00%    passed     97.79%
  31  Carettochelyidae     0.00%    passed     87.15%
  32  Kinosternidae        0.00%    passed     98.96%
  33  Anomalepididae       0.00%    passed     69.03%
  34  Loxocemidae          0.00%    passed     66.58%
  35  Natricidae           0.00%    passed     19.47%
  36  Xenosauridae         0.00%    passed     69.31%
  37  Teiidae              0.00%    passed     82.51%
  38  Eublepharidae        0.00%    passed     55.25%
  39  Dicamptodontidae     0.00%    passed     38.25%
  40  Alytidae             0.00%    passed     89.85%
  41  Heleophrynidae       0.00%    passed     73.02%
  42  Leptodactylidae      0.00%    passed      6.14%
  43  Strabomantidae       0.00%    passed     81.92%
  44  Micrixalidae         0.00%    passed     10.68%
  45  Hemisotidae          0.00%    passed     90.13%
  46  Asterophryidae       0.00%    passed     57.88%
  47  Caeciliidae2         0.00%    passed     24.80%
  48  Polypteriformes      0.00%    passed      8.11%
  49  Channichthyidae      0.00%    passed      5.27%
  50  Pseudaphritidae      0.00%    passed      6.95%
  51  Carcharhinidae       0.00%    passed      8.63%
****  TOTAL                0.00%  1 sequences failed composition chi2 test (p-value<5%; df=3)


Create initial parsimony tree by phylogenetic likelihood library (PLL)... 0.003 seconds
NOTE: ModelFinder requires 16 MB RAM!
ModelFinder will test 286 DNA models (sample size: 1021) ...
 No. Model         -LnL         df  AIC          AICc         BIC
  1  JC            32455.111    99  65108.223    65129.721    65596.148
  2  JC+I          32454.159    100 65108.318    65130.274    65601.171
  3  JC+G4         32424.949    100 65049.898    65071.854    65542.751
  4  JC+I+G4       32424.854    101 65051.708    65074.128    65549.491
  5  JC+R2         32424.712    101 65051.424    65073.844    65549.207
  6  JC+R3         32423.579    103 65053.157    65076.520    65560.797
 14  F81+F         32639.184    102 65482.368    65505.257    65985.079
 15  F81+F+I       32638.367    103 65482.734    65506.097    65990.373
 16  F81+F+G4      32630.566    103 65467.132    65490.495    65974.771
 17  F81+F+I+G4    32630.297    104 65468.594    65492.437    65981.162
 18  F81+F+R2      32630.240    104 65468.480    65492.323    65981.048
 19  F81+F+R3      32630.219    106 65472.438    65497.257    65994.863
 27  K2P           31062.705    100 62325.410    62347.367    62818.264
 28  K2P+I         31061.523    101 62325.045    62347.465    62822.827
 29  K2P+G4        31018.292    101 62238.584    62261.004    62736.366
 30  K2P+I+G4      31018.196    102 62240.391    62263.280    62743.102
 31  K2P+R2        31017.104    102 62238.208    62261.097    62740.919
 32  K2P+R3        31016.861    104 62241.723    62265.565    62754.291
 40  HKY+F         29167.998    103 58541.996    58565.359    59049.635
 41  HKY+F+I       29167.895    104 58543.791    58567.634    59056.359
 42  HKY+F+G4      29168.102    104 58544.204    58568.046    59056.772
 43  HKY+F+I+G4    29168.006    105 58546.012    58570.340    59063.509
 44  HKY+F+R2      29168.256    105 58546.512    58570.840    59064.009
 45  HKY+F+R3      29168.181    107 58550.363    58575.677    59077.716
 53  TNe           31062.338    101 62326.676    62349.096    62824.458
 54  TNe+I         31061.088    102 62326.176    62349.065    62828.887
 55  TNe+G4        31018.174    102 62240.349    62263.237    62743.059
 56  TNe+I+G4      31018.063    103 62242.125    62265.489    62749.765
 57  TNe+R2        31016.694    103 62239.387    62262.750    62747.027
 58  TNe+R3        31016.503    105 62243.006    62267.334    62760.503
 66  TN+F          29166.572    104 58541.144    58564.987    59053.712
 67  TN+F+I        29166.435    105 58542.870    58567.198    59060.366
 68  TN+F+G4       29166.685    105 58543.370    58567.698    59060.866
 69  TN+F+I+G4     29166.555    106 58545.109    58569.927    59067.534
 70  TN+F+R2       29166.827    106 58545.653    58570.472    59068.078
 71  TN+F+R3       29166.746    108 58549.493    58575.309    59081.775
 79  K3P           30691.245    101 61584.489    61606.909    62082.271
 80  K3P+I         30690.120    102 61584.241    61607.130    62086.952
 81  K3P+G4        30646.426    102 61496.853    61519.742    61999.564
 82  K3P+I+G4      30646.339    103 61498.678    61522.041    62006.317
 83  K3P+R2        30644.848    103 61495.696    61519.059    62003.335
 84  K3P+R3        30644.662    105 61499.324    61523.652    62016.820
 92  K3Pu+F        29166.112    104 58540.224    58564.067    59052.792
 93  K3Pu+F+I      29166.015    105 58542.030    58566.358    59059.527
 94  K3Pu+F+G4     29166.197    105 58542.393    58566.721    59059.890
 95  K3Pu+F+I+G4   29166.118    106 58544.237    58569.055    59066.662
 96  K3Pu+F+R2     29166.366    106 58544.733    58569.551    59067.158
 97  K3Pu+F+R3     29166.298    108 58548.597    58574.413    59080.879
105  TPM2+F        29167.713    104 58543.425    58567.268    59055.993
106  TPM2+F+I      29167.611    105 58545.222    58569.550    59062.719
107  TPM2+F+G4     29167.814    105 58545.629    58569.957    59063.125
108  TPM2+F+I+G4   29167.719    106 58547.438    58572.256    59069.863
109  TPM2+F+R2     29167.933    106 58547.865    58572.684    59070.290
110  TPM2+F+R3     29167.848    108 58551.696    58577.512    59083.978
118  TPM2u+F       29167.711    104 58543.422    58567.265    59055.990
119  TPM2u+F+I     29167.611    105 58545.222    58569.550    59062.718
120  TPM2u+F+G4    29167.814    105 58545.628    58569.956    59063.125
121  TPM2u+F+I+G4  29167.719    106 58547.437    58572.256    59069.862
122  TPM2u+F+R2    29167.883    106 58547.765    58572.583    59070.190
123  TPM2u+F+R3    29167.806    108 58551.612    58577.428    59083.894
131  TPM3+F        29167.972    104 58543.945    58567.788    59056.513
132  TPM3+F+I      29167.848    105 58545.697    58570.025    59063.193
133  TPM3+F+G4     29168.048    105 58546.096    58570.424    59063.592
134  TPM3+F+I+G4   29167.957    106 58547.913    58572.732    59070.338
135  TPM3+F+R2     29168.079    106 58548.158    58572.976    59070.583
136  TPM3+F+R3     29168.010    108 58552.021    58577.837    59084.303
144  TPM3u+F       29167.944    104 58543.888    58567.731    59056.456
145  TPM3u+F+I     29167.848    105 58545.696    58570.024    59063.193
146  TPM3u+F+G4    29168.048    105 58546.096    58570.424    59063.592
147  TPM3u+F+I+G4  29167.957    106 58547.913    58572.732    59070.338
148  TPM3u+F+R2    29168.049    106 58548.099    58572.917    59070.524
149  TPM3u+F+R3    29167.992    108 58551.983    58577.799    59084.265
157  TIMe          30690.925    102 61585.850    61608.739    62088.561
158  TIMe+I        30689.739    103 61585.479    61608.842    62093.118
159  TIMe+G4       30646.382    103 61498.763    61522.126    62006.403
160  TIMe+I+G4     30646.273    104 61500.545    61524.388    62013.113
161  TIMe+R2       30644.610    104 61497.220    61521.063    62009.788
162  TIMe+R3       30644.522    106 61501.043    61525.861    62023.468
170  TIM+F         29164.684    105 58539.369    58563.697    59056.865
171  TIM+F+I       29164.541    106 58541.082    58565.901    59063.507
172  TIM+F+G4      29164.784    106 58541.568    58566.386    59063.993
173  TIM+F+I+G4    29164.676    107 58543.352    58568.666    59070.705
174  TIM+F+R2      29164.922    107 58543.843    58569.158    59071.197
175  TIM+F+R3      29164.856    109 58547.712    58574.034    59084.922
183  TIM2e         30896.506    102 61997.012    62019.901    62499.723
184  TIM2e+I       30895.681    103 61997.362    62020.725    62505.001
185  TIM2e+G4      30825.533    103 61857.066    61880.429    62364.706
186  TIM2e+I+G4    30825.563    104 61859.126    61882.969    62371.694
187  TIM2e+R2      30822.098    104 61852.196    61876.038    62364.764
188  TIM2e+R3      30821.928    106 61855.856    61880.674    62378.281
196  TIM2+F        29166.267    105 58542.534    58566.862    59060.030
197  TIM2+F+I      29166.126    106 58544.253    58569.071    59066.678
198  TIM2+F+G4     29166.390    106 58544.779    58569.598    59067.204
199  TIM2+F+I+G4   29166.264    107 58546.528    58571.843    59073.882
200  TIM2+F+R2     29166.534    107 58547.068    58572.382    59074.421
201  TIM2+F+R3     29166.458    109 58550.915    58577.238    59088.126
209  TIM3e         30876.061    102 61956.121    61979.010    62458.832
210  TIM3e+I       30874.171    103 61954.343    61977.706    62461.982
211  TIM3e+G4      30809.017    103 61824.034    61847.397    62331.673
212  TIM3e+I+G4    30808.735    104 61825.470    61849.312    62338.038
213  TIM3e+R2      30804.236    104 61816.472    61840.315    62329.040
214  TIM3e+R3      30804.137    106 61820.275    61845.093    62342.700
222  TIM3+F        29166.524    105 58543.048    58567.376    59060.544
223  TIM3+F+I      29166.393    106 58544.786    58569.604    59067.211
224  TIM3+F+G4     29166.640    106 58545.280    58570.098    59067.705
225  TIM3+F+I+G4   29166.511    107 58547.023    58572.337    59074.376
226  TIM3+F+R2     29166.786    107 58547.572    58572.887    59074.926
227  TIM3+F+R3     29166.714    109 58551.427    58577.750    59088.638
235  TVMe          30607.152    103 61420.304    61443.667    61927.943
236  TVMe+I        30605.774    104 61419.548    61443.391    61932.116
237  TVMe+G4       30527.584    104 61263.168    61287.011    61775.736
238  TVMe+I+G4     30527.566    105 61265.132    61289.460    61782.628
239  TVMe+R2       30517.147    105 61244.295    61268.623    61761.791
240  TVMe+R3       30517.047    107 61248.094    61273.409    61775.448
248  TVM+F         29164.552    106 58541.104    58565.922    59063.529
249  TVM+F+I       29164.451    107 58542.903    58568.217    59070.256
250  TVM+F+G4      29164.662    107 58543.324    58568.638    59070.677
251  TVM+F+I+G4    29164.572    108 58545.145    58570.960    59077.427
252  TVM+F+R2      29164.862    108 58545.725    58571.541    59078.007
253  TVM+F+R3      29164.718    110 58549.435    58576.271    59091.575
261  SYM           30606.920    104 61421.840    61445.683    61934.408
262  SYM+I         30605.514    105 61421.027    61445.355    61938.524
263  SYM+G4        30527.546    105 61265.092    61289.420    61782.588
264  SYM+I+G4      30527.517    106 61267.035    61291.853    61789.460
265  SYM+R2        30516.904    106 61245.808    61270.626    61768.233
266  SYM+R3        30516.895    108 61249.789    61275.605    61782.071
274  GTR+F         29163.142    107 58540.284    58565.599    59067.638
275  GTR+F+I       29163.010    108 58542.020    58567.836    59074.302
276  GTR+F+G4      29163.263    108 58542.527    58568.343    59074.809
277  GTR+F+I+G4    29163.132    109 58544.263    58570.586    59081.474
278  GTR+F+R2      29163.435    109 58544.870    58571.192    59082.080
279  GTR+F+R3      29163.313    111 58548.625    58575.979    59095.693
Akaike Information Criterion:           TIM+F
Corrected Akaike Information Criterion: TIM+F
Bayesian Information Criterion:         HKY+F
Best-fit model: HKY+F chosen according to BIC

All model information printed to /Users/barba/Desktop/rggs-copmarative_genomics_2_course/session_14/phylogenetic_analysis_tutorial/iqtree_gene_trees/448_285_ar_51t.fas.model.gz
CPU time for ModelFinder: 26.032 seconds (0h:0m:26s)
Wall-clock time for ModelFinder: 5.234 seconds (0h:0m:5s)

NOTE: 1 MB RAM (0 GB) is required!
Estimate model parameters (epsilon = 0.100)
1. Initial log-likelihood: -32868.174
2. Current log-likelihood: -31666.409
3. Current log-likelihood: -29943.491
4. Current log-likelihood: -29647.056
5. Current log-likelihood: -29349.583
6. Current log-likelihood: -29203.730
7. Current log-likelihood: -29172.364
8. Current log-likelihood: -29168.420
9. Current log-likelihood: -29168.043
Optimal log-likelihood: -29167.998
Rate parameters:  A-C: 1.00000  A-G: 9.90193  A-T: 1.00000  C-G: 1.00000  C-T: 9.90193  G-T: 1.00000
Base frequencies:  A: 0.095  C: 0.404  G: 0.405  T: 0.096
Parameters optimization took 9 rounds (0.039 sec)
Computing ML distances based on estimated model parameters... 0.010 sec
Computing BIONJ tree...
0.001 seconds
Log-likelihood of BIONJ tree: -29169.309
--------------------------------------------------------------------
|             INITIALIZING CANDIDATE TREE SET                      |
--------------------------------------------------------------------
Generating 98 parsimony trees... 0.328 second
Computing log-likelihood of 98 initial trees ... 0.322 seconds
Current best score: -29152.436

Do NNI search on 20 best initial trees
Estimate model parameters (epsilon = 0.100)
BETTER TREE FOUND at iteration 1: -29142.910
Estimate model parameters (epsilon = 0.100)
BETTER TREE FOUND at iteration 5: -29140.588
Iteration 10 / LogL: -29142.979 / Time: 0h:0m:0s
Iteration 20 / LogL: -29142.902 / Time: 0h:0m:1s
Finish initializing candidate tree set (2)
Current best tree score: -29140.588 / CPU time: 1.029
Number of iterations: 20
--------------------------------------------------------------------
|               OPTIMIZING CANDIDATE TREE SET                      |
--------------------------------------------------------------------
Iteration 30 / LogL: -29167.988 / Time: 0h:0m:1s (0h:0m:3s left)
Estimate model parameters (epsilon = 0.100)
UPDATE BEST LOG-LIKELIHOOD: -29140.556
Iteration 40 / LogL: -29140.608 / Time: 0h:0m:1s (0h:0m:2s left)
UPDATE BEST LOG-LIKELIHOOD: -29140.556
Iteration 50 / LogL: -29142.945 / Time: 0h:0m:2s (0h:0m:2s left)
Iteration 60 / LogL: -29141.219 / Time: 0h:0m:2s (0h:0m:1s left)
Iteration 70 / LogL: -29143.217 / Time: 0h:0m:2s (0h:0m:1s left)
UPDATE BEST LOG-LIKELIHOOD: -29140.556
Iteration 80 / LogL: -29143.042 / Time: 0h:0m:3s (0h:0m:0s left)
Iteration 90 / LogL: -29140.650 / Time: 0h:0m:3s (0h:0m:0s left)
Iteration 100 / LogL: -29142.900 / Time: 0h:0m:3s (0h:0m:0s left)
TREE SEARCH COMPLETED AFTER 106 ITERATIONS / Time: 0h:0m:3s

--------------------------------------------------------------------
|                    FINALIZING TREE SEARCH                        |
--------------------------------------------------------------------
Performs final model parameters optimization
Estimate model parameters (epsilon = 0.010)
1. Initial log-likelihood: -29140.556
Optimal log-likelihood: -29140.556
Rate parameters:  A-C: 1.00000  A-G: 10.00581  A-T: 1.00000  C-G: 1.00000  C-T: 10.00581  G-T: 1.00000
Base frequencies:  A: 0.095  C: 0.404  G: 0.405  T: 0.096
Parameters optimization took 1 rounds (0.003 sec)
BEST SCORE FOUND : -29140.556
Total tree length: 13.659

Total number of iterations: 106
CPU time used for tree search: 18.830 sec (0h:0m:18s)
Wall-clock time used for tree search: 3.874 sec (0h:0m:3s)
Total CPU time used: 19.145 sec (0h:0m:19s)
Total wall-clock time used: 3.933 sec (0h:0m:3s)

Analysis results written to: 
  IQ-TREE report:                /Users/barba/Desktop/rggs-copmarative_genomics_2_course/session_14/phylogenetic_analysis_tutorial/iqtree_gene_trees/448_285_ar_51t.fas.iqtree
  Maximum-likelihood tree:       /Users/barba/Desktop/rggs-copmarative_genomics_2_course/session_14/phylogenetic_analysis_tutorial/iqtree_gene_trees/448_285_ar_51t.fas.treefile
  Likelihood distances:          /Users/barba/Desktop/rggs-copmarative_genomics_2_course/session_14/phylogenetic_analysis_tutorial/iqtree_gene_trees/448_285_ar_51t.fas.mldist
  Screen log file:               /Users/barba/Desktop/rggs-copmarative_genomics_2_course/session_14/phylogenetic_analysis_tutorial/iqtree_gene_trees/448_285_ar_51t.fas.log

Date and Time: Wed Dec  4 19:04:47 2024
